  Creating makefile for hot reloading PuzzlePlatformsEditor (no existing makefile)
  Compiling game modules for hot reload
  Parsing headers for PuzzlePlatformsEditor
    Running UnrealHeaderTool "E:\gitmaybe\UnrealProjects\MenuSystem\PuzzlePlatforms\PuzzlePlatforms.uproject" "E:\gitmaybe\UnrealProjects\MenuSystem\PuzzlePlatforms\Intermediate\Build\Win64\PuzzlePlatformsEditor\Development\PuzzlePlatformsEditor.uhtmanifest" -LogCmds="loginit warning, logexit warning, logdatabase error" -Unattended -WarningsAsErrors -installed
  Reflection code generated for PuzzlePlatformsEditor in 11.3760327 seconds
  Performing 14 actions (4 in parallel)
  MovingPlatform.gen.cpp
  PlatformTrigger.cpp
  PuzzlePlatforms.cpp
  MovingPlatform.cpp
  PuzzlePlatformsCharacter.cpp
  PuzzlePlatformsGameInstance.cpp
  PuzzlePlatformsGameMode.cpp
  PlatformTrigger.gen.cpp
  PuzzlePlatforms.init.gen.cpp
  PuzzlePlatformsCharacter.gen.cpp
  PuzzlePlatformsGameInstance.gen.cpp
  PuzzlePlatformsGameMode.gen.cpp
  [13/14] Link UE4Editor-PuzzlePlatforms-8759.dll
  [14/14] Link UE4Editor-PuzzlePlatforms-8759.lib
     Creating library E:\gitmaybe\UnrealProjects\MenuSystem\PuzzlePlatforms\Intermediate\Build\Win64\UE4Editor\Development\UE4Editor-PuzzlePlatforms-8759.lib and object E:\gitmaybe\UnrealProjects\MenuSystem\PuzzlePlatforms\Intermediate\Build\Win64\UE4Editor\Development\UE4Editor-PuzzlePlatforms-8759.exp
     Creating library E:\gitmaybe\UnrealProjects\MenuSystem\PuzzlePlatforms\Intermediate\Build\Win64\UE4Editor\Development\UE4Editor-PuzzlePlatforms-8759.suppressed.lib and object E:\gitmaybe\UnrealProjects\MenuSystem\PuzzlePlatforms\Intermediate\Build\Win64\UE4Editor\Development\UE4Editor-PuzzlePlatforms-8759.suppressed.exp
  Deploying PuzzlePlatformsEditor Win64 Development...
  Total build time: 29.66 seconds (Local executor: 3.54 seconds)
