Log file open, 03/04/18 22:28:49
LogWindows: Failed to load 'aqProf.dll' (GetLastError=126)
LogWindows: File 'aqProf.dll' does not exist
LogWindows: Failed to load 'VtuneApi.dll' (GetLastError=126)
LogWindows: File 'VtuneApi.dll' does not exist
LogWindows: Failed to load 'VtuneApi32e.dll' (GetLastError=126)
LogWindows: File 'VtuneApi32e.dll' does not exist
LogInit: Display: Running engine for game: PuzzlePlatforms
LogPlatformFile: Not using cached read wrapper
LogInit: Display: RandInit(-396567661) SRandInit(-396567661).
LogInit: Read version file with build ID '3709383'
LogInit: Overriding engine version to CL 3832480, compatible CL 3709383
LogInit: Registered custom module enumerator with build ID '3709383'
LogTaskGraph: Started task graph with 5 named threads and 14 total threads with 3 sets of task threads.
LogStats: Stats thread started at 0.194889
LogD3D11RHI: Aftermath initialized
LogPluginManager: Mounting plugin Paper2D
LogPluginManager: Mounting plugin LightPropagationVolume
LogPluginManager: Mounting plugin CodeLiteSourceCodeAccess
LogPluginManager: Mounting plugin GitSourceControl
LogPluginManager: Mounting plugin KDevelopSourceCodeAccess
LogPluginManager: Mounting plugin NullSourceCodeAccess
LogPluginManager: Mounting plugin PerforceSourceControl
LogPluginManager: Mounting plugin SubversionSourceControl
LogPluginManager: Mounting plugin UObjectPlugin
LogPluginManager: Mounting plugin VisualStudioCodeSourceCodeAccess
LogPluginManager: Mounting plugin VisualStudioSourceCodeAccess
LogPluginManager: Mounting plugin XCodeSourceCodeAccess
LogPluginManager: Mounting plugin AssetManagerEditor
LogPluginManager: Mounting plugin AudioCapture
LogPluginManager: Mounting plugin FacialAnimation
LogPluginManager: Mounting plugin GameplayTagsEditor
LogPluginManager: Mounting plugin MobileLauncherProfileWizard
LogPluginManager: Mounting plugin PluginBrowser
LogPluginManager: Mounting plugin SpeedTreeImporter
LogPluginManager: Mounting plugin AlembicImporter
LogPluginManager: Mounting plugin CharacterAI
LogPluginManager: Mounting plugin HTML5Networking
LogPluginManager: Mounting plugin AndroidMedia
LogPluginManager: Mounting plugin AvfMedia
LogPluginManager: Mounting plugin ImgMedia
LogPluginManager: Mounting plugin MediaCompositing
LogPluginManager: Mounting plugin MediaPlayerEditor
LogPluginManager: Mounting plugin WmfMedia
LogPluginManager: Mounting plugin TcpMessaging
LogPluginManager: Mounting plugin UdpMessaging
LogPluginManager: Mounting plugin ActorSequence
LogPluginManager: Mounting plugin LevelSequenceEditor
LogPluginManager: Mounting plugin MatineeToLevelSequence
LogPluginManager: Mounting plugin OnlineSubsystemGooglePlay
LogPluginManager: Mounting plugin OnlineSubsystemIOS
LogPluginManager: Mounting plugin OnlineSubsystem
LogPluginManager: Mounting plugin OnlineSubsystemNull
LogPluginManager: Mounting plugin OnlineSubsystemUtils
LogPluginManager: Mounting plugin AndroidDeviceProfileSelector
LogPluginManager: Mounting plugin AndroidMoviePlayer
LogPluginManager: Mounting plugin AndroidPermission
LogPluginManager: Mounting plugin AppleARKit
LogPluginManager: Mounting plugin AppleMoviePlayer
LogPluginManager: Mounting plugin ArchVisCharacter
LogPluginManager: Mounting plugin CableComponent
LogPluginManager: Mounting plugin CustomMeshComponent
LogPluginManager: Mounting plugin ExampleDeviceProfileSelector
LogPluginManager: Mounting plugin GoogleCloudMessaging
LogPluginManager: Mounting plugin ImmediatePhysics
LogPluginManager: Mounting plugin IOSDeviceProfileSelector
LogPluginManager: Mounting plugin LinuxDeviceProfileSelector
LogPluginManager: Mounting plugin LocationServicesBPLibrary
LogPluginManager: Mounting plugin MobilePatchingUtils
LogPluginManager: Mounting plugin OculusVR
LogPluginManager: Plugin shader directory ../../../Engine/Plugins/Runtime/Oculus/OculusVR/Shaders found
LogPluginManager: Mapping shader source directory ../../../Engine/Plugins/Runtime/Oculus/OculusVR/Shaders to virtual directory /Plugin/OculusVR
LogPluginManager: Mounting plugin PhysXVehicles
LogPluginManager: Mounting plugin ProceduralMeshComponent
LogPluginManager: Mounting plugin RuntimePhysXCooking
LogPluginManager: Mounting plugin SteamVR
LogPluginManager: Mounting plugin WindowsMoviePlayer
LogModuleManager: Display: Found up-to-date module file ../../../../PuzzlePlatforms/Binaries/Win64/UE4Editor-PuzzlePlatforms.dll (API version 3709383).
LogModuleManager: Display: Found up-to-date module file ../../../Engine/Plugins/2D/Paper2D/Binaries/Win64/UE4Editor-Paper2D.dll (API version 3709383).
LogModuleManager: Display: Found up-to-date module file ../../../Engine/Plugins/2D/Paper2D/Binaries/Win64/UE4Editor-Paper2DEditor.dll (API version 3709383).
LogModuleManager: Display: Found up-to-date module file ../../../Engine/Plugins/2D/Paper2D/Binaries/Win64/UE4Editor-PaperSpriteSheetImporter.dll (API version 3709383).
LogModuleManager: Display: Found up-to-date module file ../../../Engine/Plugins/2D/Paper2D/Binaries/Win64/UE4Editor-PaperTiledImporter.dll (API version 3709383).
LogModuleManager: Display: Found up-to-date module file ../../../Engine/Plugins/2D/Paper2D/Binaries/Win64/UE4Editor-SmartSnapping.dll (API version 3709383).
LogModuleManager: Display: Found up-to-date module file ../../../Engine/Plugins/Blendables/LightPropagationVolume/Binaries/Win64/UE4Editor-LightPropagationVolumeRuntime.dll (API version 3709383).
LogModuleManager: Display: Found up-to-date module file ../../../Engine/Plugins/Blendables/LightPropagationVolume/Binaries/Win64/UE4Editor-LightPropagationVolumeEditor.dll (API version 3709383).
LogModuleManager: Display: Found up-to-date module file ../../../Engine/Plugins/Developer/GitSourceControl/Binaries/Win64/UE4Editor-GitSourceControl.dll (API version 3709383).
LogModuleManager: Display: Found up-to-date module file ../../../Engine/Plugins/Developer/PerforceSourceControl/Binaries/Win64/UE4Editor-PerforceSourceControl.dll (API version 3709383).
LogModuleManager: Display: Found up-to-date module file ../../../Engine/Plugins/Developer/SubversionSourceControl/Binaries/Win64/UE4Editor-SubversionSourceControl.dll (API version 3709383).
LogModuleManager: Display: Found up-to-date module file ../../../Engine/Plugins/Developer/UObjectPlugin/Binaries/Win64/UE4Editor-UObjectPlugin.dll (API version 3709383).
LogModuleManager: Display: Found up-to-date module file ../../../Engine/Plugins/Developer/VisualStudioCodeSourceCodeAccess/Binaries/Win64/UE4Editor-VisualStudioCodeSourceCodeAccess.dll (API version 3709383).
LogModuleManager: Display: Found up-to-date module file ../../../Engine/Plugins/Developer/VisualStudioSourceCodeAccess/Binaries/Win64/UE4Editor-VisualStudioSourceCodeAccess.dll (API version 3709383).
LogModuleManager: Display: Found up-to-date module file ../../../Engine/Plugins/Editor/AssetManagerEditor/Binaries/Win64/UE4Editor-AssetManagerEditor.dll (API version 3709383).
LogModuleManager: Display: Found up-to-date module file ../../../Engine/Plugins/Editor/AudioCapture/Binaries/Win64/UE4Editor-AudioCapture.dll (API version 3709383).
LogModuleManager: Display: Found up-to-date module file ../../../Engine/Plugins/Editor/FacialAnimation/Binaries/Win64/UE4Editor-FacialAnimation.dll (API version 3709383).
LogModuleManager: Display: Found up-to-date module file ../../../Engine/Plugins/Editor/FacialAnimation/Binaries/Win64/UE4Editor-FacialAnimationEditor.dll (API version 3709383).
LogModuleManager: Display: Found up-to-date module file ../../../Engine/Plugins/Editor/GameplayTagsEditor/Binaries/Win64/UE4Editor-GameplayTagsEditor.dll (API version 3709383).
LogModuleManager: Display: Found up-to-date module file ../../../Engine/Plugins/Editor/MobileLauncherProfileWizard/Binaries/Win64/UE4Editor-MobileLauncherProfileWizard.dll (API version 3709383).
LogModuleManager: Display: Found up-to-date module file ../../../Engine/Plugins/Editor/PluginBrowser/Binaries/Win64/UE4Editor-PluginBrowser.dll (API version 3709383).
LogModuleManager: Display: Found up-to-date module file ../../../Engine/Plugins/Editor/SpeedTreeImporter/Binaries/Win64/UE4Editor-SpeedTreeImporter.dll (API version 3709383).
LogModuleManager: Display: Found up-to-date module file ../../../Engine/Plugins/Experimental/AlembicImporter/Binaries/Win64/UE4Editor-AlembicImporter.dll (API version 3709383).
LogModuleManager: Display: Found up-to-date module file ../../../Engine/Plugins/Experimental/AlembicImporter/Binaries/Win64/UE4Editor-AlembicLibrary.dll (API version 3709383).
LogModuleManager: Display: Found up-to-date module file ../../../Engine/Plugins/Experimental/CharacterAI/Binaries/Win64/UE4Editor-CharacterAI.dll (API version 3709383).
LogModuleManager: Display: Found up-to-date module file ../../../Engine/Plugins/Experimental/HTML5Networking/Binaries/Win64/UE4Editor-HTML5Networking.dll (API version 3709383).
LogModuleManager: Display: Found up-to-date module file ../../../Engine/Plugins/Media/AndroidMedia/Binaries/Win64/UE4Editor-AndroidMediaEditor.dll (API version 3709383).
LogModuleManager: Display: Found up-to-date module file ../../../Engine/Plugins/Media/AndroidMedia/Binaries/Win64/UE4Editor-AndroidMediaFactory.dll (API version 3709383).
LogModuleManager: Display: Found up-to-date module file ../../../Engine/Plugins/Media/AvfMedia/Binaries/Win64/UE4Editor-AvfMediaEditor.dll (API version 3709383).
LogModuleManager: Display: Found up-to-date module file ../../../Engine/Plugins/Media/AvfMedia/Binaries/Win64/UE4Editor-AvfMediaFactory.dll (API version 3709383).
LogModuleManager: Display: Found up-to-date module file ../../../Engine/Plugins/Media/AvfMedia/Binaries/Win64/UE4Editor-AvfMediaFactory.dll (API version 3709383).
LogModuleManager: Display: Found up-to-date module file ../../../Engine/Plugins/Media/ImgMedia/Binaries/Win64/UE4Editor-ImgMedia.dll (API version 3709383).
LogModuleManager: Display: Found up-to-date module file ../../../Engine/Plugins/Media/ImgMedia/Binaries/Win64/UE4Editor-ImgMediaEditor.dll (API version 3709383).
LogModuleManager: Display: Found up-to-date module file ../../../Engine/Plugins/Media/ImgMedia/Binaries/Win64/UE4Editor-ImgMediaFactory.dll (API version 3709383).
LogModuleManager: Display: Found up-to-date module file ../../../Engine/Plugins/Media/ImgMedia/Binaries/Win64/UE4Editor-ImgMediaFactory.dll (API version 3709383).
LogModuleManager: Display: Found up-to-date module file ../../../Engine/Plugins/Media/ImgMedia/Binaries/Win64/UE4Editor-OpenExrWrapper.dll (API version 3709383).
LogModuleManager: Display: Found up-to-date module file ../../../Engine/Plugins/Media/MediaCompositing/Binaries/Win64/UE4Editor-MediaCompositing.dll (API version 3709383).
LogModuleManager: Display: Found up-to-date module file ../../../Engine/Plugins/Media/MediaCompositing/Binaries/Win64/UE4Editor-MediaCompositingEditor.dll (API version 3709383).
LogModuleManager: Display: Found up-to-date module file ../../../Engine/Plugins/Media/MediaPlayerEditor/Binaries/Win64/UE4Editor-MediaPlayerEditor.dll (API version 3709383).
LogModuleManager: Display: Found up-to-date module file ../../../Engine/Plugins/Media/WmfMedia/Binaries/Win64/UE4Editor-WmfMedia.dll (API version 3709383).
LogModuleManager: Display: Found up-to-date module file ../../../Engine/Plugins/Media/WmfMedia/Binaries/Win64/UE4Editor-WmfMediaEditor.dll (API version 3709383).
LogModuleManager: Display: Found up-to-date module file ../../../Engine/Plugins/Media/WmfMedia/Binaries/Win64/UE4Editor-WmfMediaFactory.dll (API version 3709383).
LogModuleManager: Display: Found up-to-date module file ../../../Engine/Plugins/Media/WmfMedia/Binaries/Win64/UE4Editor-WmfMediaFactory.dll (API version 3709383).
LogModuleManager: Display: Found up-to-date module file ../../../Engine/Plugins/Messaging/TcpMessaging/Binaries/Win64/UE4Editor-TcpMessaging.dll (API version 3709383).
LogModuleManager: Display: Found up-to-date module file ../../../Engine/Plugins/Messaging/UdpMessaging/Binaries/Win64/UE4Editor-UdpMessaging.dll (API version 3709383).
LogModuleManager: Display: Found up-to-date module file ../../../Engine/Plugins/MovieScene/ActorSequence/Binaries/Win64/UE4Editor-ActorSequence.dll (API version 3709383).
LogModuleManager: Display: Found up-to-date module file ../../../Engine/Plugins/MovieScene/LevelSequenceEditor/Binaries/Win64/UE4Editor-LevelSequenceEditor.dll (API version 3709383).
LogModuleManager: Display: Found up-to-date module file ../../../Engine/Plugins/MovieScene/MatineeToLevelSequence/Binaries/Win64/UE4Editor-MatineeToLevelSequence.dll (API version 3709383).
LogModuleManager: Display: Found up-to-date module file ../../../Engine/Plugins/Online/OnlineSubsystem/Binaries/Win64/UE4Editor-OnlineSubsystem.dll (API version 3709383).
LogModuleManager: Display: Found up-to-date module file ../../../Engine/Plugins/Online/OnlineSubsystemNull/Binaries/Win64/UE4Editor-OnlineSubsystemNull.dll (API version 3709383).
LogModuleManager: Display: Found up-to-date module file ../../../Engine/Plugins/Online/OnlineSubsystemUtils/Binaries/Win64/UE4Editor-OnlineSubsystemUtils.dll (API version 3709383).
LogModuleManager: Display: Found up-to-date module file ../../../Engine/Plugins/Online/OnlineSubsystemUtils/Binaries/Win64/UE4Editor-OnlineBlueprintSupport.dll (API version 3709383).
LogModuleManager: Display: Found up-to-date module file ../../../Engine/Plugins/Runtime/AndroidDeviceProfileSelector/Binaries/Win64/UE4Editor-AndroidDeviceProfileSelector.dll (API version 3709383).
LogModuleManager: Display: Found up-to-date module file ../../../Engine/Plugins/Runtime/AndroidPermission/Binaries/Win64/UE4Editor-AndroidPermission.dll (API version 3709383).
LogModuleManager: Display: Found up-to-date module file ../../../Engine/Plugins/Runtime/AppleARKit/Binaries/Win64/UE4Editor-AppleARKit.dll (API version 3709383).
LogModuleManager: Display: Found up-to-date module file ../../../Engine/Plugins/Runtime/ArchVisCharacter/Binaries/Win64/UE4Editor-ArchVisCharacter.dll (API version 3709383).
LogModuleManager: Display: Found up-to-date module file ../../../Engine/Plugins/Runtime/CableComponent/Binaries/Win64/UE4Editor-CableComponent.dll (API version 3709383).
LogModuleManager: Display: Found up-to-date module file ../../../Engine/Plugins/Runtime/CustomMeshComponent/Binaries/Win64/UE4Editor-CustomMeshComponent.dll (API version 3709383).
LogModuleManager: Display: Found up-to-date module file ../../../Engine/Plugins/Runtime/ExampleDeviceProfileSelector/Binaries/Win64/UE4Editor-ExampleDeviceProfileSelector.dll (API version 3709383).
LogModuleManager: Display: Found up-to-date module file ../../../Engine/Plugins/Runtime/ImmediatePhysics/Binaries/Win64/UE4Editor-ImmediatePhysics.dll (API version 3709383).
LogModuleManager: Display: Found up-to-date module file ../../../Engine/Plugins/Runtime/ImmediatePhysics/Binaries/Win64/UE4Editor-ImmediatePhysicsEditor.dll (API version 3709383).
LogModuleManager: Display: Found up-to-date module file ../../../Engine/Plugins/Runtime/LocationServicesBPLibrary/Binaries/Win64/UE4Editor-LocationServicesBPLibrary.dll (API version 3709383).
LogModuleManager: Display: Found up-to-date module file ../../../Engine/Plugins/Runtime/MobilePatchingUtils/Binaries/Win64/UE4Editor-MobilePatchingUtils.dll (API version 3709383).
LogModuleManager: Display: Found up-to-date module file ../../../Engine/Plugins/Runtime/Oculus/OculusVR/Binaries/Win64/UE4Editor-OculusHMD.dll (API version 3709383).
LogModuleManager: Display: Found up-to-date module file ../../../Engine/Plugins/Runtime/Oculus/OculusVR/Binaries/Win64/UE4Editor-OculusInput.dll (API version 3709383).
LogModuleManager: Display: Found up-to-date module file ../../../Engine/Plugins/Runtime/Oculus/OculusVR/Binaries/Win64/UE4Editor-OculusEditor.dll (API version 3709383).
LogModuleManager: Display: Found up-to-date module file ../../../Engine/Plugins/Runtime/PhysXVehicles/Binaries/Win64/UE4Editor-PhysXVehicles.dll (API version 3709383).
LogModuleManager: Display: Found up-to-date module file ../../../Engine/Plugins/Runtime/PhysXVehicles/Binaries/Win64/UE4Editor-PhysXVehiclesEditor.dll (API version 3709383).
LogModuleManager: Display: Found up-to-date module file ../../../Engine/Plugins/Runtime/ProceduralMeshComponent/Binaries/Win64/UE4Editor-ProceduralMeshComponent.dll (API version 3709383).
LogModuleManager: Display: Found up-to-date module file ../../../Engine/Plugins/Runtime/ProceduralMeshComponent/Binaries/Win64/UE4Editor-ProceduralMeshComponentEditor.dll (API version 3709383).
LogModuleManager: Display: Found up-to-date module file ../../../Engine/Plugins/Runtime/RuntimePhysXCooking/Binaries/Win64/UE4Editor-RuntimePhysXCooking.dll (API version 3709383).
LogModuleManager: Display: Found up-to-date module file ../../../Engine/Plugins/Runtime/Steam/SteamVR/Binaries/Win64/UE4Editor-SteamVR.dll (API version 3709383).
LogModuleManager: Display: Found up-to-date module file ../../../Engine/Plugins/Runtime/Steam/SteamVR/Binaries/Win64/UE4Editor-SteamVRController.dll (API version 3709383).
LogModuleManager: Display: Found up-to-date module file ../../../Engine/Plugins/Runtime/WindowsMoviePlayer/Binaries/Win64/UE4Editor-WindowsMoviePlayer.dll (API version 3709383).
LogInit: Using libcurl 7.47.1
LogInit:  - built for x86_64-pc-win32
LogInit:  - supports SSL with OpenSSL/1.0.2g
LogInit:  - supports HTTP deflate (compression) using libz 1.2.8
LogInit:  - other features:
LogInit:      CURL_VERSION_SSL
LogInit:      CURL_VERSION_LIBZ
LogInit:      CURL_VERSION_IPV6
LogInit:      CURL_VERSION_ASYNCHDNS
LogInit:      CURL_VERSION_LARGEFILE
LogInit:      CURL_VERSION_IDN
LogInit:  CurlRequestOptions (configurable via config and command line):
LogInit:  - bVerifyPeer = false  - Libcurl will NOT verify peer certificate
LogInit:  - bUseHttpProxy = false  - Libcurl will NOT use HTTP proxy
LogInit:  - bDontReuseConnections = false  - Libcurl will reuse connections
LogInit:  - CertBundlePath = nullptr  - Libcurl will use whatever was configured at build time.
LogInit: Build: ++UE4+Release-4.18-CL-3832480
LogInit: Engine Version: 4.18.3-3832480+++UE4+Release-4.18
LogInit: Compatible Engine Version: 4.18.0-3709383+++UE4+Release-4.18
LogInit: Net CL: 3709383
LogDevObjectVersion: Number of dev versions registered: 16
LogDevObjectVersion:   Dev-Blueprints (B0D832E4-1F89-4F0D-ACCF-7EB736FD4AA2): 10
LogDevObjectVersion:   Dev-Build (E1C64328-A22C-4D53-A36C-8E866417BD8C): 0
LogDevObjectVersion:   Dev-Core (375EC13C-06E4-48FB-B500-84F0262A717E): 2
LogDevObjectVersion:   Dev-Editor (E4B068ED-F494-42E9-A231-DA0B2E46BB41): 20
LogDevObjectVersion:   Dev-Framework (CFFC743F-43B0-4480-9391-14DF171D2073): 30
LogDevObjectVersion:   Dev-Mobile (B02B49B5-BB20-44E9-A304-32B752E40360): 0
LogDevObjectVersion:   Dev-Networking (A4E4105C-59A1-49B5-A7C5-40C4547EDFEE): 0
LogDevObjectVersion:   Dev-Online (39C831C9-5AE6-47DC-9A44-9C173E1C8E7C): 0
LogDevObjectVersion:   Dev-Physics (78F01B33-EBEA-4F98-B9B4-84EACCB95AA2): 0
LogDevObjectVersion:   Dev-Platform (6631380F-2D4D-43E0-8009-CF276956A95A): 0
LogDevObjectVersion:   Dev-Rendering (12F88B9F-8875-4AFC-A67C-D90C383ABD29): 20
LogDevObjectVersion:   Dev-Sequencer (7B5AE74C-D270-4C10-A958-57980B212A5A): 4
LogDevObjectVersion:   Dev-VR (D7296918-1DD6-4BDD-9DE2-64A83CC13884): 0
LogDevObjectVersion:   Dev-LoadTimes (C2A15278-BFE7-4AFE-6C17-90FF531DF755): 1
LogDevObjectVersion:   Private-Geometry (6EACA3D4-40EC-4CC1-B786-8BED09428FC5): 1
LogDevObjectVersion:   Dev-AnimPhys (29E575DD-E0A3-4627-9D10-D276232CDCEA): 12
LogInit: Compiled (64-bit): Jan 12 2018 02:04:55
LogInit: Compiled with Visual C++: 19.00.24215.01
LogInit: Build Configuration: Development
LogInit: Branch Name: ++UE4+Release-4.18
LogInit: Command line: -log -game
LogInit: Base directory: E:/Unreal_Engine/UE_4.18/Engine/Binaries/Win64/
LogInit: Installed Engine Build: 1
LogInit: Presizing for max 8388607 objects, including 0 objects not considered by GC, pre-allocating 0 bytes for permanent pool.
LogInit: Object subsystem initialized
[2018.03.05-04.28.52:739][  0]LogInit: Selected Device Profile: [Windows]
[2018.03.05-04.28.52:739][  0]LogInit: Applying CVar settings loaded from the selected device profile: [Windows]
[2018.03.05-04.28.52:753][  0]LogInit: Computer: BLACKWIDOW-PC
[2018.03.05-04.28.52:753][  0]LogInit: User: Rayray
[2018.03.05-04.28.52:754][  0]LogInit: CPU Page size=4096, Cores=4
[2018.03.05-04.28.52:754][  0]LogInit: High frequency timer resolution =3.919294 MHz
[2018.03.05-04.28.52:754][  0]LogMemory: Memory total: Physical=15.9GB (16GB approx)
[2018.03.05-04.28.52:755][  0]LogMemory: Platform Memory Stats for Windows
[2018.03.05-04.28.52:755][  0]LogMemory: Process Physical Memory: 272.89 MB used, 272.89 MB peak
[2018.03.05-04.28.52:755][  0]LogMemory: Process Virtual Memory: 263.99 MB used, 263.99 MB peak
[2018.03.05-04.28.52:755][  0]LogMemory: Physical Memory: 8919.63 MB used,  7365.21 MB free, 16284.84 MB total
[2018.03.05-04.28.52:756][  0]LogMemory: Virtual Memory: 671.77 MB used,  7365.21 MB free, 134217728.00 MB total
[2018.03.05-04.28.52:977][  0]LogInit: Using OS detected language (en-US).
[2018.03.05-04.28.52:977][  0]LogInit: Using OS detected locale (en-US).
[2018.03.05-04.28.52:984][  0]LogTextLocalizationManager: No specific localization for 'en-US' exists, so the 'en' localization will be used.
[2018.03.05-04.28.53:624][  0]LogD3D11RHI: D3D11 adapters:
[2018.03.05-04.28.53:663][  0]LogD3D11RHI:    0. 'AMD Radeon R9 200 Series' (Feature Level 11_0)
[2018.03.05-04.28.53:663][  0]LogD3D11RHI:       4072/0/8142 MB DedicatedVideo/DedicatedSystem/SharedSystem, Outputs:2, VendorId:0x1002
[2018.03.05-04.28.53:668][  0]LogD3D11RHI:    1. 'Microsoft Basic Render Driver' (Feature Level 11_0)
[2018.03.05-04.28.53:668][  0]LogD3D11RHI:       0/0/8142 MB DedicatedVideo/DedicatedSystem/SharedSystem, Outputs:0, VendorId:0x1414
[2018.03.05-04.28.53:668][  0]LogD3D11RHI: Chosen D3D11 Adapter: 0
[2018.03.05-04.28.53:681][  0]LogD3D11RHI: Creating new Direct3DDevice
[2018.03.05-04.28.53:681][  0]LogD3D11RHI:     GPU DeviceId: 0x67b0 (for the marketing name, search the web for "GPU Device Id")
[2018.03.05-04.28.53:681][  0]LogWindows: EnumDisplayDevices:
[2018.03.05-04.28.53:682][  0]LogWindows:    0. 'AMD Radeon R9 200 Series' (P:1 D:1)
[2018.03.05-04.28.53:683][  0]LogWindows:    1. 'AMD Radeon R9 200 Series' (P:0 D:1)
[2018.03.05-04.28.53:684][  0]LogWindows:    2. 'AMD Radeon R9 200 Series' (P:0 D:0)
[2018.03.05-04.28.53:684][  0]LogWindows:    3. 'AMD Radeon R9 200 Series' (P:0 D:0)
[2018.03.05-04.28.53:685][  0]LogWindows:    4. 'AMD Radeon R9 200 Series' (P:0 D:0)
[2018.03.05-04.28.53:685][  0]LogWindows:    5. 'AMD Radeon R9 200 Series' (P:0 D:0)
[2018.03.05-04.28.53:686][  0]LogWindows: DebugString: GetVideoDriverDetailsInvalid PrimaryIsNotTheChoosenAdapter GetVideoDriverDetailsInvalid PrimaryIsNotTheChoosenAdapter GetVideoDriverDetailsInvalid PrimaryIsNotTheChoosenAdapter GetVideoDriverDetailsInvalid PrimaryIsNotTheChoosenAdapter GetVideoDriverDetailsInvalid PrimaryIsNotTheChoosenAdapter GetVideoDriverDetailsInvalid PrimaryIsNotTheChoosenAdapter FoundDriverCount:0 
[2018.03.05-04.28.53:686][  0]LogD3D11RHI:     Adapter Name: AMD Radeon R9 200 Series
[2018.03.05-04.28.53:686][  0]LogD3D11RHI:   Driver Version: Unknown (internal:Unknown, unified:Unknown)
[2018.03.05-04.28.53:686][  0]LogD3D11RHI:      Driver Date: Unknown
[2018.03.05-04.28.53:687][  0]LogRHI: Texture pool is 2850 MB (70% of 4072 MB)
[2018.03.05-04.28.53:721][  0]LogD3D11RHI: Async texture creation enabled
[2018.03.05-04.28.53:738][  0]LogD3D11RHI: GPU Timing Frequency: 27.000000 (Debug: 2 1)
[2018.03.05-04.28.53:740][  0]LogShaderCompilers: Guid format shader working directory is 19 characters bigger than the processId version (../../../../PuzzlePlatforms/Intermediate/Shaders/WorkingDirectory/14352/).
[2018.03.05-04.28.53:740][  0]LogShaderCompilers: Cleaned the shader compiler working directory 'C:/Users/Rayray/AppData/Local/Temp/UnrealShaderWorkingDir/3C04FE8A412704AD16681588D79300D4/'.
[2018.03.05-04.28.53:740][  0]LogShaderCompilers: Display: Using Local Shader Compiler.
[2018.03.05-04.28.55:236][  0]LogTemp: Display: Loaded TP WindowsClientTargetPlatform
[2018.03.05-04.28.55:321][  0]LogTemp: Display: Loaded TP WindowsNoEditorTargetPlatform
[2018.03.05-04.28.55:406][  0]LogTemp: Display: Loaded TP WindowsServerTargetPlatform
[2018.03.05-04.28.55:490][  0]LogTemp: Display: Loaded TP WindowsTargetPlatform
[2018.03.05-04.28.55:490][  0]LogTargetPlatformManager: Display: Building Assets For Windows
[2018.03.05-04.28.56:278][  0]LogDerivedDataCache: Display: Max Cache Size: 512 MB
[2018.03.05-04.28.56:460][  0]LogDerivedDataCache: Loaded boot cache 0.18s 79MB C:/Users/Rayray/AppData/Local/UnrealEngine/4.18/DerivedDataCache/Boot.ddc.
[2018.03.05-04.28.56:461][  0]LogDerivedDataCache: Display: Loaded Boot cache: C:/Users/Rayray/AppData/Local/UnrealEngine/4.18/DerivedDataCache/Boot.ddc
[2018.03.05-04.28.56:462][  0]LogDerivedDataCache: FDerivedDataBackendGraph:  Pak pak cache file ../../../../PuzzlePlatforms/DerivedDataCache/DDC.ddp not found, will not use a pak cache.
[2018.03.05-04.28.56:463][  0]LogDerivedDataCache: Unable to find inner node Pak for hierarchical cache Hierarchy.
[2018.03.05-04.28.56:464][  0]LogDerivedDataCache: FDerivedDataBackendGraph:  CompressedPak pak cache file ../../../../PuzzlePlatforms/DerivedDataCache/Compressed.ddp not found, will not use a pak cache.
[2018.03.05-04.28.56:464][  0]LogDerivedDataCache: Unable to find inner node CompressedPak for hierarchical cache Hierarchy.
[2018.03.05-04.28.56:489][  0]LogDerivedDataCache: Display: Pak cache opened for reading ../../../Engine/DerivedDataCache/Compressed.ddp.
[2018.03.05-04.28.56:502][  0]LogDerivedDataCache: Using Local data cache path C:/Users/Rayray/AppData/Local/UnrealEngine/Common/DerivedDataCache: Writable
[2018.03.05-04.28.56:519][  0]LogMaterial: Verifying Global Shaders for PCD3D_SM5
[2018.03.05-04.28.56:519][  0]LogSlate: Using Freetype 2.6.0
[2018.03.05-04.28.56:521][  0]LogSlate: SlateFontCache - WITH_FREETYPE: 1, WITH_HARFBUZZ: 1
[2018.03.05-04.28.56:521][  0]LogSlate: SlateFontCache - WITH_FREETYPE: 1, WITH_HARFBUZZ: 1
[2018.03.05-04.28.56:996][  0]LogAssetRegistry: FAssetRegistry took 0.0062 seconds to start up
[2018.03.05-04.28.57:080][  0]LogPackageLocalizationCache: Processed 7 localized package path(s) for 2 prioritized culture(s) in 0.083299 seconds
[2018.03.05-04.28.57:252][  0]LogInit: Selected Device Profile: [Windows]
[2018.03.05-04.28.57:848][  0]LogSimplygon: Simplygon DLL not present - disabling.
[2018.03.05-04.28.57:927][  0]LogMeshReduction: Using SimplygonSwarm for distributed automatic mesh merging
[2018.03.05-04.28.57:927][  0]LogMeshReduction: Using QuadricMeshReduction for automatic static mesh reduction
[2018.03.05-04.28.57:928][  0]LogMeshReduction: No automatic skeletal mesh reduction module available
[2018.03.05-04.28.57:929][  0]LogMeshReduction: No automatic mesh merging module available
[2018.03.05-04.28.57:929][  0]LogMeshMerging: No automatic mesh merging module available
[2018.03.05-04.28.57:991][  0]LogNetVersion: PuzzlePlatforms , NetCL: 3709383, EngineNetVer: 2, GameNetVer: 0 (Checksum: 216480741)
[2018.03.05-04.28.58:772][  0]LogInit: WinSock: version 1.1 (2.2), MaxSocks=32767, MaxUdp=65467
[2018.03.05-04.29.01:124][  0]LogMoviePlayer: Initializing movie player
[2018.03.05-04.29.01:701][  0]LogCollectionManager: Loaded 0 collections in 0.001510 seconds
[2018.03.05-04.29.01:765][  0]LogFileCache: Scanning file cache for directory 'E:/Unreal_Engine/PuzzlePlatforms/Saved/Collections/' took 0.01s
[2018.03.05-04.29.01:765][  0]LogFileCache: Scanning file cache for directory 'E:/Unreal_Engine/PuzzlePlatforms/Content/Developers/Rayray/Collections/' took 0.01s
[2018.03.05-04.29.01:766][  0]LogFileCache: Scanning file cache for directory 'E:/Unreal_Engine/PuzzlePlatforms/Content/Collections/' took 0.01s
[2018.03.05-04.29.01:766][  0]LogCollectionManager: Rebuilt the object cache for 0 collections in 0.000001 seconds (found 0 objects)
[2018.03.05-04.29.01:766][  0]LogCollectionManager: Fixed up redirectors for 0 collections in 0.001678 seconds (updated 0 objects)
[2018.03.05-04.29.02:874][  0]LogTemp: Warning: GameInstance Constructor
[2018.03.05-04.29.03:238][  0]SourceControl: Source control is disabled
[2018.03.05-04.29.03:239][  0]SourceControl: Source control is disabled
[2018.03.05-04.29.03:338][  0]SourceControl: Source control is disabled
[2018.03.05-04.29.04:084][  0]LogAndroidPermission: UAndroidPermissionCallbackProxy::GetInstance
[2018.03.05-04.29.04:606][  0]LogOcInput: OculusInput pre-init called
[2018.03.05-04.29.04:837][  0]LogUObjectArray: 39948 objects as part of root set at end of initial load.
[2018.03.05-04.29.04:837][  0]LogUObjectAllocator: 8805216 out of 0 bytes used by permanent object pool.
[2018.03.05-04.29.04:839][  0]LogUObjectArray: CloseDisregardForGC: 0/0 objects in disregard for GC pool
[2018.03.05-04.29.05:040][  0]LogEngine: Initializing Engine...
[2018.03.05-04.29.05:044][  0]LogHMD: Failed to initialize OpenVR with code 110
[2018.03.05-04.29.05:330][  0]LogStats: UGameplayTagsManager::ConstructGameplayTagTree: Construct from data asset -  0.000 s
[2018.03.05-04.29.05:331][  0]LogStats: UGameplayTagsManager::ConstructGameplayTagTree: GameplayTagTreeChangedEvent.Broadcast -  0.000 s
[2018.03.05-04.29.05:376][  0]LogInit: XAudio2 using 'Speakers (Realtek High Definition Audio)' : 2 channels at 48 kHz using 32 bits per sample (channel mask 0x3)
[2018.03.05-04.29.05:400][  0]LogInit: FAudioDevice initialized.
[2018.03.05-04.29.05:531][  0]LogDerivedDataCache: Saved boot cache 0.12s 79MB C:/Users/Rayray/AppData/Local/UnrealEngine/4.18/DerivedDataCache/Boot.ddc.
[2018.03.05-04.29.05:569][  0]LogInit: Texture streaming: Enabled
[2018.03.05-04.29.05:610][  0]LogMaterial: Uniform references updated for custom material expression Custom.
[2018.03.05-04.29.06:228][  0]LogTemp: Warning: GameInstance Constructor
[2018.03.05-04.29.06:231][  0]LogTemp: Warning: GameInstance Init
[2018.03.05-04.29.06:301][  0]LogInit: Display: Game Engine Initialized.
[2018.03.05-04.29.06:301][  0]LogGameplayTags: Display: UGameplayTagsManager::DoneAddingNativeTags. DelegateIsBound: 0
[2018.03.05-04.29.06:608][  0]LogInit: Display: Starting Game.
[2018.03.05-04.29.06:609][  0]LogNet: Browse: /Game/PuzzlePlatforms/Maps/Lobby?Name=Player
[2018.03.05-04.29.06:610][  0]LogLoad: LoadMap: /Game/PuzzlePlatforms/Maps/Lobby?Name=Player
[2018.03.05-04.29.07:057][  0]LogAIModule: Creating AISystem for world Lobby
[2018.03.05-04.29.07:057][  0]LogLoad: Game class is 'PuzzlePlatformsGameMode'
[2018.03.05-04.29.07:064][  0]LogWorld: Bringing World /Game/PuzzlePlatforms/Maps/Lobby.Lobby up for play (max tick rate 0) at 2018.03.04-22.29.07
[2018.03.05-04.29.07:065][  0]LogWorld: Bringing up level for play took: 0.003292
[2018.03.05-04.29.07:071][  0]LogLoad: Took 0.460743 seconds to LoadMap(/Game/PuzzlePlatforms/Maps/Lobby)
[2018.03.05-04.29.07:394][  0]LogRenderer: Reallocating scene render targets to support 1920x1080 Format 10 NumSamples 1 (Frame:1).
[2018.03.05-04.29.07:394][  0]LogLoad: (Engine Initialization) Total time: 19.58 seconds
[2018.03.05-04.29.07:395][  0]LogLoad: (Engine Initialization) Total Blueprint compile time: 0.00 seconds
[2018.03.05-04.29.07:395][  0]LogExternalProfiler: Found external profiler: VSPerf
[2018.03.05-04.29.07:396][  0]LogExternalProfiler: Using external profiler: VSPerf
[2018.03.05-04.29.07:413][  0]LogWindowsTextInputMethodSystem: Display: IME system now deactivated.
[2018.03.05-04.29.07:419][  0]LogContentStreaming: Texture pool size now 1000 MB
[2018.03.05-04.29.30:724][436]LogNet: Browse: 192.168.0.5//Game/PuzzlePlatforms/Maps/Lobby
[2018.03.05-04.29.30:739][436]LogTemp: Display: ParseSettings for GameNetDriver
[2018.03.05-04.29.30:739][436]LogTemp: Display: ParseSettings for IpNetDriver_0
[2018.03.05-04.29.30:739][436]LogTemp: Display: ParseSettings for PendingNetDriver
[2018.03.05-04.29.30:740][436]LogInit: WinSock: Socket queue 32768 / 32768
[2018.03.05-04.29.30:745][436]LogInit: WinSock: I am BlackWidow-PC (192.168.0.5:0)
[2018.03.05-04.29.30:755][436]PacketHandlerLog: Loaded PacketHandler component: Engine.EngineHandlerComponentFactory (StatelessConnectHandlerComponent)
[2018.03.05-04.29.30:801][436]LogNet: Game client on port 7777, rate 10000
[2018.03.05-04.29.30:847][439]LogHandshake: SendChallengeResponse. Timestamp: 15.357280, Cookie: 037051143142067235112028104057205120001160044198222097198233
[2018.03.05-04.29.30:863][440]LogNetVersion: PuzzlePlatforms 1.0.0.0, NetCL: 3709383, EngineNetVer: 2, GameNetVer: 0 (Checksum: 1426704057)
[2018.03.05-04.29.30:863][440]LogNet: UPendingNetGame::SendInitialJoin: Sending hello. [UNetConnection] RemoteAddr: 192.168.0.5:7777, Name: IpConnection_0, Driver: PendingNetDriver IpNetDriver_0, IsServer: NO, PC: NULL, Owner: NULL
[2018.03.05-04.29.30:956][445]LogNet: Welcomed by server (Level: /Game/ThirdPersonCPP/Maps/ThirdPersonExampleMap, Game: /Script/PuzzlePlatforms.PuzzlePlatformsGameMode)
[2018.03.05-04.29.30:974][445]LogLoad: LoadMap: 192.168.0.5//Game/ThirdPersonCPP/Maps/ThirdPersonExampleMap?game=/Script/PuzzlePlatforms.PuzzlePlatformsGameMode
[2018.03.05-04.29.31:203][445]LogAIModule: Creating AISystem for world ThirdPersonExampleMap
[2018.03.05-04.29.31:203][445]LogTemp: Display: ParseSettings for GameNetDriver
[2018.03.05-04.29.31:208][445]LogWorld: Bringing World /Game/ThirdPersonCPP/Maps/ThirdPersonExampleMap.ThirdPersonExampleMap up for play (max tick rate 0) at 2018.03.04-22.29.31
[2018.03.05-04.29.31:209][445]LogWorld: Bringing up level for play took: 0.003863
[2018.03.05-04.29.31:209][445]LogLoad: Took 0.235689 seconds to LoadMap(/Game/ThirdPersonCPP/Maps/ThirdPersonExampleMap)
[2018.03.05-04.29.43:459][198]LogNet: Warning: Network Failure: GameNetDriver[FailureReceived]: Host closed the connection.
[2018.03.05-04.29.43:476][198]LogNet: NetworkFailure: FailureReceived, Error: 'Host closed the connection.'
[2018.03.05-04.29.43:476][198]LogNet: UNetConnection::Close: [UNetConnection] RemoteAddr: 192.168.0.5:7777, Name: IpConnection_0, Driver: GameNetDriver IpNetDriver_0, IsServer: NO, PC: PlayerController_1, Owner: PlayerController_1, Channels: 11, Time: 2018.03.05-04.29.43
[2018.03.05-04.29.43:476][198]LogNet: UChannel::Close: Sending CloseBunch. ChIndex == 0. Name: [UChannel] ChIndex: 0, Closing: 0 [UNetConnection] RemoteAddr: 192.168.0.5:7777, Name: IpConnection_0, Driver: GameNetDriver IpNetDriver_0, IsServer: NO, PC: PlayerController_1, Owner: PlayerController_1
[2018.03.05-04.29.43:477][198]LogNet: Warning: Network Failure: GameNetDriver[ConnectionLost]: Your connection to the host has been lost.
[2018.03.05-04.29.43:477][198]LogNet: NetworkFailure: ConnectionLost, Error: 'Your connection to the host has been lost.'
[2018.03.05-04.29.43:480][199]LogNet: Warning: Network Failure: GameNetDriver[ConnectionLost]: Your connection to the host has been lost.
[2018.03.05-04.29.43:481][199]LogNet: NetworkFailure: ConnectionLost, Error: 'Your connection to the host has been lost.'
[2018.03.05-04.29.43:495][200]LogNet: Warning: Network Failure: GameNetDriver[ConnectionLost]: Your connection to the host has been lost.
[2018.03.05-04.29.43:496][200]LogNet: NetworkFailure: ConnectionLost, Error: 'Your connection to the host has been lost.'
[2018.03.05-04.29.43:511][201]LogNet: Warning: Network Failure: GameNetDriver[ConnectionLost]: Your connection to the host has been lost.
[2018.03.05-04.29.43:512][201]LogNet: NetworkFailure: ConnectionLost, Error: 'Your connection to the host has been lost.'
[2018.03.05-04.29.43:528][202]LogNet: Warning: Network Failure: GameNetDriver[ConnectionLost]: Your connection to the host has been lost.
[2018.03.05-04.29.43:529][202]LogNet: NetworkFailure: ConnectionLost, Error: 'Your connection to the host has been lost.'
[2018.03.05-04.29.43:544][203]LogNet: Warning: Network Failure: GameNetDriver[ConnectionLost]: Your connection to the host has been lost.
[2018.03.05-04.29.43:544][203]LogNet: NetworkFailure: ConnectionLost, Error: 'Your connection to the host has been lost.'
[2018.03.05-04.29.43:560][204]LogNet: Warning: Network Failure: GameNetDriver[ConnectionLost]: Your connection to the host has been lost.
[2018.03.05-04.29.43:561][204]LogNet: NetworkFailure: ConnectionLost, Error: 'Your connection to the host has been lost.'
[2018.03.05-04.29.43:576][205]LogNet: Warning: Network Failure: GameNetDriver[ConnectionLost]: Your connection to the host has been lost.
[2018.03.05-04.29.43:577][205]LogNet: NetworkFailure: ConnectionLost, Error: 'Your connection to the host has been lost.'
[2018.03.05-04.29.43:592][206]LogNet: Warning: Network Failure: GameNetDriver[ConnectionLost]: Your connection to the host has been lost.
[2018.03.05-04.29.43:593][206]LogNet: NetworkFailure: ConnectionLost, Error: 'Your connection to the host has been lost.'
[2018.03.05-04.29.43:608][207]LogNet: Warning: Network Failure: GameNetDriver[ConnectionLost]: Your connection to the host has been lost.
[2018.03.05-04.29.43:609][207]LogNet: NetworkFailure: ConnectionLost, Error: 'Your connection to the host has been lost.'
[2018.03.05-04.29.43:624][208]LogNet: Warning: Network Failure: GameNetDriver[ConnectionLost]: Your connection to the host has been lost.
[2018.03.05-04.29.43:626][208]LogNet: NetworkFailure: ConnectionLost, Error: 'Your connection to the host has been lost.'
[2018.03.05-04.29.43:641][209]LogNet: Warning: Network Failure: GameNetDriver[ConnectionLost]: Your connection to the host has been lost.
[2018.03.05-04.29.43:641][209]LogNet: NetworkFailure: ConnectionLost, Error: 'Your connection to the host has been lost.'
[2018.03.05-04.29.43:657][210]LogNet: Warning: Network Failure: GameNetDriver[ConnectionLost]: Your connection to the host has been lost.
[2018.03.05-04.29.43:658][210]LogNet: NetworkFailure: ConnectionLost, Error: 'Your connection to the host has been lost.'
[2018.03.05-04.29.43:673][211]LogNet: Warning: Network Failure: GameNetDriver[ConnectionLost]: Your connection to the host has been lost.
[2018.03.05-04.29.43:673][211]LogNet: NetworkFailure: ConnectionLost, Error: 'Your connection to the host has been lost.'
[2018.03.05-04.29.43:689][212]LogNet: Warning: Network Failure: GameNetDriver[ConnectionLost]: Your connection to the host has been lost.
[2018.03.05-04.29.43:690][212]LogNet: NetworkFailure: ConnectionLost, Error: 'Your connection to the host has been lost.'
[2018.03.05-04.29.43:705][213]LogNet: Warning: Network Failure: GameNetDriver[ConnectionLost]: Your connection to the host has been lost.
[2018.03.05-04.29.43:707][213]LogNet: NetworkFailure: ConnectionLost, Error: 'Your connection to the host has been lost.'
[2018.03.05-04.29.43:721][214]LogNet: Warning: Network Failure: GameNetDriver[ConnectionLost]: Your connection to the host has been lost.
[2018.03.05-04.29.43:722][214]LogNet: NetworkFailure: ConnectionLost, Error: 'Your connection to the host has been lost.'
[2018.03.05-04.29.43:737][215]LogNet: Warning: Network Failure: GameNetDriver[ConnectionLost]: Your connection to the host has been lost.
[2018.03.05-04.29.43:738][215]LogNet: NetworkFailure: ConnectionLost, Error: 'Your connection to the host has been lost.'
[2018.03.05-04.29.43:753][216]LogNet: Warning: Network Failure: GameNetDriver[ConnectionLost]: Your connection to the host has been lost.
[2018.03.05-04.29.43:754][216]LogNet: NetworkFailure: ConnectionLost, Error: 'Your connection to the host has been lost.'
[2018.03.05-04.29.43:769][217]LogNet: Warning: Network Failure: GameNetDriver[ConnectionLost]: Your connection to the host has been lost.
[2018.03.05-04.29.43:770][217]LogNet: NetworkFailure: ConnectionLost, Error: 'Your connection to the host has been lost.'
[2018.03.05-04.29.43:786][218]LogNet: Warning: Network Failure: GameNetDriver[ConnectionLost]: Your connection to the host has been lost.
[2018.03.05-04.29.43:787][218]LogNet: NetworkFailure: ConnectionLost, Error: 'Your connection to the host has been lost.'
[2018.03.05-04.29.43:802][219]LogNet: Warning: Network Failure: GameNetDriver[ConnectionLost]: Your connection to the host has been lost.
[2018.03.05-04.29.43:802][219]LogNet: NetworkFailure: ConnectionLost, Error: 'Your connection to the host has been lost.'
[2018.03.05-04.29.43:818][220]LogNet: Warning: Network Failure: GameNetDriver[ConnectionLost]: Your connection to the host has been lost.
[2018.03.05-04.29.43:818][220]LogNet: NetworkFailure: ConnectionLost, Error: 'Your connection to the host has been lost.'
[2018.03.05-04.29.43:834][221]LogNet: Warning: Network Failure: GameNetDriver[ConnectionLost]: Your connection to the host has been lost.
[2018.03.05-04.29.43:835][221]LogNet: NetworkFailure: ConnectionLost, Error: 'Your connection to the host has been lost.'
[2018.03.05-04.29.43:850][222]LogNet: Warning: Network Failure: GameNetDriver[ConnectionLost]: Your connection to the host has been lost.
[2018.03.05-04.29.43:851][222]LogNet: NetworkFailure: ConnectionLost, Error: 'Your connection to the host has been lost.'
[2018.03.05-04.29.43:867][223]LogNet: Warning: Network Failure: GameNetDriver[ConnectionLost]: Your connection to the host has been lost.
[2018.03.05-04.29.43:867][223]LogNet: NetworkFailure: ConnectionLost, Error: 'Your connection to the host has been lost.'
[2018.03.05-04.29.43:882][224]LogNet: Warning: Network Failure: GameNetDriver[ConnectionLost]: Your connection to the host has been lost.
[2018.03.05-04.29.43:883][224]LogNet: NetworkFailure: ConnectionLost, Error: 'Your connection to the host has been lost.'
[2018.03.05-04.29.43:899][225]LogNet: Warning: Network Failure: GameNetDriver[ConnectionLost]: Your connection to the host has been lost.
[2018.03.05-04.29.43:900][225]LogNet: NetworkFailure: ConnectionLost, Error: 'Your connection to the host has been lost.'
[2018.03.05-04.29.43:915][226]LogNet: Warning: Network Failure: GameNetDriver[ConnectionLost]: Your connection to the host has been lost.
[2018.03.05-04.29.43:916][226]LogNet: NetworkFailure: ConnectionLost, Error: 'Your connection to the host has been lost.'
[2018.03.05-04.29.43:931][227]LogNet: Warning: Network Failure: GameNetDriver[ConnectionLost]: Your connection to the host has been lost.
[2018.03.05-04.29.43:932][227]LogNet: NetworkFailure: ConnectionLost, Error: 'Your connection to the host has been lost.'
[2018.03.05-04.29.43:947][228]LogNet: Warning: Network Failure: GameNetDriver[ConnectionLost]: Your connection to the host has been lost.
[2018.03.05-04.29.43:948][228]LogNet: NetworkFailure: ConnectionLost, Error: 'Your connection to the host has been lost.'
[2018.03.05-04.29.43:963][229]LogNet: Warning: Network Failure: GameNetDriver[ConnectionLost]: Your connection to the host has been lost.
[2018.03.05-04.29.43:965][229]LogNet: NetworkFailure: ConnectionLost, Error: 'Your connection to the host has been lost.'
[2018.03.05-04.29.43:980][230]LogNet: Warning: Network Failure: GameNetDriver[ConnectionLost]: Your connection to the host has been lost.
[2018.03.05-04.29.43:980][230]LogNet: NetworkFailure: ConnectionLost, Error: 'Your connection to the host has been lost.'
[2018.03.05-04.29.43:996][231]LogNet: Warning: Network Failure: GameNetDriver[ConnectionLost]: Your connection to the host has been lost.
[2018.03.05-04.29.43:997][231]LogNet: NetworkFailure: ConnectionLost, Error: 'Your connection to the host has been lost.'
[2018.03.05-04.29.44:012][232]LogNet: Warning: Network Failure: GameNetDriver[ConnectionLost]: Your connection to the host has been lost.
[2018.03.05-04.29.44:013][232]LogNet: NetworkFailure: ConnectionLost, Error: 'Your connection to the host has been lost.'
[2018.03.05-04.29.44:054][233]LogWindowsTextInputMethodSystem: Display: IME system now deactivated.
[2018.03.05-04.29.44:070][233]LogEngine: All Windows Closed
[2018.03.05-04.29.44:070][233]LogWindows: FPlatformMisc::RequestExit(0)
[2018.03.05-04.29.44:081][234]LogNet: World NetDriver shutdown IpNetDriver_0 [GameNetDriver]
[2018.03.05-04.29.44:081][234]LogNet: DestroyNamedNetDriver IpNetDriver_0 [GameNetDriver]
[2018.03.05-04.29.44:084][234]LogExit: GameNetDriver IpNetDriver_0 shut down
[2018.03.05-04.29.45:070][234]LogExit: Preparing to exit.
[2018.03.05-04.29.45:070][234]LogMoviePlayer: Shutting down movie player
[2018.03.05-04.29.45:122][234]LogExit: Game engine shut down
[2018.03.05-04.29.45:207][234]LogExit: Object subsystem successfully closed.
[2018.03.05-04.29.45:220][234]LogD3D11RHI: Shutdown
[2018.03.05-04.29.45:220][234]LogD3D11RHI: CleanupD3DDevice
[2018.03.05-04.29.45:224][234]LogD3D11RHI: ~FD3D11DynamicRHI
[2018.03.05-04.29.45:232][234]LogModuleManager: Shutting down and abandoning module SequenceRecorderSections (314)
[2018.03.05-04.29.45:232][234]LogModuleManager: Shutting down and abandoning module SequenceRecorder (312)
[2018.03.05-04.29.45:233][234]LogModuleManager: Shutting down and abandoning module AutomationController (310)
[2018.03.05-04.29.45:233][234]LogModuleManager: Shutting down and abandoning module AutomationWorker (308)
[2018.03.05-04.29.45:234][234]LogModuleManager: Shutting down and abandoning module AIModule (306)
[2018.03.05-04.29.45:235][234]LogModuleManager: Shutting down and abandoning module GameplayDebugger (305)
[2018.03.05-04.29.45:235][234]LogModuleManager: Shutting down and abandoning module AITestSuite (303)
[2018.03.05-04.29.45:235][234]LogModuleManager: Shutting down and abandoning module WmfMediaFactory (300)
[2018.03.05-04.29.45:236][234]LogModuleManager: Shutting down and abandoning module OpenExrWrapper (298)
[2018.03.05-04.29.45:236][234]LogModuleManager: Shutting down and abandoning module ImgMediaFactory (296)
[2018.03.05-04.29.45:236][234]LogModuleManager: Shutting down and abandoning module AvfMediaFactory (294)
[2018.03.05-04.29.45:236][234]LogModuleManager: Shutting down and abandoning module CharacterAI (292)
[2018.03.05-04.29.45:237][234]LogModuleManager: Shutting down and abandoning module SessionServices (290)
[2018.03.05-04.29.45:237][234]LogModuleManager: Shutting down and abandoning module MovieSceneCapture (288)
[2018.03.05-04.29.45:238][234]LogModuleManager: Shutting down and abandoning module MovieSceneTracks (286)
[2018.03.05-04.29.45:238][234]LogModuleManager: Shutting down and abandoning module MovieScene (284)
[2018.03.05-04.29.45:238][234]LogModuleManager: Shutting down and abandoning module GeometryCache (282)
[2018.03.05-04.29.45:239][234]LogModuleManager: Shutting down and abandoning module GeometryCacheEd (281)
[2018.03.05-04.29.45:239][234]LogModuleManager: Shutting down and abandoning module StreamingPauseRendering (278)
[2018.03.05-04.29.45:239][234]LogModuleManager: Shutting down and abandoning module PortalServices (276)
[2018.03.05-04.29.45:240][234]LogModuleManager: Shutting down and abandoning module PortalRpc (274)
[2018.03.05-04.29.45:240][234]LogModuleManager: Shutting down and abandoning module MessagingRpc (272)
[2018.03.05-04.29.45:241][234]LogModuleManager: Shutting down and abandoning module ProfilerService (270)
[2018.03.05-04.29.45:265][234]LogModuleManager: Shutting down and abandoning module TaskGraph (268)
[2018.03.05-04.29.45:265][234]LogModuleManager: Shutting down and abandoning module SteamVRController (266)
[2018.03.05-04.29.45:266][234]LogModuleManager: Shutting down and abandoning module ProceduralMeshComponent (264)
[2018.03.05-04.29.45:266][234]LogModuleManager: Shutting down and abandoning module OculusInput (262)
[2018.03.05-04.29.45:266][234]LogModuleManager: Shutting down and abandoning module MobilePatchingUtils (260)
[2018.03.05-04.29.45:266][234]LogModuleManager: Shutting down and abandoning module CustomMeshComponent (258)
[2018.03.05-04.29.45:267][234]LogModuleManager: Shutting down and abandoning module CableComponent (256)
[2018.03.05-04.29.45:267][234]LogModuleManager: Shutting down and abandoning module ArchVisCharacter (254)
[2018.03.05-04.29.45:268][234]LogModuleManager: Shutting down and abandoning module AndroidPermission (252)
[2018.03.05-04.29.45:268][234]LogModuleManager: Shutting down and abandoning module ActorSequence (248)
[2018.03.05-04.29.45:268][234]LogModuleManager: Shutting down and abandoning module MediaCompositing (246)
[2018.03.05-04.29.45:268][234]LogModuleManager: Shutting down and abandoning module HTML5Networking (244)
[2018.03.05-04.29.45:269][234]LogModuleManager: Shutting down and abandoning module VisualStudioSourceCodeAccess (242)
[2018.03.05-04.29.45:269][234]LogModuleManager: Shutting down and abandoning module HotReload (241)
[2018.03.05-04.29.45:270][234]LogDirectoryWatcher: A directory notification for 'E:/Unreal_Engine/PuzzlePlatforms/Binaries/Win64' was aborted.
[2018.03.05-04.29.45:270][234]LogModuleManager: Shutting down and abandoning module VisualStudioCodeSourceCodeAccess (238)
[2018.03.05-04.29.45:270][234]LogModuleManager: Shutting down and abandoning module UObjectPlugin (236)
[2018.03.05-04.29.45:270][234]LogModuleManager: Shutting down and abandoning module SubversionSourceControl (234)
[2018.03.05-04.29.45:271][234]LogModuleManager: Shutting down and abandoning module PerforceSourceControl (232)
[2018.03.05-04.29.45:271][234]LogModuleManager: Shutting down and abandoning module SourceControl (231)
[2018.03.05-04.29.45:272][234]LogModuleManager: Shutting down and abandoning module PuzzlePlatforms (228)
[2018.03.05-04.29.45:272][234]LogModuleManager: Shutting down and abandoning module RuntimePhysXCooking (226)
[2018.03.05-04.29.45:272][234]LogModuleManager: Shutting down and abandoning module PhysXVehiclesEditor (224)
[2018.03.05-04.29.45:273][234]LogModuleManager: Shutting down and abandoning module PhysXVehicles (222)
[2018.03.05-04.29.45:273][234]LogModuleManager: Shutting down and abandoning module LocationServicesBPLibrary (220)
[2018.03.05-04.29.45:273][234]LogModuleManager: Shutting down and abandoning module ImmediatePhysicsEditor (218)
[2018.03.05-04.29.45:274][234]LogModuleManager: Shutting down and abandoning module ImmediatePhysics (216)
[2018.03.05-04.29.45:276][234]LogModuleManager: Shutting down and abandoning module UdpMessaging (214)
[2018.03.05-04.29.45:276][234]LogModuleManager: Shutting down and abandoning module TcpMessaging (212)
[2018.03.05-04.29.45:277][234]LogModuleManager: Shutting down and abandoning module GameplayTagsEditor (210)
[2018.03.05-04.29.45:277][234]LogModuleManager: Shutting down and abandoning module FacialAnimation (208)
[2018.03.05-04.29.45:277][234]LogModuleManager: Shutting down and abandoning module AssetManagerEditor (206)
[2018.03.05-04.29.45:278][234]LogModuleManager: Shutting down and abandoning module GraphEditor (205)
[2018.03.05-04.29.45:278][234]LogModuleManager: Shutting down and abandoning module ContentBrowser (203)
[2018.03.05-04.29.45:278][234]LogModuleManager: Shutting down and abandoning module CollectionManager (202)
[2018.03.05-04.29.45:278][234]LogDirectoryWatcher: A directory notification for 'E:/Unreal_Engine/PuzzlePlatforms/Content/Collections/' was aborted.
[2018.03.05-04.29.45:279][234]LogDirectoryWatcher: A directory notification for 'E:/Unreal_Engine/PuzzlePlatforms/Content/Developers/Rayray/Collections/' was aborted.
[2018.03.05-04.29.45:279][234]LogDirectoryWatcher: A directory notification for 'E:/Unreal_Engine/PuzzlePlatforms/Saved/Collections/' was aborted.
[2018.03.05-04.29.45:279][234]LogModuleManager: Shutting down and abandoning module DirectoryWatcher (201)
[2018.03.05-04.29.45:280][234]LogModuleManager: Shutting down and abandoning module LightPropagationVolumeRuntime (196)
[2018.03.05-04.29.45:280][234]LogModuleManager: Shutting down and abandoning module Paper2D (194)
[2018.03.05-04.29.45:280][234]LogModuleManager: Shutting down and abandoning module WindowsMoviePlayer (192)
[2018.03.05-04.29.45:281][234]LogModuleManager: Shutting down and abandoning module WmfMedia (190)
[2018.03.05-04.29.45:283][234]LogModuleManager: Shutting down and abandoning module ImgMedia (188)
[2018.03.05-04.29.45:283][234]LogModuleManager: Shutting down and abandoning module PacketHandler (186)
[2018.03.05-04.29.45:283][234]LogModuleManager: Shutting down and abandoning module ClothingSystemEditor (184)
[2018.03.05-04.29.45:283][234]LogModuleManager: Shutting down and abandoning module ClothingSystemRuntime (182)
[2018.03.05-04.29.45:284][234]LogModuleManager: Shutting down and abandoning module MediaAssets (180)
[2018.03.05-04.29.45:284][234]LogModuleManager: Shutting down and abandoning module Media (179)
[2018.03.05-04.29.45:292][234]LogModuleManager: Shutting down and abandoning module Overlay (176)
[2018.03.05-04.29.45:292][234]LogModuleManager: Shutting down and abandoning module OverlayEditor (175)
[2018.03.05-04.29.45:292][234]LogModuleManager: Shutting down and abandoning module VREditor (172)
[2018.03.05-04.29.45:293][234]LogModuleManager: Shutting down and abandoning module StringTableEditor (170)
[2018.03.05-04.29.45:293][234]LogModuleManager: Shutting down and abandoning module GameplayTasksEditor (168)
[2018.03.05-04.29.45:293][234]LogModuleManager: Shutting down and abandoning module BehaviorTreeEditor (166)
[2018.03.05-04.29.45:294][234]LogModuleManager: Shutting down and abandoning module FunctionalTesting (164)
[2018.03.05-04.29.45:294][234]LogModuleManager: Shutting down and abandoning module CollisionAnalyzer (162)
[2018.03.05-04.29.45:296][234]LogModuleManager: Shutting down and abandoning module WorkspaceMenuStructure (161)
[2018.03.05-04.29.45:296][234]LogModuleManager: Shutting down and abandoning module UMG (158)
[2018.03.05-04.29.45:296][234]LogModuleManager: Shutting down and abandoning module UMGEditor (157)
[2018.03.05-04.29.45:296][234]LogModuleManager: Shutting down and abandoning module Sequencer (156)
[2018.03.05-04.29.45:297][234]LogModuleManager: Shutting down and abandoning module MessageLog (153)
[2018.03.05-04.29.45:297][234]LogModuleManager: Shutting down and abandoning module SlateReflector (148)
[2018.03.05-04.29.45:297][234]LogModuleManager: Shutting down and abandoning module Slate (146)
[2018.03.05-04.29.45:298][234]LogModuleManager: Shutting down and abandoning module EditorStyle (144)
[2018.03.05-04.29.45:300][234]LogModuleManager: Shutting down and abandoning module MRMesh (142)
[2018.03.05-04.29.45:300][234]LogModuleManager: Shutting down and abandoning module Messaging (140)
[2018.03.05-04.29.45:300][234]LogModuleManager: Shutting down and abandoning module SourceCodeAccess (138)
[2018.03.05-04.29.45:300][234]LogModuleManager: Shutting down and abandoning module HeadMountedDisplay (136)
[2018.03.05-04.29.45:301][234]LogModuleManager: Shutting down and abandoning module XAudio2 (134)
[2018.03.05-04.29.45:301][234]LogModuleManager: Shutting down and abandoning module Networking (132)
[2018.03.05-04.29.45:301][234]LogModuleManager: Shutting down and abandoning module Core (128)
[2018.03.05-04.29.45:302][234]LogModuleManager: Shutting down and abandoning module LevelSequence (126)
[2018.03.05-04.29.45:302][234]LogModuleManager: Shutting down and abandoning module KismetCompiler (124)
[2018.03.05-04.29.45:302][234]LogModuleManager: Shutting down and abandoning module MeshUtilities (122)
[2018.03.05-04.29.45:303][234]LogModuleManager: Shutting down and abandoning module MeshMergeUtilities (121)
[2018.03.05-04.29.45:303][234]LogModuleManager: Shutting down and abandoning module MeshReductionInterface (120)
[2018.03.05-04.29.45:303][234]LogModuleManager: Shutting down and abandoning module SimplygonSwarm (119)
[2018.03.05-04.29.45:303][234]LogModuleManager: Shutting down and abandoning module SimplygonMeshReduction (117)
[2018.03.05-04.29.45:306][234]LogModuleManager: Shutting down and abandoning module QuadricMeshReduction (115)
[2018.03.05-04.29.45:306][234]LogModuleManager: Shutting down and abandoning module MaterialBaking (111)
[2018.03.05-04.29.45:306][234]LogModuleManager: Shutting down and abandoning module DerivedDataCache (106)
[2018.03.05-04.29.45:521][234]LogDerivedDataCache: Shutdown
[2018.03.05-04.29.45:521][234]LogModuleManager: Shutting down and abandoning module TargetPlatform (104)
[2018.03.05-04.29.45:522][234]LogModuleManager: Shutting down and abandoning module VulkanShaderFormat (103)
[2018.03.05-04.29.45:522][234]LogModuleManager: Shutting down and abandoning module ShaderFormatVectorVM (101)
[2018.03.05-04.29.45:522][234]LogModuleManager: Shutting down and abandoning module ShaderFormatOpenGL (99)
[2018.03.05-04.29.45:523][234]LogModuleManager: Shutting down and abandoning module ShaderFormatD3D (97)
[2018.03.05-04.29.45:523][234]LogModuleManager: Shutting down and abandoning module MetalShaderFormat (95)
[2018.03.05-04.29.45:523][234]LogModuleManager: Shutting down and abandoning module TextureFormatUncompressed (93)
[2018.03.05-04.29.45:524][234]LogModuleManager: Shutting down and abandoning module TextureFormatPVR (91)
[2018.03.05-04.29.45:524][234]LogModuleManager: Shutting down and abandoning module TextureFormatDXT (89)
[2018.03.05-04.29.45:524][234]LogModuleManager: Shutting down and abandoning module TextureFormatIntelISPCTexComp (87)
[2018.03.05-04.29.45:525][234]LogModuleManager: Shutting down and abandoning module TextureFormatASTC (85)
[2018.03.05-04.29.45:525][234]LogModuleManager: Shutting down and abandoning module ImageWrapper (84)
[2018.03.05-04.29.45:525][234]LogModuleManager: Shutting down and abandoning module TextureFormatAndroid (81)
[2018.03.05-04.29.45:525][234]LogModuleManager: Shutting down and abandoning module AudioFormatOpus (79)
[2018.03.05-04.29.45:526][234]LogModuleManager: Shutting down and abandoning module AudioFormatOgg (77)
[2018.03.05-04.29.45:526][234]LogModuleManager: Shutting down and abandoning module AudioFormatADPCM (75)
[2018.03.05-04.29.45:526][234]LogModuleManager: Shutting down and abandoning module WindowsTargetPlatform (73)
[2018.03.05-04.29.45:527][234]LogModuleManager: Shutting down and abandoning module WindowsServerTargetPlatform (71)
[2018.03.05-04.29.45:527][234]LogModuleManager: Shutting down and abandoning module WindowsNoEditorTargetPlatform (69)
[2018.03.05-04.29.45:527][234]LogModuleManager: Shutting down and abandoning module WindowsClientTargetPlatform (67)
[2018.03.05-04.29.45:527][234]LogModuleManager: Shutting down and abandoning module InputCore (64)
[2018.03.05-04.29.45:528][234]LogModuleManager: Shutting down and abandoning module Settings (62)
[2018.03.05-04.29.45:528][234]LogModuleManager: Shutting down and abandoning module PhysXCooking (60)
[2018.03.05-04.29.45:528][234]LogModuleManager: Shutting down and abandoning module SteamVR (58)
[2018.03.05-04.29.45:529][234]LogModuleManager: Shutting down and abandoning module OculusHMD (56)
[2018.03.05-04.29.45:529][234]LogModuleManager: Shutting down and abandoning module ExampleDeviceProfileSelector (54)
[2018.03.05-04.29.45:529][234]LogModuleManager: Shutting down and abandoning module AppleARKit (52)
[2018.03.05-04.29.45:530][234]LogModuleManager: Shutting down and abandoning module AugmentedReality (51)
[2018.03.05-04.29.45:532][234]LogModuleManager: Shutting down and abandoning module OnlineBlueprintSupport (48)
[2018.03.05-04.29.45:532][234]LogModuleManager: Shutting down and abandoning module OnlineSubsystem (44)
[2018.03.05-04.29.45:533][234]LogModuleManager: Shutting down and abandoning module XMPP (43)
[2018.03.05-04.29.45:533][234]LogModuleManager: Shutting down and abandoning module HTTP (41)
[2018.03.05-04.29.45:545][234]LogModuleManager: Shutting down and abandoning module SSL (40)
[2018.03.05-04.29.45:547][234]LogModuleManager: Shutting down and abandoning module AnimationModifiers (36)
[2018.03.05-04.29.45:547][234]LogModuleManager: Shutting down and abandoning module PropertyEditor (35)
[2018.03.05-04.29.45:547][234]LogModuleManager: Shutting down and abandoning module AudioEditor (32)
[2018.03.05-04.29.45:547][234]LogModuleManager: Shutting down and abandoning module TextureCompressor (30)
[2018.03.05-04.29.45:548][234]LogModuleManager: Shutting down and abandoning module ShaderCore (28)
[2018.03.05-04.29.45:548][234]LogModuleManager: Shutting down and abandoning module Landscape (26)
[2018.03.05-04.29.45:548][234]LogModuleManager: Shutting down and abandoning module SlateRHIRenderer (24)
[2018.03.05-04.29.45:549][234]LogModuleManager: Shutting down and abandoning module OpenGLDrv (22)
[2018.03.05-04.29.45:549][234]LogModuleManager: Shutting down and abandoning module D3D11RHI (20)
[2018.03.05-04.29.45:550][234]LogModuleManager: Shutting down and abandoning module AnimGraphRuntime (18)
[2018.03.05-04.29.45:551][234]LogModuleManager: Shutting down and abandoning module Renderer (16)
[2018.03.05-04.29.45:551][234]LogModuleManager: Shutting down and abandoning module Engine (14)
[2018.03.05-04.29.45:551][234]LogModuleManager: Shutting down and abandoning module CoreUObject (12)
[2018.03.05-04.29.45:552][234]LogModuleManager: Shutting down and abandoning module NetworkFile (10)
[2018.03.05-04.29.45:552][234]LogModuleManager: Shutting down and abandoning module CookedIterativeFile (8)
[2018.03.05-04.29.45:552][234]LogModuleManager: Shutting down and abandoning module StreamingFile (6)
[2018.03.05-04.29.45:552][234]LogModuleManager: Shutting down and abandoning module SandboxFile (4)
[2018.03.05-04.29.45:553][234]LogModuleManager: Shutting down and abandoning module PakFile (2)
[2018.03.05-04.29.45:578][234]LogExit: Exiting.
[2018.03.05-04.29.45:580][234]Log file closed, 03/04/18 22:29:45
