Log file open, 03/01/18 19:50:25
LogWindows: Failed to load 'aqProf.dll' (GetLastError=126)
LogWindows: File 'aqProf.dll' does not exist
LogWindows: Failed to load 'VtuneApi.dll' (GetLastError=126)
LogWindows: File 'VtuneApi.dll' does not exist
LogWindows: Failed to load 'VtuneApi32e.dll' (GetLastError=126)
LogWindows: File 'VtuneApi32e.dll' does not exist
LogInit: Display: Running engine for game: PuzzlePlatforms
LogPlatformFile: Not using cached read wrapper
LogInit: Display: RandInit(-1269706876) SRandInit(-1269706876).
LogInit: Read version file with build ID '3709383'
LogInit: Overriding engine version to CL 3832480, compatible CL 3709383
LogInit: Registered custom module enumerator with build ID '3709383'
LogTaskGraph: Started task graph with 5 named threads and 14 total threads with 3 sets of task threads.
LogStats: Stats thread started at 0.393579
LogD3D11RHI: Aftermath initialized
LogPluginManager: Mounting plugin Paper2D
LogPluginManager: Mounting plugin LightPropagationVolume
LogPluginManager: Mounting plugin CodeLiteSourceCodeAccess
LogPluginManager: Mounting plugin GitSourceControl
LogPluginManager: Mounting plugin KDevelopSourceCodeAccess
LogPluginManager: Mounting plugin NullSourceCodeAccess
LogPluginManager: Mounting plugin PerforceSourceControl
LogPluginManager: Mounting plugin SubversionSourceControl
LogPluginManager: Mounting plugin UObjectPlugin
LogPluginManager: Mounting plugin VisualStudioCodeSourceCodeAccess
LogPluginManager: Mounting plugin VisualStudioSourceCodeAccess
LogPluginManager: Mounting plugin XCodeSourceCodeAccess
LogPluginManager: Mounting plugin AssetManagerEditor
LogPluginManager: Mounting plugin AudioCapture
LogPluginManager: Mounting plugin FacialAnimation
LogPluginManager: Mounting plugin GameplayTagsEditor
LogPluginManager: Mounting plugin MobileLauncherProfileWizard
LogPluginManager: Mounting plugin PluginBrowser
LogPluginManager: Mounting plugin SpeedTreeImporter
LogPluginManager: Mounting plugin AlembicImporter
LogPluginManager: Mounting plugin CharacterAI
LogPluginManager: Mounting plugin HTML5Networking
LogPluginManager: Mounting plugin AndroidMedia
LogPluginManager: Mounting plugin AvfMedia
LogPluginManager: Mounting plugin ImgMedia
LogPluginManager: Mounting plugin MediaCompositing
LogPluginManager: Mounting plugin MediaPlayerEditor
LogPluginManager: Mounting plugin WmfMedia
LogPluginManager: Mounting plugin TcpMessaging
LogPluginManager: Mounting plugin UdpMessaging
LogPluginManager: Mounting plugin ActorSequence
LogPluginManager: Mounting plugin LevelSequenceEditor
LogPluginManager: Mounting plugin MatineeToLevelSequence
LogPluginManager: Mounting plugin OnlineSubsystemGooglePlay
LogPluginManager: Mounting plugin OnlineSubsystemIOS
LogPluginManager: Mounting plugin OnlineSubsystem
LogPluginManager: Mounting plugin OnlineSubsystemNull
LogPluginManager: Mounting plugin OnlineSubsystemUtils
LogPluginManager: Mounting plugin AndroidDeviceProfileSelector
LogPluginManager: Mounting plugin AndroidMoviePlayer
LogPluginManager: Mounting plugin AndroidPermission
LogPluginManager: Mounting plugin AppleARKit
LogPluginManager: Mounting plugin AppleMoviePlayer
LogPluginManager: Mounting plugin ArchVisCharacter
LogPluginManager: Mounting plugin CableComponent
LogPluginManager: Mounting plugin CustomMeshComponent
LogPluginManager: Mounting plugin ExampleDeviceProfileSelector
LogPluginManager: Mounting plugin GoogleCloudMessaging
LogPluginManager: Mounting plugin ImmediatePhysics
LogPluginManager: Mounting plugin IOSDeviceProfileSelector
LogPluginManager: Mounting plugin LinuxDeviceProfileSelector
LogPluginManager: Mounting plugin LocationServicesBPLibrary
LogPluginManager: Mounting plugin MobilePatchingUtils
LogPluginManager: Mounting plugin OculusVR
LogPluginManager: Plugin shader directory ../../../Engine/Plugins/Runtime/Oculus/OculusVR/Shaders found
LogPluginManager: Mapping shader source directory ../../../Engine/Plugins/Runtime/Oculus/OculusVR/Shaders to virtual directory /Plugin/OculusVR
LogPluginManager: Mounting plugin PhysXVehicles
LogPluginManager: Mounting plugin ProceduralMeshComponent
LogPluginManager: Mounting plugin RuntimePhysXCooking
LogPluginManager: Mounting plugin SteamVR
LogPluginManager: Mounting plugin WindowsMoviePlayer
LogModuleManager: Display: Found up-to-date module file ../../../../PuzzlePlatforms/Binaries/Win64/UE4Editor-PuzzlePlatforms-7769.dll (API version 3709383).
LogModuleManager: Display: Found up-to-date module file ../../../Engine/Plugins/2D/Paper2D/Binaries/Win64/UE4Editor-Paper2D.dll (API version 3709383).
LogModuleManager: Display: Found up-to-date module file ../../../Engine/Plugins/2D/Paper2D/Binaries/Win64/UE4Editor-Paper2DEditor.dll (API version 3709383).
LogModuleManager: Display: Found up-to-date module file ../../../Engine/Plugins/2D/Paper2D/Binaries/Win64/UE4Editor-PaperSpriteSheetImporter.dll (API version 3709383).
LogModuleManager: Display: Found up-to-date module file ../../../Engine/Plugins/2D/Paper2D/Binaries/Win64/UE4Editor-PaperTiledImporter.dll (API version 3709383).
LogModuleManager: Display: Found up-to-date module file ../../../Engine/Plugins/2D/Paper2D/Binaries/Win64/UE4Editor-SmartSnapping.dll (API version 3709383).
LogModuleManager: Display: Found up-to-date module file ../../../Engine/Plugins/Blendables/LightPropagationVolume/Binaries/Win64/UE4Editor-LightPropagationVolumeRuntime.dll (API version 3709383).
LogModuleManager: Display: Found up-to-date module file ../../../Engine/Plugins/Blendables/LightPropagationVolume/Binaries/Win64/UE4Editor-LightPropagationVolumeEditor.dll (API version 3709383).
LogModuleManager: Display: Found up-to-date module file ../../../Engine/Plugins/Developer/GitSourceControl/Binaries/Win64/UE4Editor-GitSourceControl.dll (API version 3709383).
LogModuleManager: Display: Found up-to-date module file ../../../Engine/Plugins/Developer/PerforceSourceControl/Binaries/Win64/UE4Editor-PerforceSourceControl.dll (API version 3709383).
LogModuleManager: Display: Found up-to-date module file ../../../Engine/Plugins/Developer/SubversionSourceControl/Binaries/Win64/UE4Editor-SubversionSourceControl.dll (API version 3709383).
LogModuleManager: Display: Found up-to-date module file ../../../Engine/Plugins/Developer/UObjectPlugin/Binaries/Win64/UE4Editor-UObjectPlugin.dll (API version 3709383).
LogModuleManager: Display: Found up-to-date module file ../../../Engine/Plugins/Developer/VisualStudioCodeSourceCodeAccess/Binaries/Win64/UE4Editor-VisualStudioCodeSourceCodeAccess.dll (API version 3709383).
LogModuleManager: Display: Found up-to-date module file ../../../Engine/Plugins/Developer/VisualStudioSourceCodeAccess/Binaries/Win64/UE4Editor-VisualStudioSourceCodeAccess.dll (API version 3709383).
LogModuleManager: Display: Found up-to-date module file ../../../Engine/Plugins/Editor/AssetManagerEditor/Binaries/Win64/UE4Editor-AssetManagerEditor.dll (API version 3709383).
LogModuleManager: Display: Found up-to-date module file ../../../Engine/Plugins/Editor/AudioCapture/Binaries/Win64/UE4Editor-AudioCapture.dll (API version 3709383).
LogModuleManager: Display: Found up-to-date module file ../../../Engine/Plugins/Editor/FacialAnimation/Binaries/Win64/UE4Editor-FacialAnimation.dll (API version 3709383).
LogModuleManager: Display: Found up-to-date module file ../../../Engine/Plugins/Editor/FacialAnimation/Binaries/Win64/UE4Editor-FacialAnimationEditor.dll (API version 3709383).
LogModuleManager: Display: Found up-to-date module file ../../../Engine/Plugins/Editor/GameplayTagsEditor/Binaries/Win64/UE4Editor-GameplayTagsEditor.dll (API version 3709383).
LogModuleManager: Display: Found up-to-date module file ../../../Engine/Plugins/Editor/MobileLauncherProfileWizard/Binaries/Win64/UE4Editor-MobileLauncherProfileWizard.dll (API version 3709383).
LogModuleManager: Display: Found up-to-date module file ../../../Engine/Plugins/Editor/PluginBrowser/Binaries/Win64/UE4Editor-PluginBrowser.dll (API version 3709383).
LogModuleManager: Display: Found up-to-date module file ../../../Engine/Plugins/Editor/SpeedTreeImporter/Binaries/Win64/UE4Editor-SpeedTreeImporter.dll (API version 3709383).
LogModuleManager: Display: Found up-to-date module file ../../../Engine/Plugins/Experimental/AlembicImporter/Binaries/Win64/UE4Editor-AlembicImporter.dll (API version 3709383).
LogModuleManager: Display: Found up-to-date module file ../../../Engine/Plugins/Experimental/AlembicImporter/Binaries/Win64/UE4Editor-AlembicLibrary.dll (API version 3709383).
LogModuleManager: Display: Found up-to-date module file ../../../Engine/Plugins/Experimental/CharacterAI/Binaries/Win64/UE4Editor-CharacterAI.dll (API version 3709383).
LogModuleManager: Display: Found up-to-date module file ../../../Engine/Plugins/Experimental/HTML5Networking/Binaries/Win64/UE4Editor-HTML5Networking.dll (API version 3709383).
LogModuleManager: Display: Found up-to-date module file ../../../Engine/Plugins/Media/AndroidMedia/Binaries/Win64/UE4Editor-AndroidMediaEditor.dll (API version 3709383).
LogModuleManager: Display: Found up-to-date module file ../../../Engine/Plugins/Media/AndroidMedia/Binaries/Win64/UE4Editor-AndroidMediaFactory.dll (API version 3709383).
LogModuleManager: Display: Found up-to-date module file ../../../Engine/Plugins/Media/AvfMedia/Binaries/Win64/UE4Editor-AvfMediaEditor.dll (API version 3709383).
LogModuleManager: Display: Found up-to-date module file ../../../Engine/Plugins/Media/AvfMedia/Binaries/Win64/UE4Editor-AvfMediaFactory.dll (API version 3709383).
LogModuleManager: Display: Found up-to-date module file ../../../Engine/Plugins/Media/AvfMedia/Binaries/Win64/UE4Editor-AvfMediaFactory.dll (API version 3709383).
LogModuleManager: Display: Found up-to-date module file ../../../Engine/Plugins/Media/ImgMedia/Binaries/Win64/UE4Editor-ImgMedia.dll (API version 3709383).
LogModuleManager: Display: Found up-to-date module file ../../../Engine/Plugins/Media/ImgMedia/Binaries/Win64/UE4Editor-ImgMediaEditor.dll (API version 3709383).
LogModuleManager: Display: Found up-to-date module file ../../../Engine/Plugins/Media/ImgMedia/Binaries/Win64/UE4Editor-ImgMediaFactory.dll (API version 3709383).
LogModuleManager: Display: Found up-to-date module file ../../../Engine/Plugins/Media/ImgMedia/Binaries/Win64/UE4Editor-ImgMediaFactory.dll (API version 3709383).
LogModuleManager: Display: Found up-to-date module file ../../../Engine/Plugins/Media/ImgMedia/Binaries/Win64/UE4Editor-OpenExrWrapper.dll (API version 3709383).
LogModuleManager: Display: Found up-to-date module file ../../../Engine/Plugins/Media/MediaCompositing/Binaries/Win64/UE4Editor-MediaCompositing.dll (API version 3709383).
LogModuleManager: Display: Found up-to-date module file ../../../Engine/Plugins/Media/MediaCompositing/Binaries/Win64/UE4Editor-MediaCompositingEditor.dll (API version 3709383).
LogModuleManager: Display: Found up-to-date module file ../../../Engine/Plugins/Media/MediaPlayerEditor/Binaries/Win64/UE4Editor-MediaPlayerEditor.dll (API version 3709383).
LogModuleManager: Display: Found up-to-date module file ../../../Engine/Plugins/Media/WmfMedia/Binaries/Win64/UE4Editor-WmfMedia.dll (API version 3709383).
LogModuleManager: Display: Found up-to-date module file ../../../Engine/Plugins/Media/WmfMedia/Binaries/Win64/UE4Editor-WmfMediaEditor.dll (API version 3709383).
LogModuleManager: Display: Found up-to-date module file ../../../Engine/Plugins/Media/WmfMedia/Binaries/Win64/UE4Editor-WmfMediaFactory.dll (API version 3709383).
LogModuleManager: Display: Found up-to-date module file ../../../Engine/Plugins/Media/WmfMedia/Binaries/Win64/UE4Editor-WmfMediaFactory.dll (API version 3709383).
LogModuleManager: Display: Found up-to-date module file ../../../Engine/Plugins/Messaging/TcpMessaging/Binaries/Win64/UE4Editor-TcpMessaging.dll (API version 3709383).
LogModuleManager: Display: Found up-to-date module file ../../../Engine/Plugins/Messaging/UdpMessaging/Binaries/Win64/UE4Editor-UdpMessaging.dll (API version 3709383).
LogModuleManager: Display: Found up-to-date module file ../../../Engine/Plugins/MovieScene/ActorSequence/Binaries/Win64/UE4Editor-ActorSequence.dll (API version 3709383).
LogModuleManager: Display: Found up-to-date module file ../../../Engine/Plugins/MovieScene/LevelSequenceEditor/Binaries/Win64/UE4Editor-LevelSequenceEditor.dll (API version 3709383).
LogModuleManager: Display: Found up-to-date module file ../../../Engine/Plugins/MovieScene/MatineeToLevelSequence/Binaries/Win64/UE4Editor-MatineeToLevelSequence.dll (API version 3709383).
LogModuleManager: Display: Found up-to-date module file ../../../Engine/Plugins/Online/OnlineSubsystem/Binaries/Win64/UE4Editor-OnlineSubsystem.dll (API version 3709383).
LogModuleManager: Display: Found up-to-date module file ../../../Engine/Plugins/Online/OnlineSubsystemNull/Binaries/Win64/UE4Editor-OnlineSubsystemNull.dll (API version 3709383).
LogModuleManager: Display: Found up-to-date module file ../../../Engine/Plugins/Online/OnlineSubsystemUtils/Binaries/Win64/UE4Editor-OnlineSubsystemUtils.dll (API version 3709383).
LogModuleManager: Display: Found up-to-date module file ../../../Engine/Plugins/Online/OnlineSubsystemUtils/Binaries/Win64/UE4Editor-OnlineBlueprintSupport.dll (API version 3709383).
LogModuleManager: Display: Found up-to-date module file ../../../Engine/Plugins/Runtime/AndroidDeviceProfileSelector/Binaries/Win64/UE4Editor-AndroidDeviceProfileSelector.dll (API version 3709383).
LogModuleManager: Display: Found up-to-date module file ../../../Engine/Plugins/Runtime/AndroidPermission/Binaries/Win64/UE4Editor-AndroidPermission.dll (API version 3709383).
LogModuleManager: Display: Found up-to-date module file ../../../Engine/Plugins/Runtime/AppleARKit/Binaries/Win64/UE4Editor-AppleARKit.dll (API version 3709383).
LogModuleManager: Display: Found up-to-date module file ../../../Engine/Plugins/Runtime/ArchVisCharacter/Binaries/Win64/UE4Editor-ArchVisCharacter.dll (API version 3709383).
LogModuleManager: Display: Found up-to-date module file ../../../Engine/Plugins/Runtime/CableComponent/Binaries/Win64/UE4Editor-CableComponent.dll (API version 3709383).
LogModuleManager: Display: Found up-to-date module file ../../../Engine/Plugins/Runtime/CustomMeshComponent/Binaries/Win64/UE4Editor-CustomMeshComponent.dll (API version 3709383).
LogModuleManager: Display: Found up-to-date module file ../../../Engine/Plugins/Runtime/ExampleDeviceProfileSelector/Binaries/Win64/UE4Editor-ExampleDeviceProfileSelector.dll (API version 3709383).
LogModuleManager: Display: Found up-to-date module file ../../../Engine/Plugins/Runtime/ImmediatePhysics/Binaries/Win64/UE4Editor-ImmediatePhysics.dll (API version 3709383).
LogModuleManager: Display: Found up-to-date module file ../../../Engine/Plugins/Runtime/ImmediatePhysics/Binaries/Win64/UE4Editor-ImmediatePhysicsEditor.dll (API version 3709383).
LogModuleManager: Display: Found up-to-date module file ../../../Engine/Plugins/Runtime/LocationServicesBPLibrary/Binaries/Win64/UE4Editor-LocationServicesBPLibrary.dll (API version 3709383).
LogModuleManager: Display: Found up-to-date module file ../../../Engine/Plugins/Runtime/MobilePatchingUtils/Binaries/Win64/UE4Editor-MobilePatchingUtils.dll (API version 3709383).
LogModuleManager: Display: Found up-to-date module file ../../../Engine/Plugins/Runtime/Oculus/OculusVR/Binaries/Win64/UE4Editor-OculusHMD.dll (API version 3709383).
LogModuleManager: Display: Found up-to-date module file ../../../Engine/Plugins/Runtime/Oculus/OculusVR/Binaries/Win64/UE4Editor-OculusInput.dll (API version 3709383).
LogModuleManager: Display: Found up-to-date module file ../../../Engine/Plugins/Runtime/Oculus/OculusVR/Binaries/Win64/UE4Editor-OculusEditor.dll (API version 3709383).
LogModuleManager: Display: Found up-to-date module file ../../../Engine/Plugins/Runtime/PhysXVehicles/Binaries/Win64/UE4Editor-PhysXVehicles.dll (API version 3709383).
LogModuleManager: Display: Found up-to-date module file ../../../Engine/Plugins/Runtime/PhysXVehicles/Binaries/Win64/UE4Editor-PhysXVehiclesEditor.dll (API version 3709383).
LogModuleManager: Display: Found up-to-date module file ../../../Engine/Plugins/Runtime/ProceduralMeshComponent/Binaries/Win64/UE4Editor-ProceduralMeshComponent.dll (API version 3709383).
LogModuleManager: Display: Found up-to-date module file ../../../Engine/Plugins/Runtime/ProceduralMeshComponent/Binaries/Win64/UE4Editor-ProceduralMeshComponentEditor.dll (API version 3709383).
LogModuleManager: Display: Found up-to-date module file ../../../Engine/Plugins/Runtime/RuntimePhysXCooking/Binaries/Win64/UE4Editor-RuntimePhysXCooking.dll (API version 3709383).
LogModuleManager: Display: Found up-to-date module file ../../../Engine/Plugins/Runtime/Steam/SteamVR/Binaries/Win64/UE4Editor-SteamVR.dll (API version 3709383).
LogModuleManager: Display: Found up-to-date module file ../../../Engine/Plugins/Runtime/Steam/SteamVR/Binaries/Win64/UE4Editor-SteamVRController.dll (API version 3709383).
LogModuleManager: Display: Found up-to-date module file ../../../Engine/Plugins/Runtime/WindowsMoviePlayer/Binaries/Win64/UE4Editor-WindowsMoviePlayer.dll (API version 3709383).
LogInit: Using libcurl 7.47.1
LogInit:  - built for x86_64-pc-win32
LogInit:  - supports SSL with OpenSSL/1.0.2g
LogInit:  - supports HTTP deflate (compression) using libz 1.2.8
LogInit:  - other features:
LogInit:      CURL_VERSION_SSL
LogInit:      CURL_VERSION_LIBZ
LogInit:      CURL_VERSION_IPV6
LogInit:      CURL_VERSION_ASYNCHDNS
LogInit:      CURL_VERSION_LARGEFILE
LogInit:      CURL_VERSION_IDN
LogInit:  CurlRequestOptions (configurable via config and command line):
LogInit:  - bVerifyPeer = false  - Libcurl will NOT verify peer certificate
LogInit:  - bUseHttpProxy = false  - Libcurl will NOT use HTTP proxy
LogInit:  - bDontReuseConnections = false  - Libcurl will reuse connections
LogInit:  - CertBundlePath = nullptr  - Libcurl will use whatever was configured at build time.
LogInit: Build: ++UE4+Release-4.18-CL-3832480
LogInit: Engine Version: 4.18.3-3832480+++UE4+Release-4.18
LogInit: Compatible Engine Version: 4.18.0-3709383+++UE4+Release-4.18
LogInit: Net CL: 3709383
LogDevObjectVersion: Number of dev versions registered: 16
LogDevObjectVersion:   Dev-Blueprints (B0D832E4-1F89-4F0D-ACCF-7EB736FD4AA2): 10
LogDevObjectVersion:   Dev-Build (E1C64328-A22C-4D53-A36C-8E866417BD8C): 0
LogDevObjectVersion:   Dev-Core (375EC13C-06E4-48FB-B500-84F0262A717E): 2
LogDevObjectVersion:   Dev-Editor (E4B068ED-F494-42E9-A231-DA0B2E46BB41): 20
LogDevObjectVersion:   Dev-Framework (CFFC743F-43B0-4480-9391-14DF171D2073): 30
LogDevObjectVersion:   Dev-Mobile (B02B49B5-BB20-44E9-A304-32B752E40360): 0
LogDevObjectVersion:   Dev-Networking (A4E4105C-59A1-49B5-A7C5-40C4547EDFEE): 0
LogDevObjectVersion:   Dev-Online (39C831C9-5AE6-47DC-9A44-9C173E1C8E7C): 0
LogDevObjectVersion:   Dev-Physics (78F01B33-EBEA-4F98-B9B4-84EACCB95AA2): 0
LogDevObjectVersion:   Dev-Platform (6631380F-2D4D-43E0-8009-CF276956A95A): 0
LogDevObjectVersion:   Dev-Rendering (12F88B9F-8875-4AFC-A67C-D90C383ABD29): 20
LogDevObjectVersion:   Dev-Sequencer (7B5AE74C-D270-4C10-A958-57980B212A5A): 4
LogDevObjectVersion:   Dev-VR (D7296918-1DD6-4BDD-9DE2-64A83CC13884): 0
LogDevObjectVersion:   Dev-LoadTimes (C2A15278-BFE7-4AFE-6C17-90FF531DF755): 1
LogDevObjectVersion:   Private-Geometry (6EACA3D4-40EC-4CC1-B786-8BED09428FC5): 1
LogDevObjectVersion:   Dev-AnimPhys (29E575DD-E0A3-4627-9D10-D276232CDCEA): 12
LogInit: Compiled (64-bit): Jan 12 2018 02:04:55
LogInit: Compiled with Visual C++: 19.00.24215.01
LogInit: Build Configuration: Development
LogInit: Branch Name: ++UE4+Release-4.18
LogInit: Command line: -log -game
LogInit: Base directory: E:/Unreal_Engine/UE_4.18/Engine/Binaries/Win64/
LogInit: Installed Engine Build: 1
LogInit: Presizing for max 8388607 objects, including 0 objects not considered by GC, pre-allocating 0 bytes for permanent pool.
LogInit: Object subsystem initialized
[2018.03.02-01.50.32:085][  0]LogInit: Selected Device Profile: [Windows]
[2018.03.02-01.50.32:085][  0]LogInit: Applying CVar settings loaded from the selected device profile: [Windows]
[2018.03.02-01.50.32:187][  0]LogInit: Computer: BLACKWIDOW-PC
[2018.03.02-01.50.32:187][  0]LogInit: User: Rayray
[2018.03.02-01.50.32:188][  0]LogInit: CPU Page size=4096, Cores=4
[2018.03.02-01.50.32:188][  0]LogInit: High frequency timer resolution =3.919294 MHz
[2018.03.02-01.50.32:189][  0]LogMemory: Memory total: Physical=15.9GB (16GB approx)
[2018.03.02-01.50.32:189][  0]LogMemory: Platform Memory Stats for Windows
[2018.03.02-01.50.32:189][  0]LogMemory: Process Physical Memory: 272.18 MB used, 272.18 MB peak
[2018.03.02-01.50.32:190][  0]LogMemory: Process Virtual Memory: 269.73 MB used, 269.73 MB peak
[2018.03.02-01.50.32:190][  0]LogMemory: Physical Memory: 8437.63 MB used,  7847.21 MB free, 16284.84 MB total
[2018.03.02-01.50.32:190][  0]LogMemory: Virtual Memory: 677.70 MB used,  7847.21 MB free, 134217728.00 MB total
[2018.03.02-01.50.32:934][  0]LogInit: Using OS detected language (en-US).
[2018.03.02-01.50.32:934][  0]LogInit: Using OS detected locale (en-US).
[2018.03.02-01.50.33:482][  0]LogTextLocalizationManager: No specific localization for 'en-US' exists, so the 'en' localization will be used.
[2018.03.02-01.50.34:949][  0]LogD3D11RHI: D3D11 adapters:
[2018.03.02-01.50.34:976][  0]LogD3D11RHI:    0. 'AMD Radeon R9 200 Series' (Feature Level 11_0)
[2018.03.02-01.50.34:976][  0]LogD3D11RHI:       4072/0/8142 MB DedicatedVideo/DedicatedSystem/SharedSystem, Outputs:2, VendorId:0x1002
[2018.03.02-01.50.34:990][  0]LogD3D11RHI:    1. 'Microsoft Basic Render Driver' (Feature Level 11_0)
[2018.03.02-01.50.34:990][  0]LogD3D11RHI:       0/0/8142 MB DedicatedVideo/DedicatedSystem/SharedSystem, Outputs:0, VendorId:0x1414
[2018.03.02-01.50.34:991][  0]LogD3D11RHI: Chosen D3D11 Adapter: 0
[2018.03.02-01.50.35:003][  0]LogD3D11RHI: Creating new Direct3DDevice
[2018.03.02-01.50.35:003][  0]LogD3D11RHI:     GPU DeviceId: 0x67b0 (for the marketing name, search the web for "GPU Device Id")
[2018.03.02-01.50.35:004][  0]LogWindows: EnumDisplayDevices:
[2018.03.02-01.50.35:005][  0]LogWindows:    0. 'AMD Radeon R9 200 Series' (P:1 D:1)
[2018.03.02-01.50.35:005][  0]LogWindows:    1. 'AMD Radeon R9 200 Series' (P:0 D:1)
[2018.03.02-01.50.35:006][  0]LogWindows:    2. 'AMD Radeon R9 200 Series' (P:0 D:0)
[2018.03.02-01.50.35:006][  0]LogWindows:    3. 'AMD Radeon R9 200 Series' (P:0 D:0)
[2018.03.02-01.50.35:007][  0]LogWindows:    4. 'AMD Radeon R9 200 Series' (P:0 D:0)
[2018.03.02-01.50.35:007][  0]LogWindows:    5. 'AMD Radeon R9 200 Series' (P:0 D:0)
[2018.03.02-01.50.35:007][  0]LogWindows: DebugString: GetVideoDriverDetailsInvalid PrimaryIsNotTheChoosenAdapter GetVideoDriverDetailsInvalid PrimaryIsNotTheChoosenAdapter GetVideoDriverDetailsInvalid PrimaryIsNotTheChoosenAdapter GetVideoDriverDetailsInvalid PrimaryIsNotTheChoosenAdapter GetVideoDriverDetailsInvalid PrimaryIsNotTheChoosenAdapter GetVideoDriverDetailsInvalid PrimaryIsNotTheChoosenAdapter FoundDriverCount:0 
[2018.03.02-01.50.35:008][  0]LogD3D11RHI:     Adapter Name: AMD Radeon R9 200 Series
[2018.03.02-01.50.35:008][  0]LogD3D11RHI:   Driver Version: Unknown (internal:Unknown, unified:Unknown)
[2018.03.02-01.50.35:008][  0]LogD3D11RHI:      Driver Date: Unknown
[2018.03.02-01.50.35:009][  0]LogRHI: Texture pool is 2850 MB (70% of 4072 MB)
[2018.03.02-01.50.35:052][  0]LogD3D11RHI: Async texture creation enabled
[2018.03.02-01.50.35:068][  0]LogD3D11RHI: GPU Timing Frequency: 27.000000 (Debug: 2 1)
[2018.03.02-01.50.35:071][  0]LogShaderCompilers: Guid format shader working directory is 19 characters bigger than the processId version (../../../../PuzzlePlatforms/Intermediate/Shaders/WorkingDirectory/15736/).
[2018.03.02-01.50.35:071][  0]LogShaderCompilers: Cleaned the shader compiler working directory 'C:/Users/Rayray/AppData/Local/Temp/UnrealShaderWorkingDir/5879EBD746066E733744B4AB80F831EF/'.
[2018.03.02-01.50.35:071][  0]LogShaderCompilers: Display: Using Local Shader Compiler.
[2018.03.02-01.50.39:116][  0]LogTemp: Display: Loaded TP WindowsClientTargetPlatform
[2018.03.02-01.50.39:204][  0]LogTemp: Display: Loaded TP WindowsNoEditorTargetPlatform
[2018.03.02-01.50.39:289][  0]LogTemp: Display: Loaded TP WindowsServerTargetPlatform
[2018.03.02-01.50.39:376][  0]LogTemp: Display: Loaded TP WindowsTargetPlatform
[2018.03.02-01.50.39:376][  0]LogTargetPlatformManager: Display: Building Assets For Windows
[2018.03.02-01.50.40:916][  0]LogDerivedDataCache: Display: Max Cache Size: 512 MB
[2018.03.02-01.50.41:379][  0]LogDerivedDataCache: Loaded boot cache 0.46s 79MB C:/Users/Rayray/AppData/Local/UnrealEngine/4.18/DerivedDataCache/Boot.ddc.
[2018.03.02-01.50.41:380][  0]LogDerivedDataCache: Display: Loaded Boot cache: C:/Users/Rayray/AppData/Local/UnrealEngine/4.18/DerivedDataCache/Boot.ddc
[2018.03.02-01.50.41:381][  0]LogDerivedDataCache: FDerivedDataBackendGraph:  Pak pak cache file ../../../../PuzzlePlatforms/DerivedDataCache/DDC.ddp not found, will not use a pak cache.
[2018.03.02-01.50.41:381][  0]LogDerivedDataCache: Unable to find inner node Pak for hierarchical cache Hierarchy.
[2018.03.02-01.50.41:381][  0]LogDerivedDataCache: FDerivedDataBackendGraph:  CompressedPak pak cache file ../../../../PuzzlePlatforms/DerivedDataCache/Compressed.ddp not found, will not use a pak cache.
[2018.03.02-01.50.41:382][  0]LogDerivedDataCache: Unable to find inner node CompressedPak for hierarchical cache Hierarchy.
[2018.03.02-01.50.41:419][  0]LogDerivedDataCache: Display: Pak cache opened for reading ../../../Engine/DerivedDataCache/Compressed.ddp.
[2018.03.02-01.50.41:432][  0]LogDerivedDataCache: Using Local data cache path C:/Users/Rayray/AppData/Local/UnrealEngine/Common/DerivedDataCache: Writable
[2018.03.02-01.50.41:449][  0]LogMaterial: Verifying Global Shaders for PCD3D_SM5
[2018.03.02-01.50.41:452][  0]LogSlate: Using Freetype 2.6.0
[2018.03.02-01.50.41:515][  0]LogSlate: SlateFontCache - WITH_FREETYPE: 1, WITH_HARFBUZZ: 1
[2018.03.02-01.50.41:515][  0]LogSlate: SlateFontCache - WITH_FREETYPE: 1, WITH_HARFBUZZ: 1
[2018.03.02-01.50.48:464][  0]LogAssetRegistry: FAssetRegistry took 0.0237 seconds to start up
[2018.03.02-01.50.48:586][  0]LogPackageLocalizationCache: Processed 7 localized package path(s) for 2 prioritized culture(s) in 0.121634 seconds
[2018.03.02-01.50.48:766][  0]LogInit: Selected Device Profile: [Windows]
[2018.03.02-01.50.49:751][  0]LogSimplygon: Simplygon DLL not present - disabling.
[2018.03.02-01.50.49:819][  0]LogMeshReduction: Using SimplygonSwarm for distributed automatic mesh merging
[2018.03.02-01.50.49:820][  0]LogMeshReduction: Using QuadricMeshReduction for automatic static mesh reduction
[2018.03.02-01.50.49:821][  0]LogMeshReduction: No automatic skeletal mesh reduction module available
[2018.03.02-01.50.49:821][  0]LogMeshReduction: No automatic mesh merging module available
[2018.03.02-01.50.49:821][  0]LogMeshMerging: No automatic mesh merging module available
[2018.03.02-01.50.49:902][  0]LogNetVersion: PuzzlePlatforms , NetCL: 3709383, EngineNetVer: 2, GameNetVer: 0 (Checksum: 216480741)
[2018.03.02-01.50.51:829][  0]LogInit: WinSock: version 1.1 (2.2), MaxSocks=32767, MaxUdp=65467
[2018.03.02-01.50.55:441][  0]LogMoviePlayer: Initializing movie player
[2018.03.02-01.50.56:337][  0]LogCollectionManager: Loaded 0 collections in 0.001530 seconds
[2018.03.02-01.50.56:403][  0]LogFileCache: Scanning file cache for directory 'E:/Unreal_Engine/PuzzlePlatforms/Saved/Collections/' took 0.01s
[2018.03.02-01.50.56:403][  0]LogFileCache: Scanning file cache for directory 'E:/Unreal_Engine/PuzzlePlatforms/Content/Developers/Rayray/Collections/' took 0.01s
[2018.03.02-01.50.56:404][  0]LogFileCache: Scanning file cache for directory 'E:/Unreal_Engine/PuzzlePlatforms/Content/Collections/' took 0.01s
[2018.03.02-01.50.56:404][  0]LogCollectionManager: Rebuilt the object cache for 0 collections in 0.000001 seconds (found 0 objects)
[2018.03.02-01.50.56:405][  0]LogCollectionManager: Fixed up redirectors for 0 collections in 0.002001 seconds (updated 0 objects)
[2018.03.02-01.50.58:010][  0]LogTemp: Warning: GameInstance Constructor
[2018.03.02-01.50.58:737][  0]SourceControl: Source control is disabled
[2018.03.02-01.50.58:738][  0]SourceControl: Source control is disabled
[2018.03.02-01.50.58:950][  0]SourceControl: Source control is disabled
[2018.03.02-01.50.59:945][  0]LogAndroidPermission: UAndroidPermissionCallbackProxy::GetInstance
[2018.03.02-01.51.00:879][  0]LogOcInput: OculusInput pre-init called
[2018.03.02-01.51.01:142][  0]LogUObjectArray: 39948 objects as part of root set at end of initial load.
[2018.03.02-01.51.01:142][  0]LogUObjectAllocator: 8805216 out of 0 bytes used by permanent object pool.
[2018.03.02-01.51.01:144][  0]LogUObjectArray: CloseDisregardForGC: 0/0 objects in disregard for GC pool
[2018.03.02-01.51.01:665][  0]LogEngine: Initializing Engine...
[2018.03.02-01.51.01:668][  0]LogHMD: Failed to initialize OpenVR with code 110
[2018.03.02-01.51.02:178][  0]LogStats: UGameplayTagsManager::ConstructGameplayTagTree: Construct from data asset -  0.000 s
[2018.03.02-01.51.02:178][  0]LogStats: UGameplayTagsManager::ConstructGameplayTagTree: GameplayTagTreeChangedEvent.Broadcast -  0.000 s
[2018.03.02-01.51.02:215][  0]LogInit: XAudio2 using 'Speakers (Realtek High Definition Audio)' : 2 channels at 48 kHz using 32 bits per sample (channel mask 0x3)
[2018.03.02-01.51.02:244][  0]LogInit: FAudioDevice initialized.
[2018.03.02-01.51.02:386][  0]LogDerivedDataCache: Saved boot cache 0.12s 79MB C:/Users/Rayray/AppData/Local/UnrealEngine/4.18/DerivedDataCache/Boot.ddc.
[2018.03.02-01.51.02:415][  0]LogInit: Texture streaming: Enabled
[2018.03.02-01.51.02:497][  0]LogMaterial: Uniform references updated for custom material expression Custom.
[2018.03.02-01.51.03:482][  0]LogTemp: Warning: GameInstance Constructor
[2018.03.02-01.51.03:487][  0]LogTemp: Warning: GameInstance Init
[2018.03.02-01.51.03:557][  0]LogInit: Display: Game Engine Initialized.
[2018.03.02-01.51.03:558][  0]LogGameplayTags: Display: UGameplayTagsManager::DoneAddingNativeTags. DelegateIsBound: 0
[2018.03.02-01.51.04:016][  0]LogInit: Display: Starting Game.
[2018.03.02-01.51.04:016][  0]LogNet: Browse: /Game/PuzzlePlatforms/Maps/Lobby?Name=Player
[2018.03.02-01.51.04:037][  0]LogLoad: LoadMap: /Game/PuzzlePlatforms/Maps/Lobby?Name=Player
[2018.03.02-01.51.05:034][  0]LogAIModule: Creating AISystem for world Lobby
[2018.03.02-01.51.05:034][  0]LogLoad: Game class is 'PuzzlePlatformsGameMode'
[2018.03.02-01.51.05:057][  0]LogWorld: Bringing World /Game/PuzzlePlatforms/Maps/Lobby.Lobby up for play (max tick rate 0) at 2018.03.01-19.51.05
[2018.03.02-01.51.05:058][  0]LogWorld: Bringing up level for play took: 0.006464
[2018.03.02-01.51.05:064][  0]LogLoad: Took 1.026859 seconds to LoadMap(/Game/PuzzlePlatforms/Maps/Lobby)
[2018.03.02-01.51.05:634][  0]LogRenderer: Reallocating scene render targets to support 1920x1080 Format 10 NumSamples 1 (Frame:1).
[2018.03.02-01.51.05:634][  0]LogLoad: (Engine Initialization) Total time: 43.72 seconds
[2018.03.02-01.51.05:635][  0]LogLoad: (Engine Initialization) Total Blueprint compile time: 0.00 seconds
[2018.03.02-01.51.05:636][  0]LogExternalProfiler: Found external profiler: VSPerf
[2018.03.02-01.51.05:636][  0]LogExternalProfiler: Using external profiler: VSPerf
[2018.03.02-01.51.05:659][  0]LogContentStreaming: Texture pool size now 1000 MB
[2018.03.02-01.51.51:353][821]LogNet: Browse: 192.168.0.1//Game/PuzzlePlatforms/Maps/Lobby
[2018.03.02-01.51.51:371][821]LogTemp: Display: ParseSettings for GameNetDriver
[2018.03.02-01.51.51:371][821]LogTemp: Display: ParseSettings for IpNetDriver_0
[2018.03.02-01.51.51:372][821]LogTemp: Display: ParseSettings for PendingNetDriver
[2018.03.02-01.51.51:373][821]LogInit: WinSock: Socket queue 32768 / 32768
[2018.03.02-01.51.51:377][821]LogInit: WinSock: I am BlackWidow-PC (192.168.0.5:0)
[2018.03.02-01.51.51:378][821]PacketHandlerLog: Loaded PacketHandler component: Engine.EngineHandlerComponentFactory (StatelessConnectHandlerComponent)
[2018.03.02-01.51.51:394][821]LogNet: Game client on port 7777, rate 10000
[2018.03.02-01.52.10:435][  1]LogNet: Browse: 192.168.1.1//Game/PuzzlePlatforms/Maps/Lobby
[2018.03.02-01.52.10:435][  1]LogNet: UNetConnection::Close: [UNetConnection] RemoteAddr: 192.168.0.1:7777, Name: IpConnection_0, Driver: PendingNetDriver IpNetDriver_0, IsServer: NO, PC: NULL, Owner: NULL, Channels: 2, Time: 2018.03.02-01.52.10
[2018.03.02-01.52.10:475][  1]LogNet: UChannel::Close: Sending CloseBunch. ChIndex == 0. Name: [UChannel] ChIndex: 0, Closing: 0 [UNetConnection] RemoteAddr: 192.168.0.1:7777, Name: IpConnection_0, Driver: PendingNetDriver IpNetDriver_0, IsServer: NO, PC: NULL, Owner: NULL
[2018.03.02-01.52.10:475][  1]LogNet: DestroyNamedNetDriver IpNetDriver_0 [PendingNetDriver]
[2018.03.02-01.52.10:477][  1]LogExit: PendingNetDriver IpNetDriver_0 shut down
[2018.03.02-01.52.10:477][  1]LogTemp: Display: ParseSettings for GameNetDriver
[2018.03.02-01.52.10:477][  1]LogTemp: Display: ParseSettings for IpNetDriver_1
[2018.03.02-01.52.10:478][  1]LogTemp: Display: ParseSettings for PendingNetDriver
[2018.03.02-01.52.10:478][  1]LogInit: WinSock: Socket queue 32768 / 32768
[2018.03.02-01.52.10:479][  1]PacketHandlerLog: Loaded PacketHandler component: Engine.EngineHandlerComponentFactory (StatelessConnectHandlerComponent)
[2018.03.02-01.52.10:479][  1]LogNet: Game client on port 7777, rate 10000
[2018.03.02-01.53.05:674][422]LogNet: UChannel::CleanUp: ChIndex == 0. Closing connection. [UChannel] ChIndex: 0, Closing: 0 [UNetConnection] RemoteAddr: 192.168.0.1:7777, Name: None, Driver: PendingNetDriver None, IsServer: NO, PC: NULL, Owner: NULL
[2018.03.02-01.53.10:433][714]LogNet: Warning: UNetConnection::Tick: Connection TIMED OUT. Closing connection. Elapsed: 60.00, Real: 59.95, Good: 59.95, DriverTime: 60.00, Threshold: 60.00, [UNetConnection] RemoteAddr: 192.168.1.1:7777, Name: IpConnection_1, Driver: PendingNetDriver IpNetDriver_1, IsServer: NO, PC: NULL, Owner: NULL
[2018.03.02-01.53.10:451][714]LogNet: Warning: Network Failure: PendingNetDriver[ConnectionTimeout]: UNetConnection::Tick: Connection TIMED OUT. Closing connection. Elapsed: 60.00, Real: 59.95, Good: 59.95, DriverTime: 60.00, Threshold: 60.00, [UNetConnection] RemoteAddr: 192.168.1.1:7777, Name: IpConnection_1, Driver: PendingNetDriver IpNetDriver_1, IsServer: NO, PC: NULL, Owner: NULL
[2018.03.02-01.53.10:452][714]LogNet: NetworkFailure: ConnectionTimeout, Error: 'UNetConnection::Tick: Connection TIMED OUT. Closing connection. Elapsed: 60.00, Real: 59.95, Good: 59.95, DriverTime: 60.00, Threshold: 60.00, [UNetConnection] RemoteAddr: 192.168.1.1:7777, Name: IpConnection_1, Driver: PendingNetDriver IpNetDriver_1, IsServer: NO, PC: NULL, Owner: NULL'
[2018.03.02-01.53.10:452][714]LogNet: UNetConnection::Close: [UNetConnection] RemoteAddr: 192.168.1.1:7777, Name: IpConnection_1, Driver: PendingNetDriver IpNetDriver_1, IsServer: NO, PC: NULL, Owner: NULL, Channels: 2, Time: 2018.03.02-01.53.10
[2018.03.02-01.53.10:454][714]LogNet: UChannel::Close: Sending CloseBunch. ChIndex == 0. Name: [UChannel] ChIndex: 0, Closing: 0 [UNetConnection] RemoteAddr: 192.168.1.1:7777, Name: IpConnection_1, Driver: PendingNetDriver IpNetDriver_1, IsServer: NO, PC: NULL, Owner: NULL
[2018.03.02-01.53.10:498][715]LogNet: Warning: Network Failure: PendingNetDriver[PendingConnectionFailure]: Your connection to the host has been lost.
[2018.03.02-01.53.10:499][715]LogNet: NetworkFailure: PendingConnectionFailure, Error: 'Your connection to the host has been lost.'
[2018.03.02-01.53.10:499][715]LogNet: DestroyNamedNetDriver IpNetDriver_1 [PendingNetDriver]
[2018.03.02-01.53.10:500][715]LogExit: PendingNetDriver IpNetDriver_1 shut down
[2018.03.02-01.54.05:675][135]LogNet: UChannel::CleanUp: ChIndex == 0. Closing connection. [UChannel] ChIndex: 0, Closing: 0 [UNetConnection] RemoteAddr: 192.168.1.1:7777, Name: IpConnection_1, Driver: PendingNetDriver IpNetDriver_1, IsServer: NO, PC: NULL, Owner: NULL
[2018.03.02-01.54.41:981][386]LogNet: Browse: 192.168.0.1//Game/PuzzlePlatforms/Maps/Lobby
[2018.03.02-01.54.41:981][386]LogTemp: Display: ParseSettings for GameNetDriver
[2018.03.02-01.54.41:982][386]LogTemp: Display: ParseSettings for IpNetDriver_2
[2018.03.02-01.54.41:982][386]LogTemp: Display: ParseSettings for PendingNetDriver
[2018.03.02-01.54.41:983][386]LogInit: WinSock: Socket queue 32768 / 32768
[2018.03.02-01.54.41:983][386]PacketHandlerLog: Loaded PacketHandler component: Engine.EngineHandlerComponentFactory (StatelessConnectHandlerComponent)
[2018.03.02-01.54.41:984][386]LogNet: Game client on port 7777, rate 10000
[2018.03.02-01.55.41:988][106]LogNet: Warning: UNetConnection::Tick: Connection TIMED OUT. Closing connection. Elapsed: 60.01, Real: 60.00, Good: 60.00, DriverTime: 60.01, Threshold: 60.00, [UNetConnection] RemoteAddr: 192.168.0.1:7777, Name: IpConnection_2, Driver: PendingNetDriver IpNetDriver_2, IsServer: NO, PC: NULL, Owner: NULL
[2018.03.02-01.55.41:990][106]LogNet: Warning: Network Failure: PendingNetDriver[ConnectionTimeout]: UNetConnection::Tick: Connection TIMED OUT. Closing connection. Elapsed: 60.01, Real: 60.00, Good: 60.00, DriverTime: 60.01, Threshold: 60.00, [UNetConnection] RemoteAddr: 192.168.0.1:7777, Name: IpConnection_2, Driver: PendingNetDriver IpNetDriver_2, IsServer: NO, PC: NULL, Owner: NULL
[2018.03.02-01.55.41:990][106]LogNet: NetworkFailure: ConnectionTimeout, Error: 'UNetConnection::Tick: Connection TIMED OUT. Closing connection. Elapsed: 60.01, Real: 60.00, Good: 60.00, DriverTime: 60.01, Threshold: 60.00, [UNetConnection] RemoteAddr: 192.168.0.1:7777, Name: IpConnection_2, Driver: PendingNetDriver IpNetDriver_2, IsServer: NO, PC: NULL, Owner: NULL'
[2018.03.02-01.55.41:990][106]LogNet: UNetConnection::Close: [UNetConnection] RemoteAddr: 192.168.0.1:7777, Name: IpConnection_2, Driver: PendingNetDriver IpNetDriver_2, IsServer: NO, PC: NULL, Owner: NULL, Channels: 2, Time: 2018.03.02-01.55.41
[2018.03.02-01.55.41:991][106]LogNet: UChannel::Close: Sending CloseBunch. ChIndex == 0. Name: [UChannel] ChIndex: 0, Closing: 0 [UNetConnection] RemoteAddr: 192.168.0.1:7777, Name: IpConnection_2, Driver: PendingNetDriver IpNetDriver_2, IsServer: NO, PC: NULL, Owner: NULL
[2018.03.02-01.55.42:004][107]LogNet: Warning: Network Failure: PendingNetDriver[PendingConnectionFailure]: Your connection to the host has been lost.
[2018.03.02-01.55.42:005][107]LogNet: NetworkFailure: PendingConnectionFailure, Error: 'Your connection to the host has been lost.'
[2018.03.02-01.55.42:005][107]LogNet: DestroyNamedNetDriver IpNetDriver_2 [PendingNetDriver]
[2018.03.02-01.55.42:006][107]LogExit: PendingNetDriver IpNetDriver_2 shut down
[2018.03.02-01.56.05:707][575]LogNet: UChannel::CleanUp: ChIndex == 0. Closing connection. [UChannel] ChIndex: 0, Closing: 0 [UNetConnection] RemoteAddr: 192.168.0.1:7777, Name: None, Driver: PendingNetDriver None, IsServer: NO, PC: NULL, Owner: NULL
[2018.03.02-02.01.51:464][  5]LogNet: Browse: 192.168.0.5//Game/PuzzlePlatforms/Maps/Lobby
[2018.03.02-02.01.51:464][  5]LogTemp: Display: ParseSettings for GameNetDriver
[2018.03.02-02.01.51:465][  5]LogTemp: Display: ParseSettings for IpNetDriver_3
[2018.03.02-02.01.51:466][  5]LogTemp: Display: ParseSettings for PendingNetDriver
[2018.03.02-02.01.51:467][  5]LogInit: WinSock: Socket queue 32768 / 32768
[2018.03.02-02.01.51:468][  5]PacketHandlerLog: Loaded PacketHandler component: Engine.EngineHandlerComponentFactory (StatelessConnectHandlerComponent)
[2018.03.02-02.01.51:468][  5]LogNet: Game client on port 7777, rate 10000
[2018.03.02-02.01.51:735][ 22]LogHandshake: SendChallengeResponse. Timestamp: 616.949036, Cookie: 115111093061095222058200245158142123182194101009144008099022
[2018.03.02-02.01.51:745][ 23]LogNetVersion: PuzzlePlatforms 1.0.0.0, NetCL: 3709383, EngineNetVer: 2, GameNetVer: 0 (Checksum: 1426704057)
[2018.03.02-02.01.51:745][ 23]LogNet: UPendingNetGame::SendInitialJoin: Sending hello. [UNetConnection] RemoteAddr: 192.168.0.5:7777, Name: IpConnection_3, Driver: PendingNetDriver IpNetDriver_3, IsServer: NO, PC: NULL, Owner: NULL
[2018.03.02-02.01.51:809][ 27]LogNet: Welcomed by server (Level: /Game/ThirdPersonCPP/Maps/ThirdPersonExampleMap, Game: /Script/PuzzlePlatforms.PuzzlePlatformsGameMode)
[2018.03.02-02.01.51:820][ 27]LogLoad: LoadMap: 192.168.0.5//Game/ThirdPersonCPP/Maps/ThirdPersonExampleMap?game=/Script/PuzzlePlatforms.PuzzlePlatformsGameMode
[2018.03.02-02.01.52:054][ 27]LogAIModule: Creating AISystem for world ThirdPersonExampleMap
[2018.03.02-02.01.52:055][ 27]LogTemp: Display: ParseSettings for GameNetDriver
[2018.03.02-02.01.52:060][ 27]LogWorld: Bringing World /Game/ThirdPersonCPP/Maps/ThirdPersonExampleMap.ThirdPersonExampleMap up for play (max tick rate 0) at 2018.03.01-20.01.52
[2018.03.02-02.01.52:061][ 27]LogWorld: Bringing up level for play took: 0.004190
[2018.03.02-02.01.52:062][ 27]LogLoad: Took 0.241703 seconds to LoadMap(/Game/ThirdPersonCPP/Maps/ThirdPersonExampleMap)
[2018.03.02-02.02.22:448][908]LogNet: Warning: Network Failure: GameNetDriver[FailureReceived]: Host closed the connection.
[2018.03.02-02.02.22:449][908]LogNet: NetworkFailure: FailureReceived, Error: 'Host closed the connection.'
[2018.03.02-02.02.22:449][908]LogNet: UNetConnection::Close: [UNetConnection] RemoteAddr: 192.168.0.5:7777, Name: IpConnection_3, Driver: GameNetDriver IpNetDriver_3, IsServer: NO, PC: PlayerController_1, Owner: PlayerController_1, Channels: 11, Time: 2018.03.02-02.02.22
[2018.03.02-02.02.22:449][908]LogNet: UChannel::Close: Sending CloseBunch. ChIndex == 0. Name: [UChannel] ChIndex: 0, Closing: 0 [UNetConnection] RemoteAddr: 192.168.0.5:7777, Name: IpConnection_3, Driver: GameNetDriver IpNetDriver_3, IsServer: NO, PC: PlayerController_1, Owner: PlayerController_1
[2018.03.02-02.02.22:450][908]LogNet: Warning: Network Failure: GameNetDriver[ConnectionLost]: Your connection to the host has been lost.
[2018.03.02-02.02.22:450][908]LogNet: NetworkFailure: ConnectionLost, Error: 'Your connection to the host has been lost.'
[2018.03.02-02.02.22:463][909]LogNet: Warning: Network Failure: GameNetDriver[ConnectionLost]: Your connection to the host has been lost.
[2018.03.02-02.02.22:464][909]LogNet: NetworkFailure: ConnectionLost, Error: 'Your connection to the host has been lost.'
[2018.03.02-02.02.22:480][910]LogNet: Warning: Network Failure: GameNetDriver[ConnectionLost]: Your connection to the host has been lost.
[2018.03.02-02.02.22:481][910]LogNet: NetworkFailure: ConnectionLost, Error: 'Your connection to the host has been lost.'
[2018.03.02-02.02.22:496][911]LogNet: Warning: Network Failure: GameNetDriver[ConnectionLost]: Your connection to the host has been lost.
[2018.03.02-02.02.22:496][911]LogNet: NetworkFailure: ConnectionLost, Error: 'Your connection to the host has been lost.'
[2018.03.02-02.02.22:512][912]LogNet: Warning: Network Failure: GameNetDriver[ConnectionLost]: Your connection to the host has been lost.
[2018.03.02-02.02.22:513][912]LogNet: NetworkFailure: ConnectionLost, Error: 'Your connection to the host has been lost.'
[2018.03.02-02.02.22:528][913]LogNet: Warning: Network Failure: GameNetDriver[ConnectionLost]: Your connection to the host has been lost.
[2018.03.02-02.02.22:528][913]LogNet: NetworkFailure: ConnectionLost, Error: 'Your connection to the host has been lost.'
[2018.03.02-02.02.22:544][914]LogNet: Warning: Network Failure: GameNetDriver[ConnectionLost]: Your connection to the host has been lost.
[2018.03.02-02.02.22:545][914]LogNet: NetworkFailure: ConnectionLost, Error: 'Your connection to the host has been lost.'
[2018.03.02-02.02.22:560][915]LogNet: Warning: Network Failure: GameNetDriver[ConnectionLost]: Your connection to the host has been lost.
[2018.03.02-02.02.22:561][915]LogNet: NetworkFailure: ConnectionLost, Error: 'Your connection to the host has been lost.'
[2018.03.02-02.02.22:576][916]LogNet: Warning: Network Failure: GameNetDriver[ConnectionLost]: Your connection to the host has been lost.
[2018.03.02-02.02.22:577][916]LogNet: NetworkFailure: ConnectionLost, Error: 'Your connection to the host has been lost.'
[2018.03.02-02.02.22:592][917]LogNet: Warning: Network Failure: GameNetDriver[ConnectionLost]: Your connection to the host has been lost.
[2018.03.02-02.02.22:593][917]LogNet: NetworkFailure: ConnectionLost, Error: 'Your connection to the host has been lost.'
[2018.03.02-02.02.22:609][918]LogNet: Warning: Network Failure: GameNetDriver[ConnectionLost]: Your connection to the host has been lost.
[2018.03.02-02.02.22:610][918]LogNet: NetworkFailure: ConnectionLost, Error: 'Your connection to the host has been lost.'
[2018.03.02-02.02.22:625][919]LogNet: Warning: Network Failure: GameNetDriver[ConnectionLost]: Your connection to the host has been lost.
[2018.03.02-02.02.22:625][919]LogNet: NetworkFailure: ConnectionLost, Error: 'Your connection to the host has been lost.'
[2018.03.02-02.02.22:641][920]LogNet: Warning: Network Failure: GameNetDriver[ConnectionLost]: Your connection to the host has been lost.
[2018.03.02-02.02.22:642][920]LogNet: NetworkFailure: ConnectionLost, Error: 'Your connection to the host has been lost.'
[2018.03.02-02.02.22:657][921]LogNet: Warning: Network Failure: GameNetDriver[ConnectionLost]: Your connection to the host has been lost.
[2018.03.02-02.02.22:658][921]LogNet: NetworkFailure: ConnectionLost, Error: 'Your connection to the host has been lost.'
[2018.03.02-02.02.22:673][922]LogNet: Warning: Network Failure: GameNetDriver[ConnectionLost]: Your connection to the host has been lost.
[2018.03.02-02.02.22:675][922]LogNet: NetworkFailure: ConnectionLost, Error: 'Your connection to the host has been lost.'
[2018.03.02-02.02.22:689][923]LogNet: Warning: Network Failure: GameNetDriver[ConnectionLost]: Your connection to the host has been lost.
[2018.03.02-02.02.22:690][923]LogNet: NetworkFailure: ConnectionLost, Error: 'Your connection to the host has been lost.'
[2018.03.02-02.02.22:705][924]LogNet: Warning: Network Failure: GameNetDriver[ConnectionLost]: Your connection to the host has been lost.
[2018.03.02-02.02.22:706][924]LogNet: NetworkFailure: ConnectionLost, Error: 'Your connection to the host has been lost.'
[2018.03.02-02.02.22:721][925]LogNet: Warning: Network Failure: GameNetDriver[ConnectionLost]: Your connection to the host has been lost.
[2018.03.02-02.02.22:722][925]LogNet: NetworkFailure: ConnectionLost, Error: 'Your connection to the host has been lost.'
[2018.03.02-02.02.22:738][926]LogNet: Warning: Network Failure: GameNetDriver[ConnectionLost]: Your connection to the host has been lost.
[2018.03.02-02.02.22:739][926]LogNet: NetworkFailure: ConnectionLost, Error: 'Your connection to the host has been lost.'
[2018.03.02-02.02.22:754][927]LogNet: Warning: Network Failure: GameNetDriver[ConnectionLost]: Your connection to the host has been lost.
[2018.03.02-02.02.22:754][927]LogNet: NetworkFailure: ConnectionLost, Error: 'Your connection to the host has been lost.'
[2018.03.02-02.02.22:770][928]LogNet: Warning: Network Failure: GameNetDriver[ConnectionLost]: Your connection to the host has been lost.
[2018.03.02-02.02.22:771][928]LogNet: NetworkFailure: ConnectionLost, Error: 'Your connection to the host has been lost.'
[2018.03.02-02.02.22:786][929]LogNet: Warning: Network Failure: GameNetDriver[ConnectionLost]: Your connection to the host has been lost.
[2018.03.02-02.02.22:787][929]LogNet: NetworkFailure: ConnectionLost, Error: 'Your connection to the host has been lost.'
[2018.03.02-02.02.22:802][930]LogNet: Warning: Network Failure: GameNetDriver[ConnectionLost]: Your connection to the host has been lost.
[2018.03.02-02.02.22:804][930]LogNet: NetworkFailure: ConnectionLost, Error: 'Your connection to the host has been lost.'
[2018.03.02-02.02.22:842][931]LogWindowsTextInputMethodSystem: Display: IME system now deactivated.
[2018.03.02-02.02.22:849][931]LogEngine: All Windows Closed
[2018.03.02-02.02.22:849][931]LogWindows: FPlatformMisc::RequestExit(0)
[2018.03.02-02.02.22:859][932]LogNet: World NetDriver shutdown IpNetDriver_3 [GameNetDriver]
[2018.03.02-02.02.22:860][932]LogNet: DestroyNamedNetDriver IpNetDriver_3 [GameNetDriver]
[2018.03.02-02.02.22:860][932]LogExit: GameNetDriver IpNetDriver_3 shut down
[2018.03.02-02.02.22:971][932]LogExit: Preparing to exit.
[2018.03.02-02.02.22:971][932]LogMoviePlayer: Shutting down movie player
[2018.03.02-02.02.23:274][932]LogExit: Game engine shut down
[2018.03.02-02.02.24:249][932]LogExit: Object subsystem successfully closed.
[2018.03.02-02.02.24:458][932]LogD3D11RHI: Shutdown
[2018.03.02-02.02.24:477][932]LogD3D11RHI: CleanupD3DDevice
[2018.03.02-02.02.24:541][932]LogD3D11RHI: ~FD3D11DynamicRHI
[2018.03.02-02.02.25:042][932]LogModuleManager: Shutting down and abandoning module SequenceRecorderSections (314)
[2018.03.02-02.02.25:043][932]LogModuleManager: Shutting down and abandoning module SequenceRecorder (312)
[2018.03.02-02.02.25:049][932]LogModuleManager: Shutting down and abandoning module AutomationController (310)
[2018.03.02-02.02.25:082][932]LogModuleManager: Shutting down and abandoning module AutomationWorker (308)
[2018.03.02-02.02.25:088][932]LogModuleManager: Shutting down and abandoning module AIModule (306)
[2018.03.02-02.02.25:088][932]LogModuleManager: Shutting down and abandoning module GameplayDebugger (305)
[2018.03.02-02.02.25:100][932]LogModuleManager: Shutting down and abandoning module AITestSuite (303)
[2018.03.02-02.02.25:115][932]LogModuleManager: Shutting down and abandoning module WmfMediaFactory (300)
[2018.03.02-02.02.25:115][932]LogModuleManager: Shutting down and abandoning module OpenExrWrapper (298)
[2018.03.02-02.02.25:116][932]LogModuleManager: Shutting down and abandoning module ImgMediaFactory (296)
[2018.03.02-02.02.25:116][932]LogModuleManager: Shutting down and abandoning module AvfMediaFactory (294)
[2018.03.02-02.02.25:116][932]LogModuleManager: Shutting down and abandoning module CharacterAI (292)
[2018.03.02-02.02.25:117][932]LogModuleManager: Shutting down and abandoning module SessionServices (290)
[2018.03.02-02.02.25:117][932]LogModuleManager: Shutting down and abandoning module MovieSceneCapture (288)
[2018.03.02-02.02.25:117][932]LogModuleManager: Shutting down and abandoning module MovieSceneTracks (286)
[2018.03.02-02.02.25:117][932]LogModuleManager: Shutting down and abandoning module MovieScene (284)
