Log file open, 03/04/18 22:25:30
LogWindows: Failed to load 'aqProf.dll' (GetLastError=126)
LogWindows: File 'aqProf.dll' does not exist
LogWindows: Failed to load 'VtuneApi.dll' (GetLastError=126)
LogWindows: File 'VtuneApi.dll' does not exist
LogWindows: Failed to load 'VtuneApi32e.dll' (GetLastError=126)
LogWindows: File 'VtuneApi32e.dll' does not exist
LogInit: Display: Running engine for game: PuzzlePlatforms
LogPlatformFile: Not using cached read wrapper
LogInit: Display: RandInit(-1176902663) SRandInit(-1176902663).
LogInit: Read version file with build ID '3709383'
LogInit: Overriding engine version to CL 3832480, compatible CL 3709383
LogInit: Registered custom module enumerator with build ID '3709383'
LogTaskGraph: Started task graph with 5 named threads and 14 total threads with 3 sets of task threads.
LogStats: Stats thread started at 0.201015
LogD3D11RHI: Aftermath initialized
LogPluginManager: Mounting plugin Paper2D
LogPluginManager: Mounting plugin LightPropagationVolume
LogPluginManager: Mounting plugin CodeLiteSourceCodeAccess
LogPluginManager: Mounting plugin GitSourceControl
LogPluginManager: Mounting plugin KDevelopSourceCodeAccess
LogPluginManager: Mounting plugin NullSourceCodeAccess
LogPluginManager: Mounting plugin PerforceSourceControl
LogPluginManager: Mounting plugin SubversionSourceControl
LogPluginManager: Mounting plugin UObjectPlugin
LogPluginManager: Mounting plugin VisualStudioCodeSourceCodeAccess
LogPluginManager: Mounting plugin VisualStudioSourceCodeAccess
LogPluginManager: Mounting plugin XCodeSourceCodeAccess
LogPluginManager: Mounting plugin AssetManagerEditor
LogPluginManager: Mounting plugin AudioCapture
LogPluginManager: Mounting plugin FacialAnimation
LogPluginManager: Mounting plugin GameplayTagsEditor
LogPluginManager: Mounting plugin MobileLauncherProfileWizard
LogPluginManager: Mounting plugin PluginBrowser
LogPluginManager: Mounting plugin SpeedTreeImporter
LogPluginManager: Mounting plugin AlembicImporter
LogPluginManager: Mounting plugin CharacterAI
LogPluginManager: Mounting plugin HTML5Networking
LogPluginManager: Mounting plugin AndroidMedia
LogPluginManager: Mounting plugin AvfMedia
LogPluginManager: Mounting plugin ImgMedia
LogPluginManager: Mounting plugin MediaCompositing
LogPluginManager: Mounting plugin MediaPlayerEditor
LogPluginManager: Mounting plugin WmfMedia
LogPluginManager: Mounting plugin TcpMessaging
LogPluginManager: Mounting plugin UdpMessaging
LogPluginManager: Mounting plugin ActorSequence
LogPluginManager: Mounting plugin LevelSequenceEditor
LogPluginManager: Mounting plugin MatineeToLevelSequence
LogPluginManager: Mounting plugin OnlineSubsystemGooglePlay
LogPluginManager: Mounting plugin OnlineSubsystemIOS
LogPluginManager: Mounting plugin OnlineSubsystem
LogPluginManager: Mounting plugin OnlineSubsystemNull
LogPluginManager: Mounting plugin OnlineSubsystemUtils
LogPluginManager: Mounting plugin AndroidDeviceProfileSelector
LogPluginManager: Mounting plugin AndroidMoviePlayer
LogPluginManager: Mounting plugin AndroidPermission
LogPluginManager: Mounting plugin AppleARKit
LogPluginManager: Mounting plugin AppleMoviePlayer
LogPluginManager: Mounting plugin ArchVisCharacter
LogPluginManager: Mounting plugin CableComponent
LogPluginManager: Mounting plugin CustomMeshComponent
LogPluginManager: Mounting plugin ExampleDeviceProfileSelector
LogPluginManager: Mounting plugin GoogleCloudMessaging
LogPluginManager: Mounting plugin ImmediatePhysics
LogPluginManager: Mounting plugin IOSDeviceProfileSelector
LogPluginManager: Mounting plugin LinuxDeviceProfileSelector
LogPluginManager: Mounting plugin LocationServicesBPLibrary
LogPluginManager: Mounting plugin MobilePatchingUtils
LogPluginManager: Mounting plugin OculusVR
LogPluginManager: Plugin shader directory ../../../Engine/Plugins/Runtime/Oculus/OculusVR/Shaders found
LogPluginManager: Mapping shader source directory ../../../Engine/Plugins/Runtime/Oculus/OculusVR/Shaders to virtual directory /Plugin/OculusVR
LogPluginManager: Mounting plugin PhysXVehicles
LogPluginManager: Mounting plugin ProceduralMeshComponent
LogPluginManager: Mounting plugin RuntimePhysXCooking
LogPluginManager: Mounting plugin SteamVR
LogPluginManager: Mounting plugin WindowsMoviePlayer
LogModuleManager: Display: Found up-to-date module file ../../../../PuzzlePlatforms/Binaries/Win64/UE4Editor-PuzzlePlatforms.dll (API version 3709383).
LogModuleManager: Display: Found up-to-date module file ../../../Engine/Plugins/2D/Paper2D/Binaries/Win64/UE4Editor-Paper2D.dll (API version 3709383).
LogModuleManager: Display: Found up-to-date module file ../../../Engine/Plugins/2D/Paper2D/Binaries/Win64/UE4Editor-Paper2DEditor.dll (API version 3709383).
LogModuleManager: Display: Found up-to-date module file ../../../Engine/Plugins/2D/Paper2D/Binaries/Win64/UE4Editor-PaperSpriteSheetImporter.dll (API version 3709383).
LogModuleManager: Display: Found up-to-date module file ../../../Engine/Plugins/2D/Paper2D/Binaries/Win64/UE4Editor-PaperTiledImporter.dll (API version 3709383).
LogModuleManager: Display: Found up-to-date module file ../../../Engine/Plugins/2D/Paper2D/Binaries/Win64/UE4Editor-SmartSnapping.dll (API version 3709383).
LogModuleManager: Display: Found up-to-date module file ../../../Engine/Plugins/Blendables/LightPropagationVolume/Binaries/Win64/UE4Editor-LightPropagationVolumeRuntime.dll (API version 3709383).
LogModuleManager: Display: Found up-to-date module file ../../../Engine/Plugins/Blendables/LightPropagationVolume/Binaries/Win64/UE4Editor-LightPropagationVolumeEditor.dll (API version 3709383).
LogModuleManager: Display: Found up-to-date module file ../../../Engine/Plugins/Developer/GitSourceControl/Binaries/Win64/UE4Editor-GitSourceControl.dll (API version 3709383).
LogModuleManager: Display: Found up-to-date module file ../../../Engine/Plugins/Developer/PerforceSourceControl/Binaries/Win64/UE4Editor-PerforceSourceControl.dll (API version 3709383).
LogModuleManager: Display: Found up-to-date module file ../../../Engine/Plugins/Developer/SubversionSourceControl/Binaries/Win64/UE4Editor-SubversionSourceControl.dll (API version 3709383).
LogModuleManager: Display: Found up-to-date module file ../../../Engine/Plugins/Developer/UObjectPlugin/Binaries/Win64/UE4Editor-UObjectPlugin.dll (API version 3709383).
LogModuleManager: Display: Found up-to-date module file ../../../Engine/Plugins/Developer/VisualStudioCodeSourceCodeAccess/Binaries/Win64/UE4Editor-VisualStudioCodeSourceCodeAccess.dll (API version 3709383).
LogModuleManager: Display: Found up-to-date module file ../../../Engine/Plugins/Developer/VisualStudioSourceCodeAccess/Binaries/Win64/UE4Editor-VisualStudioSourceCodeAccess.dll (API version 3709383).
LogModuleManager: Display: Found up-to-date module file ../../../Engine/Plugins/Editor/AssetManagerEditor/Binaries/Win64/UE4Editor-AssetManagerEditor.dll (API version 3709383).
LogModuleManager: Display: Found up-to-date module file ../../../Engine/Plugins/Editor/AudioCapture/Binaries/Win64/UE4Editor-AudioCapture.dll (API version 3709383).
LogModuleManager: Display: Found up-to-date module file ../../../Engine/Plugins/Editor/FacialAnimation/Binaries/Win64/UE4Editor-FacialAnimation.dll (API version 3709383).
LogModuleManager: Display: Found up-to-date module file ../../../Engine/Plugins/Editor/FacialAnimation/Binaries/Win64/UE4Editor-FacialAnimationEditor.dll (API version 3709383).
LogModuleManager: Display: Found up-to-date module file ../../../Engine/Plugins/Editor/GameplayTagsEditor/Binaries/Win64/UE4Editor-GameplayTagsEditor.dll (API version 3709383).
LogModuleManager: Display: Found up-to-date module file ../../../Engine/Plugins/Editor/MobileLauncherProfileWizard/Binaries/Win64/UE4Editor-MobileLauncherProfileWizard.dll (API version 3709383).
LogModuleManager: Display: Found up-to-date module file ../../../Engine/Plugins/Editor/PluginBrowser/Binaries/Win64/UE4Editor-PluginBrowser.dll (API version 3709383).
LogModuleManager: Display: Found up-to-date module file ../../../Engine/Plugins/Editor/SpeedTreeImporter/Binaries/Win64/UE4Editor-SpeedTreeImporter.dll (API version 3709383).
LogModuleManager: Display: Found up-to-date module file ../../../Engine/Plugins/Experimental/AlembicImporter/Binaries/Win64/UE4Editor-AlembicImporter.dll (API version 3709383).
LogModuleManager: Display: Found up-to-date module file ../../../Engine/Plugins/Experimental/AlembicImporter/Binaries/Win64/UE4Editor-AlembicLibrary.dll (API version 3709383).
LogModuleManager: Display: Found up-to-date module file ../../../Engine/Plugins/Experimental/CharacterAI/Binaries/Win64/UE4Editor-CharacterAI.dll (API version 3709383).
LogModuleManager: Display: Found up-to-date module file ../../../Engine/Plugins/Experimental/HTML5Networking/Binaries/Win64/UE4Editor-HTML5Networking.dll (API version 3709383).
LogModuleManager: Display: Found up-to-date module file ../../../Engine/Plugins/Media/AndroidMedia/Binaries/Win64/UE4Editor-AndroidMediaEditor.dll (API version 3709383).
LogModuleManager: Display: Found up-to-date module file ../../../Engine/Plugins/Media/AndroidMedia/Binaries/Win64/UE4Editor-AndroidMediaFactory.dll (API version 3709383).
LogModuleManager: Display: Found up-to-date module file ../../../Engine/Plugins/Media/AvfMedia/Binaries/Win64/UE4Editor-AvfMediaEditor.dll (API version 3709383).
LogModuleManager: Display: Found up-to-date module file ../../../Engine/Plugins/Media/AvfMedia/Binaries/Win64/UE4Editor-AvfMediaFactory.dll (API version 3709383).
LogModuleManager: Display: Found up-to-date module file ../../../Engine/Plugins/Media/AvfMedia/Binaries/Win64/UE4Editor-AvfMediaFactory.dll (API version 3709383).
LogModuleManager: Display: Found up-to-date module file ../../../Engine/Plugins/Media/ImgMedia/Binaries/Win64/UE4Editor-ImgMedia.dll (API version 3709383).
LogModuleManager: Display: Found up-to-date module file ../../../Engine/Plugins/Media/ImgMedia/Binaries/Win64/UE4Editor-ImgMediaEditor.dll (API version 3709383).
LogModuleManager: Display: Found up-to-date module file ../../../Engine/Plugins/Media/ImgMedia/Binaries/Win64/UE4Editor-ImgMediaFactory.dll (API version 3709383).
LogModuleManager: Display: Found up-to-date module file ../../../Engine/Plugins/Media/ImgMedia/Binaries/Win64/UE4Editor-ImgMediaFactory.dll (API version 3709383).
LogModuleManager: Display: Found up-to-date module file ../../../Engine/Plugins/Media/ImgMedia/Binaries/Win64/UE4Editor-OpenExrWrapper.dll (API version 3709383).
LogModuleManager: Display: Found up-to-date module file ../../../Engine/Plugins/Media/MediaCompositing/Binaries/Win64/UE4Editor-MediaCompositing.dll (API version 3709383).
LogModuleManager: Display: Found up-to-date module file ../../../Engine/Plugins/Media/MediaCompositing/Binaries/Win64/UE4Editor-MediaCompositingEditor.dll (API version 3709383).
LogModuleManager: Display: Found up-to-date module file ../../../Engine/Plugins/Media/MediaPlayerEditor/Binaries/Win64/UE4Editor-MediaPlayerEditor.dll (API version 3709383).
LogModuleManager: Display: Found up-to-date module file ../../../Engine/Plugins/Media/WmfMedia/Binaries/Win64/UE4Editor-WmfMedia.dll (API version 3709383).
LogModuleManager: Display: Found up-to-date module file ../../../Engine/Plugins/Media/WmfMedia/Binaries/Win64/UE4Editor-WmfMediaEditor.dll (API version 3709383).
LogModuleManager: Display: Found up-to-date module file ../../../Engine/Plugins/Media/WmfMedia/Binaries/Win64/UE4Editor-WmfMediaFactory.dll (API version 3709383).
LogModuleManager: Display: Found up-to-date module file ../../../Engine/Plugins/Media/WmfMedia/Binaries/Win64/UE4Editor-WmfMediaFactory.dll (API version 3709383).
LogModuleManager: Display: Found up-to-date module file ../../../Engine/Plugins/Messaging/TcpMessaging/Binaries/Win64/UE4Editor-TcpMessaging.dll (API version 3709383).
LogModuleManager: Display: Found up-to-date module file ../../../Engine/Plugins/Messaging/UdpMessaging/Binaries/Win64/UE4Editor-UdpMessaging.dll (API version 3709383).
LogModuleManager: Display: Found up-to-date module file ../../../Engine/Plugins/MovieScene/ActorSequence/Binaries/Win64/UE4Editor-ActorSequence.dll (API version 3709383).
LogModuleManager: Display: Found up-to-date module file ../../../Engine/Plugins/MovieScene/LevelSequenceEditor/Binaries/Win64/UE4Editor-LevelSequenceEditor.dll (API version 3709383).
LogModuleManager: Display: Found up-to-date module file ../../../Engine/Plugins/MovieScene/MatineeToLevelSequence/Binaries/Win64/UE4Editor-MatineeToLevelSequence.dll (API version 3709383).
LogModuleManager: Display: Found up-to-date module file ../../../Engine/Plugins/Online/OnlineSubsystem/Binaries/Win64/UE4Editor-OnlineSubsystem.dll (API version 3709383).
LogModuleManager: Display: Found up-to-date module file ../../../Engine/Plugins/Online/OnlineSubsystemNull/Binaries/Win64/UE4Editor-OnlineSubsystemNull.dll (API version 3709383).
LogModuleManager: Display: Found up-to-date module file ../../../Engine/Plugins/Online/OnlineSubsystemUtils/Binaries/Win64/UE4Editor-OnlineSubsystemUtils.dll (API version 3709383).
LogModuleManager: Display: Found up-to-date module file ../../../Engine/Plugins/Online/OnlineSubsystemUtils/Binaries/Win64/UE4Editor-OnlineBlueprintSupport.dll (API version 3709383).
LogModuleManager: Display: Found up-to-date module file ../../../Engine/Plugins/Runtime/AndroidDeviceProfileSelector/Binaries/Win64/UE4Editor-AndroidDeviceProfileSelector.dll (API version 3709383).
LogModuleManager: Display: Found up-to-date module file ../../../Engine/Plugins/Runtime/AndroidPermission/Binaries/Win64/UE4Editor-AndroidPermission.dll (API version 3709383).
LogModuleManager: Display: Found up-to-date module file ../../../Engine/Plugins/Runtime/AppleARKit/Binaries/Win64/UE4Editor-AppleARKit.dll (API version 3709383).
LogModuleManager: Display: Found up-to-date module file ../../../Engine/Plugins/Runtime/ArchVisCharacter/Binaries/Win64/UE4Editor-ArchVisCharacter.dll (API version 3709383).
LogModuleManager: Display: Found up-to-date module file ../../../Engine/Plugins/Runtime/CableComponent/Binaries/Win64/UE4Editor-CableComponent.dll (API version 3709383).
LogModuleManager: Display: Found up-to-date module file ../../../Engine/Plugins/Runtime/CustomMeshComponent/Binaries/Win64/UE4Editor-CustomMeshComponent.dll (API version 3709383).
LogModuleManager: Display: Found up-to-date module file ../../../Engine/Plugins/Runtime/ExampleDeviceProfileSelector/Binaries/Win64/UE4Editor-ExampleDeviceProfileSelector.dll (API version 3709383).
LogModuleManager: Display: Found up-to-date module file ../../../Engine/Plugins/Runtime/ImmediatePhysics/Binaries/Win64/UE4Editor-ImmediatePhysics.dll (API version 3709383).
LogModuleManager: Display: Found up-to-date module file ../../../Engine/Plugins/Runtime/ImmediatePhysics/Binaries/Win64/UE4Editor-ImmediatePhysicsEditor.dll (API version 3709383).
LogModuleManager: Display: Found up-to-date module file ../../../Engine/Plugins/Runtime/LocationServicesBPLibrary/Binaries/Win64/UE4Editor-LocationServicesBPLibrary.dll (API version 3709383).
LogModuleManager: Display: Found up-to-date module file ../../../Engine/Plugins/Runtime/MobilePatchingUtils/Binaries/Win64/UE4Editor-MobilePatchingUtils.dll (API version 3709383).
LogModuleManager: Display: Found up-to-date module file ../../../Engine/Plugins/Runtime/Oculus/OculusVR/Binaries/Win64/UE4Editor-OculusHMD.dll (API version 3709383).
LogModuleManager: Display: Found up-to-date module file ../../../Engine/Plugins/Runtime/Oculus/OculusVR/Binaries/Win64/UE4Editor-OculusInput.dll (API version 3709383).
LogModuleManager: Display: Found up-to-date module file ../../../Engine/Plugins/Runtime/Oculus/OculusVR/Binaries/Win64/UE4Editor-OculusEditor.dll (API version 3709383).
LogModuleManager: Display: Found up-to-date module file ../../../Engine/Plugins/Runtime/PhysXVehicles/Binaries/Win64/UE4Editor-PhysXVehicles.dll (API version 3709383).
LogModuleManager: Display: Found up-to-date module file ../../../Engine/Plugins/Runtime/PhysXVehicles/Binaries/Win64/UE4Editor-PhysXVehiclesEditor.dll (API version 3709383).
LogModuleManager: Display: Found up-to-date module file ../../../Engine/Plugins/Runtime/ProceduralMeshComponent/Binaries/Win64/UE4Editor-ProceduralMeshComponent.dll (API version 3709383).
LogModuleManager: Display: Found up-to-date module file ../../../Engine/Plugins/Runtime/ProceduralMeshComponent/Binaries/Win64/UE4Editor-ProceduralMeshComponentEditor.dll (API version 3709383).
LogModuleManager: Display: Found up-to-date module file ../../../Engine/Plugins/Runtime/RuntimePhysXCooking/Binaries/Win64/UE4Editor-RuntimePhysXCooking.dll (API version 3709383).
LogModuleManager: Display: Found up-to-date module file ../../../Engine/Plugins/Runtime/Steam/SteamVR/Binaries/Win64/UE4Editor-SteamVR.dll (API version 3709383).
LogModuleManager: Display: Found up-to-date module file ../../../Engine/Plugins/Runtime/Steam/SteamVR/Binaries/Win64/UE4Editor-SteamVRController.dll (API version 3709383).
LogModuleManager: Display: Found up-to-date module file ../../../Engine/Plugins/Runtime/WindowsMoviePlayer/Binaries/Win64/UE4Editor-WindowsMoviePlayer.dll (API version 3709383).
LogInit: Using libcurl 7.47.1
LogInit:  - built for x86_64-pc-win32
LogInit:  - supports SSL with OpenSSL/1.0.2g
LogInit:  - supports HTTP deflate (compression) using libz 1.2.8
LogInit:  - other features:
LogInit:      CURL_VERSION_SSL
LogInit:      CURL_VERSION_LIBZ
LogInit:      CURL_VERSION_IPV6
LogInit:      CURL_VERSION_ASYNCHDNS
LogInit:      CURL_VERSION_LARGEFILE
LogInit:      CURL_VERSION_IDN
LogInit:  CurlRequestOptions (configurable via config and command line):
LogInit:  - bVerifyPeer = false  - Libcurl will NOT verify peer certificate
LogInit:  - bUseHttpProxy = false  - Libcurl will NOT use HTTP proxy
LogInit:  - bDontReuseConnections = false  - Libcurl will reuse connections
LogInit:  - CertBundlePath = nullptr  - Libcurl will use whatever was configured at build time.
LogInit: Build: ++UE4+Release-4.18-CL-3832480
LogInit: Engine Version: 4.18.3-3832480+++UE4+Release-4.18
LogInit: Compatible Engine Version: 4.18.0-3709383+++UE4+Release-4.18
LogInit: Net CL: 3709383
LogDevObjectVersion: Number of dev versions registered: 16
LogDevObjectVersion:   Dev-Blueprints (B0D832E4-1F89-4F0D-ACCF-7EB736FD4AA2): 10
LogDevObjectVersion:   Dev-Build (E1C64328-A22C-4D53-A36C-8E866417BD8C): 0
LogDevObjectVersion:   Dev-Core (375EC13C-06E4-48FB-B500-84F0262A717E): 2
LogDevObjectVersion:   Dev-Editor (E4B068ED-F494-42E9-A231-DA0B2E46BB41): 20
LogDevObjectVersion:   Dev-Framework (CFFC743F-43B0-4480-9391-14DF171D2073): 30
LogDevObjectVersion:   Dev-Mobile (B02B49B5-BB20-44E9-A304-32B752E40360): 0
LogDevObjectVersion:   Dev-Networking (A4E4105C-59A1-49B5-A7C5-40C4547EDFEE): 0
LogDevObjectVersion:   Dev-Online (39C831C9-5AE6-47DC-9A44-9C173E1C8E7C): 0
LogDevObjectVersion:   Dev-Physics (78F01B33-EBEA-4F98-B9B4-84EACCB95AA2): 0
LogDevObjectVersion:   Dev-Platform (6631380F-2D4D-43E0-8009-CF276956A95A): 0
LogDevObjectVersion:   Dev-Rendering (12F88B9F-8875-4AFC-A67C-D90C383ABD29): 20
LogDevObjectVersion:   Dev-Sequencer (7B5AE74C-D270-4C10-A958-57980B212A5A): 4
LogDevObjectVersion:   Dev-VR (D7296918-1DD6-4BDD-9DE2-64A83CC13884): 0
LogDevObjectVersion:   Dev-LoadTimes (C2A15278-BFE7-4AFE-6C17-90FF531DF755): 1
LogDevObjectVersion:   Private-Geometry (6EACA3D4-40EC-4CC1-B786-8BED09428FC5): 1
LogDevObjectVersion:   Dev-AnimPhys (29E575DD-E0A3-4627-9D10-D276232CDCEA): 12
LogInit: Compiled (64-bit): Jan 12 2018 02:04:55
LogInit: Compiled with Visual C++: 19.00.24215.01
LogInit: Build Configuration: Development
LogInit: Branch Name: ++UE4+Release-4.18
LogInit: Command line:  
LogInit: Base directory: E:/Unreal_Engine/UE_4.18/Engine/Binaries/Win64/
LogInit: Installed Engine Build: 1
LogInit: Presizing for max 8388607 objects, including 0 objects not considered by GC, pre-allocating 0 bytes for permanent pool.
LogInit: Object subsystem initialized
[2018.03.05-04.25.33:812][  0]LogInit: Selected Device Profile: [Windows]
[2018.03.05-04.25.33:812][  0]LogInit: Applying CVar settings loaded from the selected device profile: [Windows]
[2018.03.05-04.25.33:841][  0]LogInit: Computer: BLACKWIDOW-PC
[2018.03.05-04.25.33:841][  0]LogInit: User: Rayray
[2018.03.05-04.25.33:841][  0]LogInit: CPU Page size=4096, Cores=4
[2018.03.05-04.25.33:841][  0]LogInit: High frequency timer resolution =3.919294 MHz
[2018.03.05-04.25.33:842][  0]LogMemory: Memory total: Physical=15.9GB (16GB approx)
[2018.03.05-04.25.33:842][  0]LogMemory: Platform Memory Stats for Windows
[2018.03.05-04.25.33:842][  0]LogMemory: Process Physical Memory: 272.88 MB used, 272.88 MB peak
[2018.03.05-04.25.33:842][  0]LogMemory: Process Virtual Memory: 270.98 MB used, 270.98 MB peak
[2018.03.05-04.25.33:842][  0]LogMemory: Physical Memory: 8360.99 MB used,  7923.86 MB free, 16284.84 MB total
[2018.03.05-04.25.33:842][  0]LogMemory: Virtual Memory: 678.77 MB used,  7923.86 MB free, 134217728.00 MB total
[2018.03.05-04.25.34:055][  0]LogInit: Using OS detected language (en-US).
[2018.03.05-04.25.34:055][  0]LogInit: Using OS detected locale (en-US).
[2018.03.05-04.25.34:061][  0]LogTextLocalizationManager: No specific localization for 'en-US' exists, so the 'en' localization will be used.
[2018.03.05-04.25.34:593][  0]LogInit: Setting process to per monitor DPI aware
[2018.03.05-04.25.35:083][  0]LogD3D11RHI: D3D11 adapters:
[2018.03.05-04.25.35:112][  0]LogD3D11RHI:    0. 'AMD Radeon R9 200 Series' (Feature Level 11_0)
[2018.03.05-04.25.35:112][  0]LogD3D11RHI:       4072/0/8142 MB DedicatedVideo/DedicatedSystem/SharedSystem, Outputs:2, VendorId:0x1002
[2018.03.05-04.25.35:115][  0]LogD3D11RHI:    1. 'Microsoft Basic Render Driver' (Feature Level 11_0)
[2018.03.05-04.25.35:115][  0]LogD3D11RHI:       0/0/8142 MB DedicatedVideo/DedicatedSystem/SharedSystem, Outputs:0, VendorId:0x1414
[2018.03.05-04.25.35:115][  0]LogD3D11RHI: Chosen D3D11 Adapter: 0
[2018.03.05-04.25.35:126][  0]LogD3D11RHI: Creating new Direct3DDevice
[2018.03.05-04.25.35:126][  0]LogD3D11RHI:     GPU DeviceId: 0x67b0 (for the marketing name, search the web for "GPU Device Id")
[2018.03.05-04.25.35:126][  0]LogWindows: EnumDisplayDevices:
[2018.03.05-04.25.35:126][  0]LogWindows:    0. 'AMD Radeon R9 200 Series' (P:1 D:1)
[2018.03.05-04.25.35:127][  0]LogWindows:    1. 'AMD Radeon R9 200 Series' (P:0 D:1)
[2018.03.05-04.25.35:127][  0]LogWindows:    2. 'AMD Radeon R9 200 Series' (P:0 D:0)
[2018.03.05-04.25.35:127][  0]LogWindows:    3. 'AMD Radeon R9 200 Series' (P:0 D:0)
[2018.03.05-04.25.35:127][  0]LogWindows:    4. 'AMD Radeon R9 200 Series' (P:0 D:0)
[2018.03.05-04.25.35:128][  0]LogWindows:    5. 'AMD Radeon R9 200 Series' (P:0 D:0)
[2018.03.05-04.25.35:128][  0]LogWindows: DebugString: GetVideoDriverDetailsInvalid PrimaryIsNotTheChoosenAdapter GetVideoDriverDetailsInvalid PrimaryIsNotTheChoosenAdapter GetVideoDriverDetailsInvalid PrimaryIsNotTheChoosenAdapter GetVideoDriverDetailsInvalid PrimaryIsNotTheChoosenAdapter GetVideoDriverDetailsInvalid PrimaryIsNotTheChoosenAdapter GetVideoDriverDetailsInvalid PrimaryIsNotTheChoosenAdapter FoundDriverCount:0 
[2018.03.05-04.25.35:128][  0]LogD3D11RHI:     Adapter Name: AMD Radeon R9 200 Series
[2018.03.05-04.25.35:128][  0]LogD3D11RHI:   Driver Version: Unknown (internal:Unknown, unified:Unknown)
[2018.03.05-04.25.35:128][  0]LogD3D11RHI:      Driver Date: Unknown
[2018.03.05-04.25.35:128][  0]LogRHI: Texture pool is 2850 MB (70% of 4072 MB)
[2018.03.05-04.25.35:166][  0]LogD3D11RHI: Async texture creation enabled
[2018.03.05-04.25.35:184][  0]LogD3D11RHI: GPU Timing Frequency: 27.000000 (Debug: 2 1)
[2018.03.05-04.25.35:186][  0]LogShaderCompilers: Guid format shader working directory is 21 characters bigger than the processId version (../../../../PuzzlePlatforms/Intermediate/Shaders/WorkingDirectory/964/).
[2018.03.05-04.25.35:187][  0]LogShaderCompilers: Cleaned the shader compiler working directory 'C:/Users/Rayray/AppData/Local/Temp/UnrealShaderWorkingDir/04636593490D4C972B5D4CA03693FC87/'.
[2018.03.05-04.25.35:187][  0]LogShaderCompilers: Display: Using Local Shader Compiler.
[2018.03.05-04.25.36:623][  0]LogTemp: Display: Loaded TP AllDesktopTargetPlatform
[2018.03.05-04.25.36:706][  0]LogTemp: Display: Loaded TP MacClientTargetPlatform
[2018.03.05-04.25.36:784][  0]LogTemp: Display: Loaded TP MacNoEditorTargetPlatform
[2018.03.05-04.25.36:860][  0]LogTemp: Display: Loaded TP MacServerTargetPlatform
[2018.03.05-04.25.36:936][  0]LogTemp: Display: Loaded TP MacTargetPlatform
[2018.03.05-04.25.37:017][  0]LogTemp: Display: Loaded TP WindowsClientTargetPlatform
[2018.03.05-04.25.37:095][  0]LogTemp: Display: Loaded TP WindowsNoEditorTargetPlatform
[2018.03.05-04.25.37:174][  0]LogTemp: Display: Loaded TP WindowsServerTargetPlatform
[2018.03.05-04.25.37:243][  0]LogTemp: Display: Loaded TP WindowsTargetPlatform
[2018.03.05-04.25.37:319][  0]LogTemp: Display: Loaded TP Android_ASTCTargetPlatform
[2018.03.05-04.25.37:398][  0]LogTemp: Display: Loaded TP Android_ATCTargetPlatform
[2018.03.05-04.25.37:473][  0]LogTemp: Display: Loaded TP Android_DXTTargetPlatform
[2018.03.05-04.25.37:550][  0]LogTemp: Display: Loaded TP Android_ETC1TargetPlatform
[2018.03.05-04.25.37:626][  0]LogTemp: Display: Loaded TP Android_ETC2TargetPlatform
[2018.03.05-04.25.37:779][  0]LogTemp: Display: Loaded TP Android_MultiTargetPlatform
[2018.03.05-04.25.37:779][  0]LogTemp: Display: Loaded TP Android_PVRTCTargetPlatform
[2018.03.05-04.25.37:857][  0]LogTemp: Display: Loaded TP AndroidTargetPlatform
[2018.03.05-04.25.37:917][  0]LogTemp: Display: Loaded TP HTML5TargetPlatform
[2018.03.05-04.25.38:045][  0]LogTemp: Display: Loaded TP IOSTargetPlatform
[2018.03.05-04.25.38:083][  0]LogTemp: Display: Loaded TP TVOSTargetPlatform
[2018.03.05-04.25.38:157][  0]LogTemp: Display: Loaded TP LinuxClientTargetPlatform
[2018.03.05-04.25.38:236][  0]LogTemp: Display: Loaded TP LinuxNoEditorTargetPlatform
[2018.03.05-04.25.38:310][  0]LogTemp: Display: Loaded TP LinuxServerTargetPlatform
[2018.03.05-04.25.38:385][  0]LogTemp: Display: Loaded TP LinuxTargetPlatform
[2018.03.05-04.25.38:386][  0]LogTargetPlatformManager: Display: Building Assets For Windows
[2018.03.05-04.25.39:043][  0]LogDerivedDataCache: Display: Max Cache Size: 512 MB
[2018.03.05-04.25.39:213][  0]LogDerivedDataCache: Loaded boot cache 0.17s 79MB C:/Users/Rayray/AppData/Local/UnrealEngine/4.18/DerivedDataCache/Boot.ddc.
[2018.03.05-04.25.39:213][  0]LogDerivedDataCache: Display: Loaded Boot cache: C:/Users/Rayray/AppData/Local/UnrealEngine/4.18/DerivedDataCache/Boot.ddc
[2018.03.05-04.25.39:213][  0]LogDerivedDataCache: FDerivedDataBackendGraph:  Pak pak cache file ../../../../PuzzlePlatforms/DerivedDataCache/DDC.ddp not found, will not use a pak cache.
[2018.03.05-04.25.39:213][  0]LogDerivedDataCache: Unable to find inner node Pak for hierarchical cache Hierarchy.
[2018.03.05-04.25.39:213][  0]LogDerivedDataCache: FDerivedDataBackendGraph:  CompressedPak pak cache file ../../../../PuzzlePlatforms/DerivedDataCache/Compressed.ddp not found, will not use a pak cache.
[2018.03.05-04.25.39:213][  0]LogDerivedDataCache: Unable to find inner node CompressedPak for hierarchical cache Hierarchy.
[2018.03.05-04.25.39:234][  0]LogDerivedDataCache: Display: Pak cache opened for reading ../../../Engine/DerivedDataCache/Compressed.ddp.
[2018.03.05-04.25.39:247][  0]LogDerivedDataCache: Using Local data cache path C:/Users/Rayray/AppData/Local/UnrealEngine/Common/DerivedDataCache: Writable
[2018.03.05-04.25.39:263][  0]LogMaterial: Verifying Global Shaders for PCD3D_SM5
[2018.03.05-04.25.39:263][  0]LogSlate: Using Freetype 2.6.0
[2018.03.05-04.25.39:264][  0]LogSlate: SlateFontCache - WITH_FREETYPE: 1, WITH_HARFBUZZ: 1
[2018.03.05-04.25.39:264][  0]LogSlate: SlateFontCache - WITH_FREETYPE: 1, WITH_HARFBUZZ: 1
[2018.03.05-04.25.39:877][  0]LogInit: Selected Device Profile: [Windows]
[2018.03.05-04.25.40:392][  0]LogSimplygon: Simplygon DLL not present - disabling.
[2018.03.05-04.25.40:458][  0]LogMeshReduction: Using SimplygonSwarm for distributed automatic mesh merging
[2018.03.05-04.25.40:458][  0]LogMeshReduction: Using QuadricMeshReduction for automatic static mesh reduction
[2018.03.05-04.25.40:458][  0]LogMeshReduction: No automatic skeletal mesh reduction module available
[2018.03.05-04.25.40:458][  0]LogMeshReduction: No automatic mesh merging module available
[2018.03.05-04.25.40:458][  0]LogMeshMerging: No automatic mesh merging module available
[2018.03.05-04.25.40:511][  0]LogNetVersion: PuzzlePlatforms , NetCL: 3709383, EngineNetVer: 2, GameNetVer: 0 (Checksum: 216480741)
[2018.03.05-04.25.40:730][  0]LogAssetRegistry: FAssetRegistry took 0.0284 seconds to start up
[2018.03.05-04.25.41:479][  0]LogPackageLocalizationCache: Processed 7 localized package path(s) for 2 prioritized culture(s) in 0.093173 seconds
[2018.03.05-04.25.41:486][  0]LogUObjectArray: 35870 objects as part of root set at end of initial load.
[2018.03.05-04.25.41:486][  0]LogUObjectAllocator: 7363704 out of 0 bytes used by permanent object pool.
[2018.03.05-04.25.41:486][  0]LogUObjectArray: CloseDisregardForGC: 0/0 objects in disregard for GC pool
[2018.03.05-04.25.41:563][  0]LogInit: WinSock: version 1.1 (2.2), MaxSocks=32767, MaxUdp=65467
[2018.03.05-04.25.46:361][  0]LogTcpMessaging: Initializing TcpMessaging bridge
[2018.03.05-04.25.46:432][  0]LogUdpMessaging: Initializing bridge on interface 0.0.0.0:0 to multicast group 230.0.0.1:6666.
[2018.03.05-04.25.47:267][  0]LogTemp: Warning: GameInstance Constructor
[2018.03.05-04.25.48:573][  0]LogMaterial: Uniform references updated for custom material expression Custom.
[2018.03.05-04.25.49:314][  0]SourceControl: Source control is disabled
[2018.03.05-04.25.49:314][  0]SourceControl: Source control is disabled
[2018.03.05-04.25.49:408][  0]SourceControl: Source control is disabled
[2018.03.05-04.25.49:500][  0]SourceControl: Source control is disabled
[2018.03.05-04.25.51:189][  0]LogAndroidPermission: UAndroidPermissionCallbackProxy::GetInstance
[2018.03.05-04.25.51:695][  0]LogOcInput: OculusInput pre-init called
[2018.03.05-04.25.52:181][  0]LogEngine: Initializing Engine...
[2018.03.05-04.25.52:185][  0]LogHMD: Failed to initialize OpenVR with code 110
[2018.03.05-04.25.52:514][  0]LogStats: UGameplayTagsManager::ConstructGameplayTagTree: Construct from data asset -  0.000 s
[2018.03.05-04.25.52:514][  0]LogStats: UGameplayTagsManager::ConstructGameplayTagTree: GameplayTagTreeChangedEvent.Broadcast -  0.000 s
[2018.03.05-04.25.52:738][  0]LogAIModule: Creating AISystem for world Untitled
[2018.03.05-04.25.52:770][  0]LogInit: XAudio2 using 'Speakers (Realtek High Definition Audio)' : 2 channels at 48 kHz using 32 bits per sample (channel mask 0x3)
[2018.03.05-04.25.52:794][  0]LogInit: FAudioDevice initialized.
[2018.03.05-04.25.52:945][  0]LogDerivedDataCache: Saved boot cache 0.15s 79MB C:/Users/Rayray/AppData/Local/UnrealEngine/4.18/DerivedDataCache/Boot.ddc.
[2018.03.05-04.25.52:983][  0]LogInit: Texture streaming: Enabled
[2018.03.05-04.25.53:147][  0]LogEngineSessionManager: EngineSessionManager initialized
[2018.03.05-04.25.53:411][  0]LogInit: Transaction tracking system initialized
[2018.03.05-04.25.53:938][  0]BlueprintLog: New page: Editor Load
[2018.03.05-04.25.55:434][  0]LocalizationService: Localization service is disabled
[2018.03.05-04.25.56:230][  0]LogLinker: Warning: Can't find file '/Game/ThirdPersonBP/ThirdPersonOverview'
[2018.03.05-04.25.56:230][  0]LogLinker: Warning: Can't find file '/Game/ThirdPersonBP/ThirdPersonOverview'
[2018.03.05-04.25.56:230][  0]LogUObjectGlobals: Warning: Failed to find object 'Class /Game/ThirdPersonBP/ThirdPersonOverview.ThirdPersonOverview_C'
[2018.03.05-04.25.56:236][  0]LogLinker: Warning: Can't find file '/Game/SideScRolePlay/BluePrints/NewBlueprint'
[2018.03.05-04.25.56:236][  0]LogLinker: Warning: Can't find file '/Game/SideScRolePlay/BluePrints/NewBlueprint'
[2018.03.05-04.25.56:236][  0]LogUObjectGlobals: Warning: Failed to find object 'Class /Game/SideScRolePlay/BluePrints/NewBlueprint.NewBlueprint_C'
[2018.03.05-04.25.56:579][  0]LogConsoleResponse: Display: 
[2018.03.05-04.25.57:016][  0]LogCook: Display: Max memory allowance for cook 16384mb min free memory 0mb
[2018.03.05-04.25.57:016][  0]LogCook: Display: Mobile HDR setting 1
[2018.03.05-04.25.57:016][  0]LogGameplayTags: Display: UGameplayTagsManager::DoneAddingNativeTags. DelegateIsBound: 0
[2018.03.05-04.25.57:262][  0]LogFileCache: Scanning file cache for directory 'E:/Unreal_Engine/PuzzlePlatforms/Content/' took 0.02s
[2018.03.05-04.25.59:068][  0]SourceControl: Source control is disabled
[2018.03.05-04.25.59:068][  0]Cmd: MAP LOAD FILE="../../../../PuzzlePlatforms/Content/ThirdPersonCPP/Maps/ThirdPersonExampleMap.umap" TEMPLATE=0 SHOWPROGRESS=1 FEATURELEVEL=3
[2018.03.05-04.25.59:069][  0]LightingResults: New page: Lighting Build
[2018.03.05-04.25.59:129][  0]MapCheck: New page: Map Check
[2018.03.05-04.25.59:129][  0]LightingResults: New page: Lighting Build
[2018.03.05-04.25.59:973][  0]LogAIModule: Creating AISystem for world ThirdPersonExampleMap
[2018.03.05-04.26.00:005][  0]LogEditorServer: Finished looking for orphan Actors (0.000 secs)
[2018.03.05-04.26.00:044][  0]Cmd: MAP CHECKDEP NOCLEARLOG
[2018.03.05-04.26.00:134][  0]MapCheck: Map check complete: 0 Error(s), 0 Warning(s), took 89.033ms to complete.
[2018.03.05-04.26.00:134][  0]LogFileHelpers: Loading map 'ThirdPersonExampleMap' took 1.066
[2018.03.05-04.26.00:370][  0]LogCollectionManager: Loaded 0 collections in 0.001561 seconds
[2018.03.05-04.26.00:477][  0]LogFileCache: Scanning file cache for directory 'E:/Unreal_Engine/PuzzlePlatforms/Saved/Collections/' took 0.01s
[2018.03.05-04.26.00:477][  0]LogFileCache: Scanning file cache for directory 'E:/Unreal_Engine/PuzzlePlatforms/Content/Developers/Rayray/Collections/' took 0.01s
[2018.03.05-04.26.00:477][  0]LogFileCache: Scanning file cache for directory 'E:/Unreal_Engine/PuzzlePlatforms/Content/Collections/' took 0.01s
[2018.03.05-04.26.00:477][  0]LogCollectionManager: Rebuilt the GUID cache for 0 collections in 0.000000 seconds
[2018.03.05-04.26.00:492][  0]LogContentBrowser: Native class hierarchy populated in 0.0146 seconds. Added 2368 classes and 521 folders.
[2018.03.05-04.26.00:586][  0]LogContentBrowser: Native class hierarchy updated for 'WidgetCarousel' in 0.0013 seconds. Added 0 classes and 0 folders.
[2018.03.05-04.26.01:352][  0]LogContentBrowser: Native class hierarchy updated for 'AddContentDialog' in 0.0015 seconds. Added 0 classes and 0 folders.
[2018.03.05-04.26.01:427][  0]LogContentBrowser: Native class hierarchy updated for 'SceneOutliner' in 0.0014 seconds. Added 1 classes and 2 folders.
[2018.03.05-04.26.01:565][  0]LogSlate: Took 0.000472 seconds to synchronously load lazily loaded font '../../../Engine/Content/Slate/Fonts/Roboto-Regular.ttf' (155K)
[2018.03.05-04.26.01:578][  0]LogSlate: Took 0.010624 seconds to synchronously load lazily loaded font '../../../Engine/Content/Slate/Fonts/Roboto-Bold.ttf' (160K)
[2018.03.05-04.26.01:590][  0]LogSlate: Took 0.005941 seconds to synchronously load lazily loaded font '../../../Engine/Content/Editor/Slate/Fonts/FontAwesome.ttf' (139K)
[2018.03.05-04.26.01:734][  0]LogRenderer: Reallocating scene render targets to support 1192x576 Format 10 NumSamples 1 (Frame:1).
[2018.03.05-04.26.01:877][  0]LogSlate: Took 0.000350 seconds to synchronously load lazily loaded font '../../../Engine/Content/Slate/Fonts/Roboto-Light.ttf' (159K)
[2018.03.05-04.26.02:062][  0]LogContentBrowser: Native class hierarchy updated for 'HierarchicalLODOutliner' in 0.0013 seconds. Added 1 classes and 2 folders.
[2018.03.05-04.26.02:062][  0]LogLoad: (Engine Initialization) Total time: 33.36 seconds
[2018.03.05-04.26.02:062][  0]LogLoad: (Engine Initialization) Total Blueprint compile time: 0.00 seconds
[2018.03.05-04.26.02:062][  0]LogExternalProfiler: Found external profiler: VSPerf
[2018.03.05-04.26.02:062][  0]LogExternalProfiler: Using external profiler: VSPerf
[2018.03.05-04.26.02:072][  0]LogWindowsTextInputMethodSystem: Display: IME system now deactivated.
[2018.03.05-04.26.02:094][  0]LogContentStreaming: Texture pool size now 1000 MB
[2018.03.05-04.26.02:217][  1]LogAssetRegistry: Asset discovery search completed in 21.5099 seconds
[2018.03.05-04.26.02:219][  1]LogCollectionManager: Rebuilt the object cache for 0 collections in 0.000001 seconds (found 0 objects)
[2018.03.05-04.26.02:219][  1]LogCollectionManager: Fixed up redirectors for 0 collections in 0.000064 seconds (updated 0 objects)
[2018.03.05-04.26.03:124][ 97]LogSlate: Took 0.000354 seconds to synchronously load lazily loaded font '../../../Engine/Content/Slate/Fonts/Roboto-Light.ttf' (159K)
[2018.03.05-04.26.35:574][688]LogTemp: Repeating last play command: Selected Viewport
[2018.03.05-04.26.35:744][688]LogBlueprintUserMessages: Early PlayInEditor Detection: Level '/Game/ThirdPersonCPP/Maps/ThirdPersonExampleMap.ThirdPersonExampleMap:PersistentLevel' has LevelScriptBlueprint '/Game/ThirdPersonCPP/Maps/ThirdPersonExampleMap.ThirdPersonExampleMap:PersistentLevel.ThirdPersonExampleMap' with GeneratedClass '/Game/ThirdPersonCPP/Maps/ThirdPersonExampleMap.ThirdPersonExampleMap_C' with ClassGeneratedBy '/Game/ThirdPersonCPP/Maps/ThirdPersonExampleMap.ThirdPersonExampleMap:PersistentLevel.ThirdPersonExampleMap'
[2018.03.05-04.26.35:768][688]LogPlayLevel: PlayLevel: No blueprints needed recompiling
[2018.03.05-04.26.35:858][688]PIE: New page: PIE session: ThirdPersonExampleMap (Mar 4, 2018, 4:26:35 PM)
[2018.03.05-04.26.35:858][688]LogTemp: Warning: GameInstance Constructor
[2018.03.05-04.26.35:868][688]LogPlayLevel: Creating play world package: /Game/ThirdPersonCPP/Maps/UEDPIE_0_ThirdPersonExampleMap
[2018.03.05-04.26.35:943][688]LogPlayLevel: PIE: StaticDuplicateObject took: (0.075054s)
[2018.03.05-04.26.35:944][688]LogAIModule: Creating AISystem for world ThirdPersonExampleMap
[2018.03.05-04.26.35:960][688]LogPlayLevel: PIE: World Init took: (0.017095s)
[2018.03.05-04.26.35:982][688]LogPlayLevel: PIE: Created PIE world by copying editor world from /Game/ThirdPersonCPP/Maps/ThirdPersonExampleMap.ThirdPersonExampleMap to /Game/ThirdPersonCPP/Maps/UEDPIE_0_ThirdPersonExampleMap.ThirdPersonExampleMap (0.114303s)
[2018.03.05-04.26.36:033][688]LogTemp: Warning: GameInstance Init
[2018.03.05-04.26.36:067][688]LogInit: XAudio2 using 'Speakers (Realtek High Definition Audio)' : 2 channels at 48 kHz using 32 bits per sample (channel mask 0x3)
[2018.03.05-04.26.36:082][688]LogInit: FAudioDevice initialized.
[2018.03.05-04.26.36:162][688]LogLoad: Game class is 'PuzzlePlatformsGameMode'
[2018.03.05-04.26.36:194][688]LogWorld: Bringing World /Game/ThirdPersonCPP/Maps/UEDPIE_0_ThirdPersonExampleMap.ThirdPersonExampleMap up for play (max tick rate 0) at 2018.03.04-22.26.36
[2018.03.05-04.26.36:229][688]LogWorld: Bringing up level for play took: 0.051576
[2018.03.05-04.26.36:389][688]LogContentBrowser: Native class hierarchy updated for 'MovieSceneCapture' in 0.0014 seconds. Added 11 classes and 0 folders.
[2018.03.05-04.26.36:410][688]PIE: Play in editor start time for /Game/ThirdPersonCPP/Maps/UEDPIE_0_ThirdPersonExampleMap -0.265
[2018.03.05-04.26.36:410][688]LogBlueprintUserMessages: Late PlayInEditor Detection: Level '/Game/ThirdPersonCPP/Maps/ThirdPersonExampleMap.ThirdPersonExampleMap:PersistentLevel' has LevelScriptBlueprint '/Game/ThirdPersonCPP/Maps/ThirdPersonExampleMap.ThirdPersonExampleMap:PersistentLevel.ThirdPersonExampleMap' with GeneratedClass '/Game/ThirdPersonCPP/Maps/ThirdPersonExampleMap.ThirdPersonExampleMap_C' with ClassGeneratedBy '/Game/ThirdPersonCPP/Maps/ThirdPersonExampleMap.ThirdPersonExampleMap:PersistentLevel.ThirdPersonExampleMap'
[2018.03.05-04.26.40:370][117]LogGameMode: ProcessServerTravel: /Game/ThirdPersonCPP/Maps/ThirdPersonExampleMap?listen
[2018.03.05-04.26.40:373][117]LogEngine: Server switch level: /Game/ThirdPersonCPP/Maps/ThirdPersonExampleMap?listen
[2018.03.05-04.26.40:373][117]LogNet: Browse: /Game/ThirdPersonCPP/Maps/ThirdPersonExampleMap?listen
[2018.03.05-04.26.40:387][117]LogLoad: LoadMap: /Game/ThirdPersonCPP/Maps/ThirdPersonExampleMap?listen
[2018.03.05-04.26.40:497][117]LogPlayLevel: Creating play world package: /Game/ThirdPersonCPP/Maps/UEDPIE_0_ThirdPersonExampleMap
[2018.03.05-04.26.40:521][117]LogPlayLevel: PIE: StaticDuplicateObject took: (0.024017s)
[2018.03.05-04.26.40:522][117]LogAIModule: Creating AISystem for world ThirdPersonExampleMap
[2018.03.05-04.26.40:522][117]LogPlayLevel: PIE: World Init took: (0.001484s)
[2018.03.05-04.26.40:523][117]LogPlayLevel: PIE: Created PIE world by copying editor world from /Game/ThirdPersonCPP/Maps/ThirdPersonExampleMap.ThirdPersonExampleMap to /Game/ThirdPersonCPP/Maps/UEDPIE_0_ThirdPersonExampleMap.ThirdPersonExampleMap (0.026180s)
[2018.03.05-04.26.40:523][117]LogLoad: Game class is 'PuzzlePlatformsGameMode'
[2018.03.05-04.26.40:529][117]LogTemp: Display: ParseSettings for GameNetDriver
[2018.03.05-04.26.40:531][117]LogTemp: Display: ParseSettings for IpNetDriver_0
[2018.03.05-04.26.40:531][117]LogTemp: Display: ParseSettings for GameNetDriver
[2018.03.05-04.26.40:557][117]LogInit: WinSock: Socket queue 131072 / 131072
[2018.03.05-04.26.40:585][117]LogInit: WinSock: I am BlackWidow-PC (192.168.0.5:0)
[2018.03.05-04.26.40:595][117]PacketHandlerLog: Loaded PacketHandler component: Engine.EngineHandlerComponentFactory (StatelessConnectHandlerComponent)
[2018.03.05-04.26.40:599][117]LogNet: GameNetDriver IpNetDriver_0 IpNetDriver listening on port 7777
[2018.03.05-04.26.40:603][117]LogWorld: Bringing World /Game/ThirdPersonCPP/Maps/UEDPIE_0_ThirdPersonExampleMap.ThirdPersonExampleMap up for play (max tick rate 0) at 2018.03.04-22.26.40
[2018.03.05-04.26.40:604][117]LogWorld: Bringing up level for play took: 0.003498
[2018.03.05-04.26.40:605][117]LogLoad: Took 0.217787 seconds to LoadMap(/Game/ThirdPersonCPP/Maps/UEDPIE_0_ThirdPersonExampleMap)
[2018.03.05-04.26.49:043][ 90]LogBlueprintUserMessages: Early EndPlayMap Detection: Level '/Game/ThirdPersonCPP/Maps/ThirdPersonExampleMap.ThirdPersonExampleMap:PersistentLevel' has LevelScriptBlueprint '/Game/ThirdPersonCPP/Maps/ThirdPersonExampleMap.ThirdPersonExampleMap:PersistentLevel.ThirdPersonExampleMap' with GeneratedClass '/Game/ThirdPersonCPP/Maps/ThirdPersonExampleMap.ThirdPersonExampleMap_C' with ClassGeneratedBy '/Game/ThirdPersonCPP/Maps/ThirdPersonExampleMap.ThirdPersonExampleMap:PersistentLevel.ThirdPersonExampleMap'
[2018.03.05-04.26.49:132][ 90]LogBlueprintUserMessages: Late EndPlayMap Detection: Level '/Game/ThirdPersonCPP/Maps/ThirdPersonExampleMap.ThirdPersonExampleMap:PersistentLevel' has LevelScriptBlueprint '/Game/ThirdPersonCPP/Maps/ThirdPersonExampleMap.ThirdPersonExampleMap:PersistentLevel.ThirdPersonExampleMap' with GeneratedClass '/Game/ThirdPersonCPP/Maps/ThirdPersonExampleMap.ThirdPersonExampleMap_C' with ClassGeneratedBy '/Game/ThirdPersonCPP/Maps/ThirdPersonExampleMap.ThirdPersonExampleMap:PersistentLevel.ThirdPersonExampleMap'
[2018.03.05-04.26.49:176][ 90]LogExit: GameNetDriver None shut down
[2018.03.05-04.26.51:062][308]LogTemp: Repeating last play command: Selected Viewport
[2018.03.05-04.26.51:078][308]LogBlueprintUserMessages: Early PlayInEditor Detection: Level '/Game/ThirdPersonCPP/Maps/ThirdPersonExampleMap.ThirdPersonExampleMap:PersistentLevel' has LevelScriptBlueprint '/Game/ThirdPersonCPP/Maps/ThirdPersonExampleMap.ThirdPersonExampleMap:PersistentLevel.ThirdPersonExampleMap' with GeneratedClass '/Game/ThirdPersonCPP/Maps/ThirdPersonExampleMap.ThirdPersonExampleMap_C' with ClassGeneratedBy '/Game/ThirdPersonCPP/Maps/ThirdPersonExampleMap.ThirdPersonExampleMap:PersistentLevel.ThirdPersonExampleMap'
[2018.03.05-04.26.51:078][308]LogPlayLevel: PlayLevel: No blueprints needed recompiling
[2018.03.05-04.26.51:078][308]PIE: New page: PIE session: ThirdPersonExampleMap (Mar 4, 2018, 4:26:51 PM)
[2018.03.05-04.26.51:078][308]LogTemp: Warning: GameInstance Constructor
[2018.03.05-04.26.51:078][308]LogPlayLevel: Creating play world package: /Game/ThirdPersonCPP/Maps/UEDPIE_0_ThirdPersonExampleMap
[2018.03.05-04.26.51:101][308]LogPlayLevel: PIE: StaticDuplicateObject took: (0.022731s)
[2018.03.05-04.26.51:102][308]LogAIModule: Creating AISystem for world ThirdPersonExampleMap
[2018.03.05-04.26.51:103][308]LogPlayLevel: PIE: World Init took: (0.001380s)
[2018.03.05-04.26.51:103][308]LogPlayLevel: PIE: Created PIE world by copying editor world from /Game/ThirdPersonCPP/Maps/ThirdPersonExampleMap.ThirdPersonExampleMap to /Game/ThirdPersonCPP/Maps/UEDPIE_0_ThirdPersonExampleMap.ThirdPersonExampleMap (0.024575s)
[2018.03.05-04.26.51:145][308]LogTemp: Warning: GameInstance Init
[2018.03.05-04.26.51:161][308]LogInit: XAudio2 using 'Speakers (Realtek High Definition Audio)' : 2 channels at 48 kHz using 32 bits per sample (channel mask 0x3)
[2018.03.05-04.26.51:177][308]LogInit: FAudioDevice initialized.
[2018.03.05-04.26.51:209][308]LogLoad: Game class is 'PuzzlePlatformsGameMode'
[2018.03.05-04.26.51:211][308]LogWorld: Bringing World /Game/ThirdPersonCPP/Maps/UEDPIE_0_ThirdPersonExampleMap.ThirdPersonExampleMap up for play (max tick rate 0) at 2018.03.04-22.26.51
[2018.03.05-04.26.51:212][308]LogWorld: Bringing up level for play took: 0.002292
[2018.03.05-04.26.51:213][308]PIE: Play in editor start time for /Game/ThirdPersonCPP/Maps/UEDPIE_0_ThirdPersonExampleMap 0.538
[2018.03.05-04.26.51:213][308]LogBlueprintUserMessages: Late PlayInEditor Detection: Level '/Game/ThirdPersonCPP/Maps/ThirdPersonExampleMap.ThirdPersonExampleMap:PersistentLevel' has LevelScriptBlueprint '/Game/ThirdPersonCPP/Maps/ThirdPersonExampleMap.ThirdPersonExampleMap:PersistentLevel.ThirdPersonExampleMap' with GeneratedClass '/Game/ThirdPersonCPP/Maps/ThirdPersonExampleMap.ThirdPersonExampleMap_C' with ClassGeneratedBy '/Game/ThirdPersonCPP/Maps/ThirdPersonExampleMap.ThirdPersonExampleMap:PersistentLevel.ThirdPersonExampleMap'
[2018.03.05-04.26.54:327][670]LogBlueprintUserMessages: Early EndPlayMap Detection: Level '/Game/ThirdPersonCPP/Maps/ThirdPersonExampleMap.ThirdPersonExampleMap:PersistentLevel' has LevelScriptBlueprint '/Game/ThirdPersonCPP/Maps/ThirdPersonExampleMap.ThirdPersonExampleMap:PersistentLevel.ThirdPersonExampleMap' with GeneratedClass '/Game/ThirdPersonCPP/Maps/ThirdPersonExampleMap.ThirdPersonExampleMap_C' with ClassGeneratedBy '/Game/ThirdPersonCPP/Maps/ThirdPersonExampleMap.ThirdPersonExampleMap:PersistentLevel.ThirdPersonExampleMap'
[2018.03.05-04.26.54:362][670]LogBlueprintUserMessages: Late EndPlayMap Detection: Level '/Game/ThirdPersonCPP/Maps/ThirdPersonExampleMap.ThirdPersonExampleMap:PersistentLevel' has LevelScriptBlueprint '/Game/ThirdPersonCPP/Maps/ThirdPersonExampleMap.ThirdPersonExampleMap:PersistentLevel.ThirdPersonExampleMap' with GeneratedClass '/Game/ThirdPersonCPP/Maps/ThirdPersonExampleMap.ThirdPersonExampleMap_C' with ClassGeneratedBy '/Game/ThirdPersonCPP/Maps/ThirdPersonExampleMap.ThirdPersonExampleMap:PersistentLevel.ThirdPersonExampleMap'
[2018.03.05-04.57.58:297][ 36]LogSlate: Took 0.000349 seconds to synchronously load lazily loaded font '../../../Engine/Content/Slate/Fonts/Roboto-Light.ttf' (159K)
[2018.03.05-04.57.58:954][ 36]LogContentBrowser: Native class hierarchy updated for 'BlueprintGraph' in 0.0018 seconds. Added 116 classes and 0 folders.
[2018.03.05-04.58.01:009][ 36]LogSlate: Took 0.005902 seconds to synchronously load lazily loaded font '../../../Engine/Content/Editor/Slate/Fonts/Roboto-BoldCondensed.ttf' (158K)
[2018.03.05-04.58.10:936][548]BlueprintLog: New page: Compile WBP_MainMenu
[2018.03.05-04.58.11:051][548]Cmd: OBJ SAVEPACKAGE PACKAGE="/Game/MainMenu/WBP_MainMenu" FILE="../../../../PuzzlePlatforms/Content/MainMenu/WBP_MainMenu.uasset" SILENT=true
[2018.03.05-04.58.11:119][548]LogSavePackage: Save=20.18ms
[2018.03.05-04.58.11:119][548]LogSavePackage: Moving '../../../../PuzzlePlatforms/Saved/WBP_MainMenuC75D3B6346CA1C91FCEB8FA3AE05BB00.tmp' to '../../../../PuzzlePlatforms/Content/MainMenu/WBP_MainMenu.uasset'
[2018.03.05-04.58.11:124][548]LogSavePackage: Display: Finished SavePackage ../../../../PuzzlePlatforms/Content/MainMenu/WBP_MainMenu.uasset
[2018.03.05-08.27.29:947][864]LogSlate: Took 0.244343 seconds to synchronously load lazily loaded font '../../../Engine/Content/Editor/Slate/Fonts/Roboto-Italic.ttf' (157K)
[2018.03.06-16.15.05:680][641]LogHttp: Warning: 0000020F02B6D600: request failed, libcurl error: 6 (Couldn't resolve host name)
[2018.03.06-16.15.05:681][641]LogHttp: Warning: 0000020F02B6D600: libcurl info message cache 0 (Connection 131 seems to be dead!)
[2018.03.06-16.15.05:682][641]LogHttp: Warning: 0000020F02B6D600: libcurl info message cache 1 (Closing connection 131)
[2018.03.06-16.15.05:682][641]LogHttp: Warning: 0000020F02B6D600: libcurl info message cache 2 (Could not resolve host: datarouter.ol.epicgames.com)
[2018.03.06-16.15.05:682][641]LogHttp: Warning: 0000020F02B6D600: libcurl info message cache 3 (Closing connection 132)
[2018.03.06-18.42.08:264][760]Cmd: QUIT_EDITOR
[2018.03.06-18.42.09:272][760]LogWindowsTextInputMethodSystem: Display: IME system now deactivated.
[2018.03.06-18.42.09:289][760]LogExit: Preparing to exit.
[2018.03.06-18.42.10:095][760]LogDirectoryWatcher: A directory notification for 'E:/Unreal_Engine/PuzzlePlatforms/Content/' was aborted.
[2018.03.06-18.42.10:205][760]LogExit: Editor shut down
[2018.03.06-18.42.10:245][760]LogExit: Transaction tracking system shut down
[2018.03.06-18.42.10:466][760]LogDirectoryWatcher: A directory notification for '../../../Engine/Content/' was aborted.
[2018.03.06-18.42.10:466][760]LogDirectoryWatcher: A directory notification for '../../../../PuzzlePlatforms/Content/' was aborted.
[2018.03.06-18.42.10:467][760]LogDirectoryWatcher: A directory notification for '../../../Engine/Plugins/2D/Paper2D/Content/' was aborted.
[2018.03.06-18.42.10:467][760]LogDirectoryWatcher: A directory notification for '../../../Engine/Plugins/Media/MediaCompositing/Content/' was aborted.
[2018.03.06-18.42.10:467][760]LogDirectoryWatcher: A directory notification for '../../../Engine/Plugins/Runtime/AppleARKit/Content/' was aborted.
[2018.03.06-18.42.10:467][760]LogDirectoryWatcher: A directory notification for '../../../Engine/Plugins/Runtime/Oculus/OculusVR/Content/' was aborted.
[2018.03.06-18.42.10:467][760]LogDirectoryWatcher: A directory notification for '../../../Engine/Plugins/Runtime/Steam/SteamVR/Content/' was aborted.
[2018.03.06-18.42.10:658][760]LogExit: Object subsystem successfully closed.
[2018.03.06-18.42.10:690][760]LogD3D11RHI: Shutdown
[2018.03.06-18.42.10:690][760]LogD3D11RHI: CleanupD3DDevice
[2018.03.06-18.42.10:698][760]LogD3D11RHI: ~FD3D11DynamicRHI
[2018.03.06-18.42.10:716][760]LogModuleManager: Shutting down and abandoning module SequencerWidgets (558)
[2018.03.06-18.42.10:716][760]LogModuleManager: Shutting down and abandoning module BlueprintGraph (556)
[2018.03.06-18.42.10:716][760]LogModuleManager: Shutting down and abandoning module MovieSceneCapture (552)
[2018.03.06-18.42.10:717][760]LogModuleManager: Shutting down and abandoning module HierarchicalLODOutliner (550)
[2018.03.06-18.42.10:717][760]LogModuleManager: Shutting down and abandoning module DesktopPlatform (548)
[2018.03.06-18.42.10:717][760]LogModuleManager: Shutting down and abandoning module SceneOutliner (546)
[2018.03.06-18.42.10:717][760]LogModuleManager: Shutting down and abandoning module AddContentDialog (544)
[2018.03.06-18.42.10:717][760]LogDirectoryWatcher: A directory notification for 'E:/Unreal_Engine/UE_4.18/FeaturePacks/' was aborted.
[2018.03.06-18.42.10:723][760]LogModuleManager: Shutting down and abandoning module WidgetCarousel (543)
[2018.03.06-18.42.10:724][760]LogModuleManager: Shutting down and abandoning module EditorWidgets (540)
[2018.03.06-18.42.10:724][760]LogModuleManager: Shutting down and abandoning module CollectionManager (538)
[2018.03.06-18.42.10:724][760]LogDirectoryWatcher: A directory notification for 'E:/Unreal_Engine/PuzzlePlatforms/Content/Collections/' was aborted.
[2018.03.06-18.42.10:724][760]LogDirectoryWatcher: A directory notification for 'E:/Unreal_Engine/PuzzlePlatforms/Content/Developers/Rayray/Collections/' was aborted.
[2018.03.06-18.42.10:724][760]LogDirectoryWatcher: A directory notification for 'E:/Unreal_Engine/PuzzlePlatforms/Saved/Collections/' was aborted.
[2018.03.06-18.42.10:724][760]LogModuleManager: Shutting down and abandoning module StatsViewer (536)
[2018.03.06-18.42.10:724][760]LogModuleManager: Shutting down and abandoning module FoliageEdit (534)
[2018.03.06-18.42.10:724][760]LogModuleManager: Shutting down and abandoning module LandscapeEditor (532)
[2018.03.06-18.42.10:724][760]LogModuleManager: Shutting down and abandoning module MeshPaintMode (530)
[2018.03.06-18.42.10:724][760]LogModuleManager: Shutting down and abandoning module SceneDepthPickerMode (528)
[2018.03.06-18.42.10:724][760]LogModuleManager: Shutting down and abandoning module ActorPickerMode (526)
[2018.03.06-18.42.10:724][760]LogModuleManager: Shutting down and abandoning module GeometryMode (524)
[2018.03.06-18.42.10:724][760]LogModuleManager: Shutting down and abandoning module TextureAlignMode (522)
[2018.03.06-18.42.10:724][760]LogModuleManager: Shutting down and abandoning module BspMode (520)
[2018.03.06-18.42.10:724][760]LogModuleManager: Shutting down and abandoning module PIEPreviewDeviceProfileSelector (518)
[2018.03.06-18.42.10:724][760]LogModuleManager: Shutting down and abandoning module HardwareSurvey (516)
[2018.03.06-18.42.10:724][760]LogModuleManager: Shutting down and abandoning module SequenceRecorderSections (514)
[2018.03.06-18.42.10:724][760]LogModuleManager: Shutting down and abandoning module AutomationWorker (512)
[2018.03.06-18.42.10:725][760]LogModuleManager: Shutting down and abandoning module MatineeToLevelSequence (510)
[2018.03.06-18.42.10:725][760]LogModuleManager: Shutting down and abandoning module LevelSequenceEditor (508)
[2018.03.06-18.42.10:725][760]LogModuleManager: Shutting down and abandoning module PlacementMode (507)
[2018.03.06-18.42.10:725][760]LogModuleManager: Shutting down and abandoning module WmfMediaFactory (504)
[2018.03.06-18.42.10:725][760]LogModuleManager: Shutting down and abandoning module WmfMediaEditor (502)
[2018.03.06-18.42.10:725][760]LogModuleManager: Shutting down and abandoning module OpenExrWrapper (500)
[2018.03.06-18.42.10:725][760]LogModuleManager: Shutting down and abandoning module ImgMediaFactory (498)
[2018.03.06-18.42.10:725][760]LogModuleManager: Shutting down and abandoning module ImgMediaEditor (496)
[2018.03.06-18.42.10:725][760]LogModuleManager: Shutting down and abandoning module AvfMediaFactory (494)
[2018.03.06-18.42.10:725][760]LogModuleManager: Shutting down and abandoning module AvfMediaEditor (492)
[2018.03.06-18.42.10:725][760]LogModuleManager: Shutting down and abandoning module AndroidMediaFactory (490)
[2018.03.06-18.42.10:725][760]LogModuleManager: Shutting down and abandoning module AndroidMediaEditor (488)
[2018.03.06-18.42.10:725][760]LogModuleManager: Shutting down and abandoning module CharacterAI (486)
[2018.03.06-18.42.10:725][760]LogModuleManager: Shutting down and abandoning module AudioCapture (484)
[2018.03.06-18.42.10:725][760]LogModuleManager: Shutting down and abandoning module SequenceRecorder (483)
[2018.03.06-18.42.10:725][760]LogModuleManager: Shutting down and abandoning module SmartSnapping (480)
[2018.03.06-18.42.10:725][760]LogModuleManager: Shutting down and abandoning module SessionServices (478)
[2018.03.06-18.42.10:726][760]LogModuleManager: Shutting down and abandoning module ViewportSnapping (476)
[2018.03.06-18.42.10:726][760]LogModuleManager: Shutting down and abandoning module ViewportInteraction (474)
[2018.03.06-18.42.10:726][760]LogModuleManager: Shutting down and abandoning module ClothPainter (472)
[2018.03.06-18.42.10:726][760]LogModuleManager: Shutting down and abandoning module SkeletalMeshEditor (471)
[2018.03.06-18.42.10:726][760]LogModuleManager: Shutting down and abandoning module LogVisualizer (468)
[2018.03.06-18.42.10:726][760]LogModuleManager: Shutting down and abandoning module IntroTutorials (466)
[2018.03.06-18.42.10:726][760]LogModuleManager: Shutting down and abandoning module GameProjectGeneration (465)
[2018.03.06-18.42.10:726][760]LogModuleManager: Shutting down and abandoning module IOSPlatformEditor (462)
[2018.03.06-18.42.10:726][760]LogModuleManager: Shutting down and abandoning module HTML5PlatformEditor (460)
[2018.03.06-18.42.10:726][760]LogModuleManager: Shutting down and abandoning module AndroidPlatformEditor (458)
[2018.03.06-18.42.10:726][760]LogModuleManager: Shutting down and abandoning module AndroidDeviceDetection (457)
[2018.03.06-18.42.11:455][760]LogModuleManager: Shutting down and abandoning module WindowsPlatformEditor (454)
[2018.03.06-18.42.11:455][760]LogModuleManager: Shutting down and abandoning module IOSRuntimeSettings (452)
[2018.03.06-18.42.11:455][760]LogModuleManager: Shutting down and abandoning module AndroidRuntimeSettings (450)
[2018.03.06-18.42.11:455][760]LogModuleManager: Shutting down and abandoning module InputBindingEditor (448)
[2018.03.06-18.42.11:455][760]LogModuleManager: Shutting down and abandoning module MergeActors (446)
[2018.03.06-18.42.11:455][760]LogModuleManager: Shutting down and abandoning module SizeMap (444)
[2018.03.06-18.42.11:455][760]LogModuleManager: Shutting down and abandoning module TreeMap (442)
[2018.03.06-18.42.11:455][760]LogModuleManager: Shutting down and abandoning module ReferenceViewer (440)
[2018.03.06-18.42.11:455][760]LogModuleManager: Shutting down and abandoning module LocalizationDashboard (438)
[2018.03.06-18.42.11:456][760]LogModuleManager: Shutting down and abandoning module LocalizationService (437)
[2018.03.06-18.42.11:456][760]LogModuleManager: Shutting down and abandoning module HardwareTargeting (434)
[2018.03.06-18.42.11:456][760]LogModuleManager: Shutting down and abandoning module DeviceProfileEditor (432)
[2018.03.06-18.42.11:456][760]LogModuleManager: Shutting down and abandoning module UndoHistory (430)
[2018.03.06-18.42.11:456][760]LogModuleManager: Shutting down and abandoning module XmlParser (428)
[2018.03.06-18.42.11:456][760]LogModuleManager: Shutting down and abandoning module Blutility (426)
[2018.03.06-18.42.11:456][760]LogModuleManager: Shutting down and abandoning module ProjectSettingsViewer (424)
[2018.03.06-18.42.11:456][760]LogModuleManager: Shutting down and abandoning module ProjectTargetPlatformEditor (423)
[2018.03.06-18.42.11:459][760]LogModuleManager: Shutting down and abandoning module EditorSettingsViewer (420)
[2018.03.06-18.42.11:459][760]LogModuleManager: Shutting down and abandoning module SettingsEditor (418)
[2018.03.06-18.42.11:459][760]LogModuleManager: Shutting down and abandoning module ProjectLauncher (416)
[2018.03.06-18.42.11:459][760]LogModuleManager: Shutting down and abandoning module SessionFrontend (414)
[2018.03.06-18.42.11:460][760]LogModuleManager: Shutting down and abandoning module ProfilerClient (412)
[2018.03.06-18.42.11:460][760]LogModuleManager: Shutting down and abandoning module DeviceManager (410)
[2018.03.06-18.42.11:460][760]LogModuleManager: Shutting down and abandoning module TargetDeviceServices (409)
[2018.03.06-18.42.11:526][760]LogModuleManager: Shutting down and abandoning module AutomationController (406)
[2018.03.06-18.42.11:526][760]LogModuleManager: Shutting down and abandoning module AutomationWindow (404)
[2018.03.06-18.42.11:526][760]LogModuleManager: Shutting down and abandoning module Layers (402)
[2018.03.06-18.42.11:526][760]LogModuleManager: Shutting down and abandoning module ComponentVisualizers (400)
[2018.03.06-18.42.11:526][760]LogModuleManager: Shutting down and abandoning module DetailCustomizations (398)
[2018.03.06-18.42.11:526][760]LogModuleManager: Shutting down and abandoning module PackagesDialog (396)
[2018.03.06-18.42.11:526][760]LogModuleManager: Shutting down and abandoning module Persona (394)
[2018.03.06-18.42.11:526][760]LogModuleManager: Shutting down and abandoning module AdvancedPreviewScene (393)
[2018.03.06-18.42.11:526][760]LogModuleManager: Shutting down and abandoning module AnimGraph (391)
[2018.03.06-18.42.11:527][760]LogModuleManager: Shutting down and abandoning module Kismet (388)
[2018.03.06-18.42.11:541][760]LogModuleManager: Shutting down and abandoning module ClassViewer (386)
[2018.03.06-18.42.11:541][760]LogModuleManager: Shutting down and abandoning module Toolbox (384)
[2018.03.06-18.42.11:541][760]LogModuleManager: Shutting down and abandoning module ModuleUI (382)
[2018.03.06-18.42.11:541][760]LogModuleManager: Shutting down and abandoning module MovieSceneTools (380)
[2018.03.06-18.42.11:541][760]LogModuleManager: Shutting down and abandoning module OutputLog (378)
[2018.03.06-18.42.11:541][760]LogModuleManager: Shutting down and abandoning module GammaUI (376)
[2018.03.06-18.42.11:541][760]LogModuleManager: Shutting down and abandoning module Documentation (374)
[2018.03.06-18.42.11:541][760]LogModuleManager: Shutting down and abandoning module MovieSceneTracks (372)
[2018.03.06-18.42.11:541][760]LogModuleManager: Shutting down and abandoning module MovieScene (370)
[2018.03.06-18.42.11:541][760]LogModuleManager: Shutting down and abandoning module StreamingPauseRendering (368)
[2018.03.06-18.42.11:542][760]LogModuleManager: Shutting down and abandoning module LauncherPlatform (366)
[2018.03.06-18.42.11:542][760]LogModuleManager: Shutting down and abandoning module AnalyticsET (364)
[2018.03.06-18.42.11:542][760]LogModuleManager: Shutting down and abandoning module PortalServices (362)
[2018.03.06-18.42.11:542][760]LogModuleManager: Shutting down and abandoning module PortalRpc (360)
[2018.03.06-18.42.11:542][760]LogModuleManager: Shutting down and abandoning module MessagingRpc (358)
[2018.03.06-18.42.11:542][760]LogModuleManager: Shutting down and abandoning module AIModule (356)
[2018.03.06-18.42.11:542][760]LogModuleManager: Shutting down and abandoning module GameplayDebugger (355)
[2018.03.06-18.42.11:542][760]LogModuleManager: Shutting down and abandoning module AITestSuite (353)
[2018.03.06-18.42.11:542][760]LogModuleManager: Shutting down and abandoning module ProfilerService (350)
[2018.03.06-18.42.11:634][760]LogModuleManager: Shutting down and abandoning module TaskGraph (348)
[2018.03.06-18.42.11:635][760]LogModuleManager: Shutting down and abandoning module SteamVRController (346)
[2018.03.06-18.42.11:635][760]LogModuleManager: Shutting down and abandoning module ProceduralMeshComponentEditor (344)
[2018.03.06-18.42.11:635][760]LogModuleManager: Shutting down and abandoning module ProceduralMeshComponent (342)
[2018.03.06-18.42.11:635][760]LogModuleManager: Shutting down and abandoning module OculusInput (340)
[2018.03.06-18.42.11:635][760]LogModuleManager: Shutting down and abandoning module MobilePatchingUtils (338)
[2018.03.06-18.42.11:635][760]LogModuleManager: Shutting down and abandoning module CustomMeshComponent (336)
[2018.03.06-18.42.11:635][760]LogModuleManager: Shutting down and abandoning module CableComponent (334)
[2018.03.06-18.42.11:635][760]LogModuleManager: Shutting down and abandoning module ArchVisCharacter (332)
[2018.03.06-18.42.11:635][760]LogModuleManager: Shutting down and abandoning module AndroidPermission (330)
[2018.03.06-18.42.11:635][760]LogModuleManager: Shutting down and abandoning module ActorSequence (326)
[2018.03.06-18.42.11:635][760]LogModuleManager: Shutting down and abandoning module MediaPlayerEditor (324)
[2018.03.06-18.42.11:635][760]LogModuleManager: Shutting down and abandoning module MediaCompositingEditor (322)
[2018.03.06-18.42.11:635][760]LogModuleManager: Shutting down and abandoning module MediaCompositing (320)
[2018.03.06-18.42.11:635][760]LogModuleManager: Shutting down and abandoning module HTML5Networking (318)
[2018.03.06-18.42.11:635][760]LogModuleManager: Shutting down and abandoning module AlembicImporter (316)
[2018.03.06-18.42.11:635][760]LogModuleManager: Shutting down and abandoning module AlembicLibrary (315)
[2018.03.06-18.42.11:635][760]LogModuleManager: Shutting down and abandoning module GeometryCache (314)
[2018.03.06-18.42.11:635][760]LogModuleManager: Shutting down and abandoning module GeometryCacheEd (313)
[2018.03.06-18.42.11:635][760]LogModuleManager: Shutting down and abandoning module SpeedTreeImporter (308)
[2018.03.06-18.42.11:635][760]LogModuleManager: Shutting down and abandoning module PluginBrowser (306)
[2018.03.06-18.42.11:635][760]LogModuleManager: Shutting down and abandoning module MobileLauncherProfileWizard (304)
[2018.03.06-18.42.11:635][760]LogModuleManager: Shutting down and abandoning module VisualStudioSourceCodeAccess (302)
[2018.03.06-18.42.11:636][760]LogModuleManager: Shutting down and abandoning module VisualStudioCodeSourceCodeAccess (300)
[2018.03.06-18.42.11:636][760]LogModuleManager: Shutting down and abandoning module UObjectPlugin (298)
[2018.03.06-18.42.11:636][760]LogModuleManager: Shutting down and abandoning module SubversionSourceControl (296)
[2018.03.06-18.42.11:636][760]LogModuleManager: Shutting down and abandoning module PerforceSourceControl (294)
[2018.03.06-18.42.11:636][760]LogModuleManager: Shutting down and abandoning module GitSourceControl (292)
[2018.03.06-18.42.11:636][760]LogModuleManager: Shutting down and abandoning module SourceControl (291)
[2018.03.06-18.42.11:636][760]LogModuleManager: Shutting down and abandoning module LightPropagationVolumeEditor (288)
[2018.03.06-18.42.11:636][760]LogModuleManager: Shutting down and abandoning module PaperTiledImporter (286)
[2018.03.06-18.42.11:636][760]LogModuleManager: Shutting down and abandoning module PaperSpriteSheetImporter (284)
[2018.03.06-18.42.11:636][760]LogModuleManager: Shutting down and abandoning module Paper2DEditor (282)
[2018.03.06-18.42.11:636][760]LogModuleManager: Shutting down and abandoning module MeshPaint (281)
[2018.03.06-18.42.11:636][760]LogModuleManager: Shutting down and abandoning module LevelEditor (279)
[2018.03.06-18.42.11:638][760]LogModuleManager: Shutting down and abandoning module PixelInspectorModule (278)
[2018.03.06-18.42.11:638][760]LogModuleManager: Shutting down and abandoning module MainFrame (276)
[2018.03.06-18.42.11:639][760]LogModuleManager: Shutting down and abandoning module HotReload (275)
[2018.03.06-18.42.11:639][760]LogDirectoryWatcher: A directory notification for 'E:/Unreal_Engine/PuzzlePlatforms/Binaries/Win64' was aborted.
[2018.03.06-18.42.11:639][760]LogModuleManager: Shutting down and abandoning module PuzzlePlatforms (270)
[2018.03.06-18.42.11:639][760]LogModuleManager: Shutting down and abandoning module RuntimePhysXCooking (268)
[2018.03.06-18.42.11:639][760]LogModuleManager: Shutting down and abandoning module PhysXVehiclesEditor (266)
[2018.03.06-18.42.11:639][760]LogModuleManager: Shutting down and abandoning module PhysXVehicles (264)
[2018.03.06-18.42.11:639][760]LogModuleManager: Shutting down and abandoning module OculusEditor (262)
[2018.03.06-18.42.11:639][760]LogModuleManager: Shutting down and abandoning module LocationServicesBPLibrary (260)
[2018.03.06-18.42.11:639][760]LogModuleManager: Shutting down and abandoning module ImmediatePhysicsEditor (258)
[2018.03.06-18.42.11:640][760]LogModuleManager: Shutting down and abandoning module ImmediatePhysics (256)
[2018.03.06-18.42.11:640][760]LogModuleManager: Shutting down and abandoning module UdpMessaging (254)
[2018.03.06-18.42.11:741][760]LogModuleManager: Shutting down and abandoning module TcpMessaging (252)
[2018.03.06-18.42.11:843][760]LogModuleManager: Shutting down and abandoning module GameplayTagsEditor (250)
[2018.03.06-18.42.11:843][760]LogModuleManager: Shutting down and abandoning module FacialAnimationEditor (248)
[2018.03.06-18.42.11:843][760]LogModuleManager: Shutting down and abandoning module FacialAnimation (246)
[2018.03.06-18.42.11:843][760]LogModuleManager: Shutting down and abandoning module AssetManagerEditor (244)
[2018.03.06-18.42.11:843][760]LogModuleManager: Shutting down and abandoning module GraphEditor (243)
[2018.03.06-18.42.11:843][760]LogModuleManager: Shutting down and abandoning module ContentBrowser (241)
[2018.03.06-18.42.11:844][760]LogModuleManager: Shutting down and abandoning module LightPropagationVolumeRuntime (238)
[2018.03.06-18.42.11:844][760]LogModuleManager: Shutting down and abandoning module Paper2D (236)
[2018.03.06-18.42.11:844][760]LogModuleManager: Shutting down and abandoning module WindowsMoviePlayer (234)
[2018.03.06-18.42.11:844][760]LogModuleManager: Shutting down and abandoning module WmfMedia (232)
[2018.03.06-18.42.11:847][760]LogModuleManager: Shutting down and abandoning module ImgMedia (230)
[2018.03.06-18.42.11:847][760]LogModuleManager: Shutting down and abandoning module PacketHandler (228)
[2018.03.06-18.42.11:847][760]LogModuleManager: Shutting down and abandoning module ClothingSystemEditor (226)
[2018.03.06-18.42.11:847][760]LogModuleManager: Shutting down and abandoning module ClothingSystemRuntime (224)
[2018.03.06-18.42.11:847][760]LogModuleManager: Shutting down and abandoning module MediaAssets (222)
[2018.03.06-18.42.11:847][760]LogModuleManager: Shutting down and abandoning module Media (221)
[2018.03.06-18.42.11:853][760]LogModuleManager: Shutting down and abandoning module Overlay (218)
[2018.03.06-18.42.11:853][760]LogModuleManager: Shutting down and abandoning module OverlayEditor (217)
[2018.03.06-18.42.11:853][760]LogModuleManager: Shutting down and abandoning module VREditor (214)
[2018.03.06-18.42.11:853][760]LogModuleManager: Shutting down and abandoning module StringTableEditor (212)
[2018.03.06-18.42.11:853][760]LogModuleManager: Shutting down and abandoning module GameplayTasksEditor (210)
[2018.03.06-18.42.11:853][760]LogModuleManager: Shutting down and abandoning module BehaviorTreeEditor (208)
[2018.03.06-18.42.11:853][760]LogModuleManager: Shutting down and abandoning module FunctionalTesting (206)
[2018.03.06-18.42.11:854][760]LogModuleManager: Shutting down and abandoning module CollisionAnalyzer (204)
[2018.03.06-18.42.11:854][760]LogModuleManager: Shutting down and abandoning module WorkspaceMenuStructure (203)
[2018.03.06-18.42.11:854][760]LogModuleManager: Shutting down and abandoning module UMG (200)
[2018.03.06-18.42.11:854][760]LogModuleManager: Shutting down and abandoning module UMGEditor (199)
[2018.03.06-18.42.11:854][760]LogModuleManager: Shutting down and abandoning module Sequencer (198)
[2018.03.06-18.42.11:854][760]LogModuleManager: Shutting down and abandoning module MessageLog (195)
[2018.03.06-18.42.11:854][760]LogModuleManager: Shutting down and abandoning module SlateReflector (190)
[2018.03.06-18.42.11:854][760]LogModuleManager: Shutting down and abandoning module Slate (188)
[2018.03.06-18.42.11:854][760]LogModuleManager: Shutting down and abandoning module EditorStyle (186)
[2018.03.06-18.42.11:858][760]LogModuleManager: Shutting down and abandoning module MRMesh (184)
[2018.03.06-18.42.11:858][760]LogModuleManager: Shutting down and abandoning module SourceCodeAccess (182)
[2018.03.06-18.42.11:858][760]LogModuleManager: Shutting down and abandoning module HeadMountedDisplay (180)
[2018.03.06-18.42.11:858][760]LogModuleManager: Shutting down and abandoning module XAudio2 (178)
[2018.03.06-18.42.11:858][760]LogModuleManager: Shutting down and abandoning module Networking (176)
[2018.03.06-18.42.11:858][760]LogModuleManager: Shutting down and abandoning module Core (172)
[2018.03.06-18.42.11:858][760]LogModuleManager: Shutting down and abandoning module LevelSequence (168)
[2018.03.06-18.42.11:858][760]LogModuleManager: Shutting down and abandoning module DirectoryWatcher (166)
[2018.03.06-18.42.11:870][760]LogModuleManager: Shutting down and abandoning module KismetCompiler (164)
[2018.03.06-18.42.11:870][760]LogModuleManager: Shutting down and abandoning module MeshUtilities (162)
[2018.03.06-18.42.11:870][760]LogModuleManager: Shutting down and abandoning module MeshMergeUtilities (161)
[2018.03.06-18.42.11:870][760]LogModuleManager: Shutting down and abandoning module MeshReductionInterface (160)
[2018.03.06-18.42.11:870][760]LogModuleManager: Shutting down and abandoning module SimplygonSwarm (159)
[2018.03.06-18.42.11:870][760]LogModuleManager: Shutting down and abandoning module SimplygonMeshReduction (157)
[2018.03.06-18.42.11:870][760]LogModuleManager: Shutting down and abandoning module QuadricMeshReduction (155)
[2018.03.06-18.42.11:870][760]LogModuleManager: Shutting down and abandoning module MaterialBaking (151)
[2018.03.06-18.42.11:870][760]LogModuleManager: Shutting down and abandoning module DerivedDataCache (148)
[2018.03.06-18.42.11:962][760]LogDerivedDataCache: Shutdown
[2018.03.06-18.42.11:962][760]LogModuleManager: Shutting down and abandoning module TargetPlatform (146)
[2018.03.06-18.42.11:962][760]LogModuleManager: Shutting down and abandoning module VulkanShaderFormat (145)
[2018.03.06-18.42.11:962][760]LogModuleManager: Shutting down and abandoning module ShaderFormatVectorVM (143)
[2018.03.06-18.42.11:962][760]LogModuleManager: Shutting down and abandoning module ShaderFormatOpenGL (141)
[2018.03.06-18.42.11:962][760]LogModuleManager: Shutting down and abandoning module ShaderFormatD3D (139)
[2018.03.06-18.42.11:962][760]LogModuleManager: Shutting down and abandoning module MetalShaderFormat (137)
[2018.03.06-18.42.11:963][760]LogModuleManager: Shutting down and abandoning module TextureFormatUncompressed (135)
[2018.03.06-18.42.11:963][760]LogModuleManager: Shutting down and abandoning module TextureFormatPVR (133)
[2018.03.06-18.42.11:963][760]LogModuleManager: Shutting down and abandoning module TextureFormatDXT (131)
[2018.03.06-18.42.11:963][760]LogModuleManager: Shutting down and abandoning module TextureFormatIntelISPCTexComp (129)
[2018.03.06-18.42.11:963][760]LogModuleManager: Shutting down and abandoning module TextureFormatASTC (127)
[2018.03.06-18.42.11:963][760]LogModuleManager: Shutting down and abandoning module ImageWrapper (126)
[2018.03.06-18.42.11:963][760]LogModuleManager: Shutting down and abandoning module TextureFormatAndroid (123)
[2018.03.06-18.42.11:963][760]LogModuleManager: Shutting down and abandoning module AudioFormatOpus (121)
[2018.03.06-18.42.11:963][760]LogModuleManager: Shutting down and abandoning module AudioFormatOgg (119)
[2018.03.06-18.42.11:963][760]LogModuleManager: Shutting down and abandoning module AudioFormatADPCM (117)
[2018.03.06-18.42.11:963][760]LogModuleManager: Shutting down and abandoning module LinuxTargetPlatform (115)
[2018.03.06-18.42.11:964][760]LogModuleManager: Shutting down and abandoning module LinuxServerTargetPlatform (113)
[2018.03.06-18.42.11:964][760]LogModuleManager: Shutting down and abandoning module LinuxNoEditorTargetPlatform (111)
[2018.03.06-18.42.11:964][760]LogModuleManager: Shutting down and abandoning module LinuxClientTargetPlatform (109)
[2018.03.06-18.42.11:964][760]LogModuleManager: Shutting down and abandoning module TVOSTargetPlatform (107)
[2018.03.06-18.42.11:964][760]LogModuleManager: Shutting down and abandoning module Messaging (105)
[2018.03.06-18.42.11:964][760]LogModuleManager: Shutting down and abandoning module IOSTargetPlatform (103)
[2018.03.06-18.42.11:964][760]LogModuleManager: Shutting down and abandoning module HTML5TargetPlatform (101)
[2018.03.06-18.42.11:964][760]LogModuleManager: Shutting down and abandoning module AndroidTargetPlatform (99)
[2018.03.06-18.42.11:964][760]LogModuleManager: Shutting down and abandoning module Android_PVRTCTargetPlatform (97)
[2018.03.06-18.42.11:964][760]LogModuleManager: Shutting down and abandoning module Android_MultiTargetPlatform (95)
[2018.03.06-18.42.11:964][760]LogModuleManager: Shutting down and abandoning module Android_ETC2TargetPlatform (93)
[2018.03.06-18.42.11:964][760]LogModuleManager: Shutting down and abandoning module Android_ETC1TargetPlatform (91)
[2018.03.06-18.42.11:964][760]LogModuleManager: Shutting down and abandoning module Android_DXTTargetPlatform (89)
[2018.03.06-18.42.11:964][760]LogModuleManager: Shutting down and abandoning module Android_ATCTargetPlatform (87)
[2018.03.06-18.42.11:964][760]LogModuleManager: Shutting down and abandoning module Android_ASTCTargetPlatform (85)
[2018.03.06-18.42.11:964][760]LogModuleManager: Shutting down and abandoning module WindowsTargetPlatform (83)
[2018.03.06-18.42.11:964][760]LogModuleManager: Shutting down and abandoning module WindowsServerTargetPlatform (81)
[2018.03.06-18.42.11:964][760]LogModuleManager: Shutting down and abandoning module WindowsNoEditorTargetPlatform (79)
[2018.03.06-18.42.11:964][760]LogModuleManager: Shutting down and abandoning module WindowsClientTargetPlatform (77)
[2018.03.06-18.42.11:964][760]LogModuleManager: Shutting down and abandoning module MacTargetPlatform (75)
[2018.03.06-18.42.11:964][760]LogModuleManager: Shutting down and abandoning module MacServerTargetPlatform (73)
[2018.03.06-18.42.11:965][760]LogModuleManager: Shutting down and abandoning module MacNoEditorTargetPlatform (71)
[2018.03.06-18.42.11:965][760]LogModuleManager: Shutting down and abandoning module MacClientTargetPlatform (69)
[2018.03.06-18.42.11:965][760]LogModuleManager: Shutting down and abandoning module AllDesktopTargetPlatform (67)
[2018.03.06-18.42.11:965][760]LogModuleManager: Shutting down and abandoning module InputCore (64)
[2018.03.06-18.42.11:965][760]LogModuleManager: Shutting down and abandoning module Settings (62)
[2018.03.06-18.42.11:965][760]LogModuleManager: Shutting down and abandoning module PhysXCooking (60)
[2018.03.06-18.42.11:965][760]LogModuleManager: Shutting down and abandoning module SteamVR (58)
[2018.03.06-18.42.11:965][760]LogModuleManager: Shutting down and abandoning module OculusHMD (56)
[2018.03.06-18.42.11:965][760]LogModuleManager: Shutting down and abandoning module ExampleDeviceProfileSelector (54)
[2018.03.06-18.42.11:965][760]LogModuleManager: Shutting down and abandoning module AppleARKit (52)
[2018.03.06-18.42.11:965][760]LogModuleManager: Shutting down and abandoning module AugmentedReality (51)
[2018.03.06-18.42.11:965][760]LogModuleManager: Shutting down and abandoning module OnlineBlueprintSupport (48)
[2018.03.06-18.42.11:965][760]LogModuleManager: Shutting down and abandoning module OnlineSubsystem (44)
[2018.03.06-18.42.11:965][760]LogModuleManager: Shutting down and abandoning module XMPP (43)
[2018.03.06-18.42.11:965][760]LogModuleManager: Shutting down and abandoning module HTTP (41)
[2018.03.06-18.42.11:965][760]LogHttp: Display: Http module shutting down, but needs to wait on 1 outstanding Http requests:
[2018.03.06-18.42.11:965][760]LogHttp: Display: 	verb=[POST] url=[https://datarouter.ol.epicgames.com/datarouter/api/v1/public/data?SessionID=%7BA6E2B6F6-485C-5BEE-B025-B6BE912764F8%7D&AppID=UEEditor.Rocket.Release&AppVersion=4.18.3-3832480%2B%2B%2BUE4%2BRelease-4.18&UserID=1716449542d6b509f39843a71e4bae07%7C1baec983b97f4796bacc8ff667cbe195%7Cbb5ab3e9-97b2-4d17-97ec-caaca043106f&AppEnvironment=datacollector-binary&UploadType=eteventstream] status=Processing
[2018.03.06-18.42.12:000][760]LogModuleManager: Shutting down and abandoning module SSL (40)
[2018.03.06-18.42.12:002][760]LogModuleManager: Shutting down and abandoning module AnimationModifiers (36)
[2018.03.06-18.42.12:002][760]LogModuleManager: Shutting down and abandoning module PropertyEditor (35)
[2018.03.06-18.42.12:002][760]LogModuleManager: Shutting down and abandoning module AudioEditor (32)
[2018.03.06-18.42.12:002][760]LogModuleManager: Shutting down and abandoning module TextureCompressor (30)
[2018.03.06-18.42.12:003][760]LogModuleManager: Shutting down and abandoning module ShaderCore (28)
[2018.03.06-18.42.12:003][760]LogModuleManager: Shutting down and abandoning module Landscape (26)
[2018.03.06-18.42.12:003][760]LogModuleManager: Shutting down and abandoning module SlateRHIRenderer (24)
[2018.03.06-18.42.12:018][760]LogModuleManager: Shutting down and abandoning module OpenGLDrv (22)
[2018.03.06-18.42.12:018][760]LogModuleManager: Shutting down and abandoning module D3D11RHI (20)
[2018.03.06-18.42.12:018][760]LogModuleManager: Shutting down and abandoning module AnimGraphRuntime (18)
[2018.03.06-18.42.12:018][760]LogModuleManager: Shutting down and abandoning module Renderer (16)
[2018.03.06-18.42.12:018][760]LogModuleManager: Shutting down and abandoning module Engine (14)
[2018.03.06-18.42.12:018][760]LogModuleManager: Shutting down and abandoning module CoreUObject (12)
[2018.03.06-18.42.12:018][760]LogModuleManager: Shutting down and abandoning module NetworkFile (10)
[2018.03.06-18.42.12:018][760]LogModuleManager: Shutting down and abandoning module CookedIterativeFile (8)
[2018.03.06-18.42.12:018][760]LogModuleManager: Shutting down and abandoning module StreamingFile (6)
[2018.03.06-18.42.12:018][760]LogModuleManager: Shutting down and abandoning module SandboxFile (4)
[2018.03.06-18.42.12:018][760]LogModuleManager: Shutting down and abandoning module PakFile (2)
[2018.03.06-18.42.12:024][760]LogExit: Exiting.
[2018.03.06-18.42.12:043][760]Log file closed, 03/06/18 12:42:12
